Init telemetry success
[789 : 884 INFO]BOOTFW VERSION: 1.05.20210426

[322263.290000] I2C0: Resetting the controller
Init telemetry success
Stopping Bootlogo Daemon.
Bootlogo: Switch to VGA
[322304.950000] UsbConfigureHS(): USB Device 0 is running in High Speed
[322304.950000] UsbConfigureHS(): USB Device 1 is running in High Speed
[322304.950000] UsbConfigureHS(): USB Device 2 is running in High Speed
[322304.950000] UsbConfigureLS(): USB Device 3 is running in Low Speed
[322305.070000] HUB port 0 reset
[322305.070000] UsbConfigureHS(): USB Device 0 is running in High Speed
[322305.140000] HUB port 1 reset
[322305.140000] UsbConfigureHS(): USB Device 1 is running in High Speed
[322305.210000] HUB port 2 reset
[322305.210000] UsbConfigureHS(): USB Device 2 is running in High Speed
[322305.270000] HUB port 3 reset
[322305.270000] UsbConfigureLS(): USB Device 3 is running in Low Speed
[322307.980000] **************REMOTE_NDIS_RESET_MSG ???**************
[322307.990000] **************REMOTE_NDIS_HALT_MSG ???**************
[322308.010000] **************REMOTE_NDIS_HALT_MSG ???**************
[322308.030000] **************REMOTE_NDIS_RESET_MSG ???**************
[322308.040000] **************REMOTE_NDIS_HALT_MSG ???**************
[789 : 872 CRITICAL][nwcfg.c:6359]No data while scanning /proc/net/arp 

[789 : 872 CRITICAL][nwcfg.c:6391]No default entry in gateway info.

[322340.810000] **************REMOTE_NDIS_HALT_MSG ???**************
[322358.340000] UsbConfigureHS(): USB Device 0 is running in High Speed
[322358.340000] UsbConfigureHS(): USB Device 1 is running in High Speed
[322358.340000] UsbConfigureHS(): USB Device 2 is running in High Speed
[322358.340000] UsbConfigureLS(): USB Device 3 is running in Low Speed
[322358.620000] HUB port 0 reset
[322358.620000] UsbConfigureHS(): USB Device 0 is running in High Speed
[322358.750000] HUB port 0 reset
[322358.750000] UsbConfigureHS(): USB Device 0 is running in High Speed
[322358.940000] HUB port 1 reset
[322358.940000] UsbConfigureHS(): USB Device 1 is running in High Speed
[322359.050000] HUB port 1 reset
[322359.050000] UsbConfigureHS(): USB Device 1 is running in High Speed
[322359.270000] HUB port 2 reset
[322359.270000] UsbConfigureHS(): USB Device 2 is running in High Speed
[322359.390000] HUB port 2 reset
[322359.390000] UsbConfigureHS(): USB Device 2 is running in High Speed
[322359.570000] HUB port 3 reset
[322359.570000] UsbConfigureLS(): USB Device 3 is running in Low Speed
[322359.680000] HUB port 3 reset
[322359.680000] UsbConfigureLS(): USB Device 3 is running in Low Speed
[322367.430000] ProcessStandardRequest(): WARNING : Unsupported Request. EP Stalled
[322367.430000] ProcessStandardRequest(): WARNING : bmRequestType: 0x1 bmRequest: 0xb
[322368.090000] UsbWriteDataNonBlock():Previous Write Pending for Dev 2 Ep 3
[322368.090000] UsbWriteDataNonBlock():TxData=0x0 DataLen=0x12f DataPos=0x12f Zero=0 Ready=0
[322368.190000] UsbWriteDataNonBlock():Previous Write Pending for Dev 2 Ep 3
[322368.190000] UsbWriteDataNonBlock():TxData=0x0 DataLen=0x12f DataPos=0x12f Zero=0 Ready=0
[322368.290000] UsbWriteDataNonBlock():Previous Write Pending for Dev 2 Ep 3
[322368.290000] UsbWriteDataNonBlock():TxData=0x0 DataLen=0x138 DataPos=0x138 Zero=0 Ready=0
[322368.390000] UsbWriteDataNonBlock():Previous Write Pending for Dev 2 Ep 3
[322368.390000] UsbWriteDataNonBlock():TxData=0x0 DataLen=0x138 DataPos=0x138 Zero=0 Ready=0
[322368.490000] UsbWriteDataNonBlock():Previous Write Pending for Dev 2 Ep 3
[322368.490000] UsbWriteDataNonBlock():TxData=0x0 DataLen=0x161 DataPos=0x161 Zero=0 Ready=0
[322369.680000]  [KERNCRITICAL] [/home/buildsw/gitlab-runner/builds/LAF7NV5m/0/AmpereComputing/firmware/scripts/amp-build-scripts/amp-ami-bmc/workspace/Build/.build/eth-6.9.0.0.0-src/data/ether.c:382]EthNetTxHandler() : no packets
