NOTICE:  DRAM FW version 210312
CP: 0ff00900
MEMC param:
  bg_scrub = 00000000 [default: 000005a0]
MCU param:
  ecc_en = 00000000 [default: 00000001]
MCU plat param:
  phy_ca_ctrl_slv_dly = 00e800e8 [default: 00c000c0]
DRAM populated DIMMs:
  SK0 MC0 S0: RDIMM[2c:80] 16GB 2666 ECC 2R x8 RCD[b3:04] 18ASF2G72PDZ-2G6E1  
  SK0 MC0 S1: RDIMM[2c:80] 16GB 2666 ECC 2R x8 RCD[b3:04] 18ASF2G72PDZ-2G6E1  
  SK0 MC1 S0: RDIMM[2c:80] 16GB 2666 ECC 2R x8 RCD[b3:04] 18ASF2G72PDZ-2G6E1  
  SK0 MC1 S1: RDIMM[2c:80] 16GB 2666 ECC 2R x8 RCD[b3:04] 18ASF2G72PDZ-2G6E1  
  SK0 MC2 S0: RDIMM[2c:80] 16GB 2666 ECC 2R x8 RCD[b3:04] 18ASF2G72PDZ-2G6E1  
  SK0 MC2 S1: RDIMM[2c:80] 16GB 2666 ECC 2R x8 RCD[b3:04] 18ASF2G72PDZ-2G6E1  
  SK0 MC3 S0: RDIMM[2c:80] 16GB 2666 ECC 2R x8 RCD[b3:04] 18ASF2G72PDZ-2G6E1  
  SK0 MC3 S1: RDIMM[2c:80] 16GB 2666 ECC 2R x8 RCD[b3:80] 18ASF2G72PDZ-2G6E1  
  SK0 MC4 S0: RDIMM[2c:80] 16GB 2666 ECC 2R x8 RCD[b3:04] 18ASF2G72PDZ-2G6E1  
  SK0 MC4 S1: RDIMM[2c:80] 16GB 2666 ECC 2R x8 RCD[b3:04] 18ASF2G72PDZ-2G6E1  
  SK0 MC5 S0: RDIMM[2c:80] 16GB 2666 ECC 2R x8 RCD[b3:04] 18ASF2G72PDZ-2G6E1  
  SK0 MC5 S1: RDIMM[2c:80] 16GB 2666 ECC 2R x8 RCD[b3:04] 18ASF2G72PDZ-2G6E1  
  SK0 MC6 S0: RDIMM[2c:80] 16GB 2666 ECC 2R x8 RCD[b3:04] 18ASF2G72PDZ-2G6E1  
  SK0 MC6 S1: RDIMM[2c:80] 16GB 2666 ECC 2R x8 RCD[b3:04] 18ASF2G72PDZ-2G6E1  
  SK0 MC7 S0: RDIMM[2c:80] 16GB 2666 ECC 2R x8 RCD[b3:04] 18ASF2G72PDZ-2G6E1  
  SK0 MC7 S1: RDIMM[2c:80] 16GB 2666 ECC 2R x8 RCD[b3:80] 18ASF2G72PDZ-2G6E1  
CP: 3ff00100
CP: 3ff00200
CP: 00f01902
CP: 01f01902
CP: 02f01902
CP: 03f01902
CP: 04f01902
CP: 05f01902
CP: 06f01902
CP: 07f01902
CP: 0ff00a00
CP: 0ff00b01
CP: 00f01901
CP: 01f01901
CP: 02f01901
CP: 03f01901
CP: 04f01901
CP: 05f01901
CP: 06f01901
CP: 07f01901
CP: 00f01904
CP: 01f01904
CP: 02f01904
CP: 03f01904
CP: 04f01904
CP: 05f01904
CP: 06f01904
CP: 07f01904
CP: 00f02901
CP: 00f01905
CP: 00f02902
CP: 00f02903
CP: 00f02904
CP: 01f02901
CP: 01f01905
CP: 01f02902
CP: 01f02903
CP: 01f02904
CP: 02f02901
CP: 02f01905
CP: 02f02902
CP: 02f02903
CP: 02f02904
CP: 03f02901
CP: 03f01905
CP: 03f02902
CP: 03f02903
CP: 03f02904
CP: 04f02901
CP: 04f01905
CP: 04f02902
CP: 04f02903
CP: 04f02904
CP: 05f02901
CP: 05f01905
CP: 05f02902
CP: 05f02903
CP: 05f02904
CP: 06f02901
CP: 06f01905
CP: 06f02902
CP: 06f02903
CP: 06f02904
CP: 07f02901
CP: 07f01905
CP: 07f02902
CP: 07f02903
CP: 07f02904
CP: 00f01907
CP: 00f01906
CP: 00f01908
CP: 00f01909
CP: 01f01907
CP: 01f01906
CP: 01f01908
CP: 01f01909
CP: 02f01907
CP: 02f01906
CP: 02f01908
CP: 02f01909
CP: 03f01907
CP: 03f01906
CP: 03f01908
CP: 03f01909
CP: 04f01907
CP: 04f01906
CP: 04f01908
CP: 04f01909
CP: 05f01907
CP: 05f01906
CP: 05f01908
CP: 05f01909
CP: 06f01907
CP: 06f01906
CP: 06f01908
CP: 06f01909
CP: 07f01907
CP: 07f01906
CP: 07f01908
CP: 07f01909
CP: 0ff00b02
CP: 0ff00c00
CP: 3ff00300
CP: 00001a02
CP: 01001a02
CP: 02001a02
CP: 03001a02
CP: 04001a02
CP: 05001a02
CP: 06001a02
CP: 07001a02
CP: 00001a03
CP: 01001a03
CP: 02001a03
CP: 03001a03
CP: 04001a03
CP: 05001a03
CP: 06001a03
CP: 07001a03
CP: 00001a04
CP: 01001a04
CP: 02001a04
CP: 03001a04
CP: 04001a04
CP: 05001a04
CP: 06001a04
CP: 07001a04
CP: 00101a02
CP: 01101a02
CP: 02101a02
CP: 03101a02
CP: 04101a02
CP: 05101a02
CP: 06101a02
CP: 07101a02
CP: 00101a03
CP: 01101a03
CP: 02101a03
CP: 03101a03
CP: 04101a03
CP: 05101a03
CP: 06101a03
CP: 07101a03
CP: 00101a04
CP: 01101a04
CP: 02101a04
CP: 03101a04
CP: 04101a04
CP: 05101a04
CP: 06101a04
CP: 07101a04
CP: 00201a02
CP: 01201a02
CP: 02201a02
CP: 03201a02
CP: 04201a02
CP: 05201a02
CP: 06201a02
CP: 07201a02
CP: 00201a03
CP: 01201a03
CP: 02201a03
CP: 03201a03
CP: 04201a03
CP: 05201a03
CP: 06201a03
CP: 07201a03
CP: 00201a04
CP: 01201a04
CP: 02201a04
CP: 03201a04
CP: 04201a04
CP: 05201a04
CP: 06201a04
CP: 07201a04
CP: 00301a02
CP: 01301a02
CP: 02301a02
CP: 03301a02
CP: 04301a02
CP: 05301a02
CP: 06301a02
CP: 07301a02
CP: 00301a03
CP: 01301a03
CP: 02301a03
CP: 03301a03
CP: 04301a03
CP: 05301a03
CP: 06301a03
CP: 07301a03
CP: 00301a04
CP: 01301a04
CP: 02301a04
CP: 03301a04
CP: 04301a04
CP: 05301a04
CP: 06301a04
CP: 07301a04
CP: 00001a05
CP: 01001a05
CP: 02001a05
CP: 03001a05
CP: 04001a05
CP: 05001a05
CP: 06001a05
CP: 07001a05
CP: 00101a05
CP: 01101a05
CP: 02101a05
CP: 03101a05
CP: 04101a05
CP: 05101a05
CP: 06101a05
CP: 07101a05
CP: 00201a05
CP: 01201a05
CP: 02201a05
CP: 03201a05
CP: 04201a05
CP: 06201a05
CP: 05201a05
CP: 00301a05
CP: 07201a05
CP: 01301a05
CP: 02301a05
CP: 06301a05
CP: 03301a05
CP: 04301a05
CP: 05301a05
CP: 00f01a07
CP: 00001a09
CP: 07301a05
CP: 02f01a07
CP: 01f01a07
CP: 02001a09
CP: 01001a09
CP: 06f01a07
CP: 06001a09
CP: 04f01a07
CP: 05f01a07
CP: 03f01a07
CP: 04001a09
CP: 05001a09
CP: 07f01a07
CP: 03001a09
CP: 07001a09
CP: 01101a09
CP: 05101a09
CP: 00101a09
CP: 02101a09
CP: 04101a09
CP: 03101a09
CP: 06101a09
CP: 07101a09
CP: 01201a09
CP: 05201a09
CP: 00201a09
CP: 02201a09
CP: 04201a09
CP: 06201a09
CP: 03201a09
CP: 07201a09
CP: 01301a09
CP: 05301a09
CP: 00301a09
CP: 02301a09
CP: 04301a09
CP: 06301a09
CP: 07301a09
CP: 03301a09
CP: 01001a0a
CP: 05001a0a
CP: 02001a0a
CP: 00001a0a
CP: 03001a0a
CP: 06001a0a
CP: 04001a0a
CP: 07001a0a
CP: 01201a0a
CP: 05201a0a
CP: 03201a0a
CP: 02201a0a
CP: 07201a0a
CP: 00201a0a
CP: 04201a0a
CP: 06201a0a
CP: 01001a0b
CP: 01001a0c
CP: 05001a0b
CP: 07001a0b
CP: 03001a0b
CP: 01001a0c
CP: 05001a0c
CP: 03001a0c
CP: 07001a0c
CP: 01101a0b
CP: 05001a0c
CP: 01101a0c
CP: 07001a0c
CP: 03001a0c
CP: 00001a0b
CP: 05101a0b
CP: 07101a0b
CP: 03101a0b
CP: 01101a0c
CP: 00001a0c
CP: 05101a0c
CP: 07101a0c
CP: 03101a0c
CP: 01201a0b
CP: 00001a0c
CP: 05101a0c
CP: 07101a0c
CP: 03101a0c
CP: 01201a0c
CP: 02001a0b
CP: 00101a0b
CP: 05201a0b
CP: 07201a0b
CP: 03201a0b
CP: 02001a0c
CP: 00101a0c
CP: 01201a0c
CP: 04001a0b
CP: 05201a0c
CP: 07201a0c
CP: 03201a0c
CP: 02001a0c
CP: 01301a0b
CP: 04001a0c
CP: 06001a0b
CP: 00101a0c
CP: 05201a0c
CP: 07201a0c
CP: 06001a0c
CP: 03201a0c
CP: 01301a0c
CP: 02101a0b
CP: 00201a0b
CP: 04001a0c
CP: 05301a0b
CP: 07301a0b
CP: 02101a0c
CP: 03301a0b
CP: 06001a0c
CP: 00201a0c
CP: 05301a0c
CP: 04101a0b
CP: 07301a0c
CP: 01301a0c
CP: 03301a0c
CP: 02101a0c
CP: 06101a0b
CP: 04101a0c
CP: 00201a0c
CP: 06101a0c
CP: 05301a0c
CP: 07301a0c
CP: 02201a0b
CP: 03301a0c
CP: 04101a0c
CP: 00301a0b
CP: 02201a0c
CP: 06101a0c
CP: 04201a0b
CP: 00301a0c
CP: 06201a0b
CP: 02201a0c
CP: 04201a0c
CP: 06201a0c
CP: 00301a0c
CP: 02301a0b
CP: 04201a0c
CP: 02301a0c
CP: 06201a0c
CP: 04301a0b
CP: 06301a0b
CP: 02301a0c
CP: 04301a0c
CP: 06301a0c
CP: 04301a0c
CP: 06301a0c
CP: 3ff00400
CP: 0ff01000
CP: 0ff01101
CP: 0ff01200
CP: 3ff00800
DRAM memory regions:
  Node[0] Region[0]: 0x000080000000 - 0x0000bfffffff 
  Node[0] Region[1]: 0x080000000000 - 0x08007fffffff 
  Node[0] Region[2]: 0x0800c0000000 - 0x083fffffffff 
DRAM: 256GB DDR4 2666 NO ECC
Start PLATFORM tool mode ...
Platform Mem Tool mode!
RDRISE-PHY_VREF 2D Eye
EYE PLOTTING MODE
X-param:		RDRISE
Y-param:		PHY_VREF
X-left:			-80
X-right:		80
Vref top:		 0x18
Vref bot:		-0x18
X-step:			4
Y-step:			2
Socket:			0x00
MCU mask:		0x00ff
Rank mask:		0x000000ff
Slice mask:		0x1ff
Bit mask:		0x0ff
Test size:		0x3800000
Start address:		0x80000000000
Threads:		28
MCU0 RDRISE saved leveling:
 Target Rank0:
  Slice0:
   Bit0: 0x6c   Bit1: 0x70   Bit2: 0x74   Bit3: 0x6c
   Bit4: 0x80   Bit5: 0x80   Bit6: 0x78   Bit7: 0x7c
  Slice1:
   Bit0: 0x70   Bit1: 0x78   Bit2: 0x78   Bit3: 0x7c
   Bit4: 0x74   Bit5: 0x80   Bit6: 0x80   Bit7: 0x80
  Slice2:
   Bit0: 0x74   Bit1: 0x7c   Bit2: 0x74   Bit3: 0x70
   Bit4: 0x78   Bit5: 0x78   Bit6: 0x7c   Bit7: 0x7c
  Slice3:
   Bit0: 0x74   Bit1: 0x84   Bit2: 0x84   Bit3: 0x7c
   Bit4: 0x7c   Bit5: 0x88   Bit6: 0x84   Bit7: 0x80
  Slice4:
   Bit0: 0x74   Bit1: 0x74   Bit2: 0x84   Bit3: 0x74
   Bit4: 0x98   Bit5: 0x78   Bit6: 0x80   Bit7: 0x78
  Slice5:
   Bit0: 0x80   Bit1: 0x80   Bit2: 0x88   Bit3: 0x80
   Bit4: 0x84   Bit5: 0x80   Bit6: 0x90   Bit7: 0x80
  Slice6:
   Bit0: 0x74   Bit1: 0x6c   Bit2: 0x80   Bit3: 0x78
   Bit4: 0x80   Bit5: 0x7c   Bit6: 0x88   Bit7: 0x7c
  Slice7:
   Bit0: 0x70   Bit1: 0x74   Bit2: 0x78   Bit3: 0x78
   Bit4: 0x74   Bit5: 0x74   Bit6: 0x74   Bit7: 0x78
  Slice8:
   Bit0: 0x0   Bit1: 0x78   Bit2: 0x78   Bit3: 0x78
   Bit4: 0x78   Bit5: 0x78   Bit6: 0x78   Bit7: 0x78

 Target Rank1:
  Slice0:
   Bit0: 0x70   Bit1: 0x78   Bit2: 0x70   Bit3: 0x6c
   Bit4: 0x84   Bit5: 0x84   Bit6: 0x74   Bit7: 0x74
  Slice1:
   Bit0: 0x74   Bit1: 0x78   Bit2: 0x70   Bit3: 0x78
   Bit4: 0x7c   Bit5: 0x80   Bit6: 0x80   Bit7: 0x7c
  Slice2:
   Bit0: 0x78   Bit1: 0x80   Bit2: 0x74   Bit3: 0x6c
   Bit4: 0x84   Bit5: 0x7c   Bit6: 0x7c   Bit7: 0x78
  Slice3:
   Bit0: 0x84   Bit1: 0x8c   Bit2: 0x88   Bit3: 0x7c
   Bit4: 0x88   Bit5: 0x90   Bit6: 0x88   Bit7: 0x7c
  Slice4:
   Bit0: 0x78   Bit1: 0x74   Bit2: 0x80   Bit3: 0x74
   Bit4: 0x9c   Bit5: 0x80   Bit6: 0x80   Bit7: 0x74
  Slice5:
   Bit0: 0x84   Bit1: 0x80   Bit2: 0x80   Bit3: 0x78
   Bit4: 0x88   Bit5: 0x84   Bit6: 0x84   Bit7: 0x74
  Slice6:
   Bit0: 0x78   Bit1: 0x74   Bit2: 0x84   Bit3: 0x7c
   Bit4: 0x88   Bit5: 0x80   Bit6: 0x84   Bit7: 0x74
  Slice7:
   Bit0: 0x78   Bit1: 0x78   Bit2: 0x74   Bit3: 0x74
   Bit4: 0x7c   Bit5: 0x7c   Bit6: 0x70   Bit7: 0x70
  Slice8:
   Bit0: 0x0   Bit1: 0x70   Bit2: 0x70   Bit3: 0x70
   Bit4: 0x70   Bit5: 0x70   Bit6: 0x70   Bit7: 0x70

 Target Rank2:
  Slice0:
   Bit0: 0x7c   Bit1: 0x84   Bit2: 0x88   Bit3: 0x7c
   Bit4: 0x88   Bit5: 0x8c   Bit6: 0x88   Bit7: 0x88
  Slice1:
   Bit0: 0x7c   Bit1: 0x84   Bit2: 0x80   Bit3: 0x84
   Bit4: 0x80   Bit5: 0x88   Bit6: 0x8c   Bit7: 0x8c
  Slice2:
   Bit0: 0x88   Bit1: 0x8c   Bit2: 0x8c   Bit3: 0x84
   Bit4: 0x90   Bit5: 0x94   Bit6: 0x98   Bit7: 0x94
  Slice3:
   Bit0: 0x88   Bit1: 0x94   Bit2: 0x94   Bit3: 0x8c
   Bit4: 0x8c   Bit5: 0x94   Bit6: 0x98   Bit7: 0x90
  Slice4:
   Bit0: 0x88   Bit1: 0x84   Bit2: 0x90   Bit3: 0x88
   Bit4: 0xa0   Bit5: 0x88   Bit6: 0x94   Bit7: 0x88
  Slice5:
   Bit0: 0x8c   Bit1: 0x88   Bit2: 0x90   Bit3: 0x84
   Bit4: 0x8c   Bit5: 0x88   Bit6: 0x94   Bit7: 0x84
  Slice6:
   Bit0: 0x84   Bit1: 0x7c   Bit2: 0x94   Bit3: 0x8c
   Bit4: 0x90   Bit5: 0x88   Bit6: 0x98   Bit7: 0x8c
  Slice7:
   Bit0: 0x80   Bit1: 0x80   Bit2: 0x8c   Bit3: 0x88
   Bit4: 0x88   Bit5: 0x80   Bit6: 0x84   Bit7: 0x84
  Slice8:
   Bit0: 0x0   Bit1: 0x84   Bit2: 0x84   Bit3: 0x84
   Bit4: 0x84   Bit5: 0x84   Bit6: 0x84   Bit7: 0x84

 Target Rank3:
  Slice0:
   Bit0: 0x80   Bit1: 0x88   Bit2: 0x84   Bit3: 0x7c
   Bit4: 0x8c   Bit5: 0x94   Bit6: 0x84   Bit7: 0x84
  Slice1:
   Bit0: 0x84   Bit1: 0x8c   Bit2: 0x80   Bit3: 0x84
   Bit4: 0x8c   Bit5: 0x90   Bit6: 0x8c   Bit7: 0x88
  Slice2:
   Bit0: 0x8c   Bit1: 0x8c   Bit2: 0x84   Bit3: 0x84
   Bit4: 0x94   Bit5: 0x94   Bit6: 0x90   Bit7: 0x8c
  Slice3:
   Bit0: 0x8c   Bit1: 0x98   Bit2: 0x90   Bit3: 0x88
   Bit4: 0x94   Bit5: 0x9c   Bit6: 0x90   Bit7: 0x88
  Slice4:
   Bit0: 0x88   Bit1: 0x84   Bit2: 0x8c   Bit3: 0x84
   Bit4: 0xa4   Bit5: 0x88   Bit6: 0x90   Bit7: 0x80
  Slice5:
   Bit0: 0x94   Bit1: 0x90   Bit2: 0x90   Bit3: 0x84
   Bit4: 0x94   Bit5: 0x90   Bit6: 0x98   Bit7: 0x84
  Slice6:
   Bit0: 0x88   Bit1: 0x84   Bit2: 0x94   Bit3: 0x88
   Bit4: 0xa0   Bit5: 0x90   Bit6: 0x98   Bit7: 0x88
  Slice7:
   Bit0: 0x80   Bit1: 0x84   Bit2: 0x84   Bit3: 0x80
   Bit4: 0x88   Bit5: 0x84   Bit6: 0x80   Bit7: 0x7c
  Slice8:
   Bit0: 0x0   Bit1: 0x7c   Bit2: 0x7c   Bit3: 0x7c
   Bit4: 0x7c   Bit5: 0x7c   Bit6: 0x7c   Bit7: 0x7c


MCU1 RDRISE saved leveling:
 Target Rank0:
  Slice0:
   Bit0: 0x68   Bit1: 0x70   Bit2: 0x80   Bit3: 0x78
   Bit4: 0x7c   Bit5: 0x88   Bit6: 0x7c   Bit7: 0x78
  Slice1:
   Bit0: 0x74   Bit1: 0x78   Bit2: 0x80   Bit3: 0x7c
   Bit4: 0x74   Bit5: 0x80   Bit6: 0x84   Bit7: 0x78
  Slice2:
   Bit0: 0x78   Bit1: 0x7c   Bit2: 0x70   Bit3: 0x74
   Bit4: 0x7c   Bit5: 0x7c   Bit6: 0x80   Bit7: 0x84
  Slice3:
   Bit0: 0x68   Bit1: 0x78   Bit2: 0x78   Bit3: 0x74
   Bit4: 0x74   Bit5: 0x7c   Bit6: 0x7c   Bit7: 0x78
  Slice4:
   Bit0: 0x70   Bit1: 0x6c   Bit2: 0x7c   Bit3: 0x70
   Bit4: 0x88   Bit5: 0x6c   Bit6: 0x7c   Bit7: 0x70
  Slice5:
   Bit0: 0x7c   Bit1: 0x74   Bit2: 0x80   Bit3: 0x78
   Bit4: 0x84   Bit5: 0x80   Bit6: 0x84   Bit7: 0x80
  Slice6:
   Bit0: 0x80   Bit1: 0x7c   Bit2: 0x88   Bit3: 0x84
   Bit4: 0x8c   Bit5: 0x8c   Bit6: 0x8c   Bit7: 0x88
  Slice7:
   Bit0: 0x78   Bit1: 0x7c   Bit2: 0x80   Bit3: 0x84
   Bit4: 0x7c   Bit5: 0x84   Bit6: 0x7c   Bit7: 0x80
  Slice8:
   Bit0: 0x0   Bit1: 0x80   Bit2: 0x80   Bit3: 0x80
   Bit4: 0x80   Bit5: 0x80   Bit6: 0x80   Bit7: 0x80

 Target Rank1:
  Slice0:
   Bit0: 0x70   Bit1: 0x7c   Bit2: 0x80   Bit3: 0x7c
   Bit4: 0x88   Bit5: 0x90   Bit6: 0x7c   Bit7: 0x78
  Slice1:
   Bit0: 0x78   Bit1: 0x7c   Bit2: 0x7c   Bit3: 0x78
   Bit4: 0x7c   Bit5: 0x7c   Bit6: 0x80   Bit7: 0x70
  Slice2:
   Bit0: 0x7c   Bit1: 0x80   Bit2: 0x70   Bit3: 0x74
   Bit4: 0x88   Bit5: 0x7c   Bit6: 0x80   Bit7: 0x7c
  Slice3:
   Bit0: 0x6c   Bit1: 0x7c   Bit2: 0x70   Bit3: 0x74
   Bit4: 0x78   Bit5: 0x7c   Bit6: 0x80   Bit7: 0x74
  Slice4:
   Bit0: 0x78   Bit1: 0x74   Bit2: 0x78   Bit3: 0x70
   Bit4: 0x94   Bit5: 0x74   Bit6: 0x80   Bit7: 0x6c
  Slice5:
   Bit0: 0x80   Bit1: 0x7c   Bit2: 0x80   Bit3: 0x78
   Bit4: 0x90   Bit5: 0x88   Bit6: 0x88   Bit7: 0x78
  Slice6:
   Bit0: 0x80   Bit1: 0x7c   Bit2: 0x80   Bit3: 0x80
   Bit4: 0x90   Bit5: 0x90   Bit6: 0x8c   Bit7: 0x7c
  Slice7:
   Bit0: 0x7c   Bit1: 0x7c   Bit2: 0x80   Bit3: 0x7c
   Bit4: 0x84   Bit5: 0x84   Bit6: 0x78   Bit7: 0x74
  Slice8:
   Bit0: 0x0   Bit1: 0x74   Bit2: 0x74   Bit3: 0x74
   Bit4: 0x74   Bit5: 0x74   Bit6: 0x74   Bit7: 0x74

 Target Rank2:
  Slice0:
   Bit0: 0x78   Bit1: 0x80   Bit2: 0x90   Bit3: 0x88
   Bit4: 0x8c   Bit5: 0x94   Bit6: 0x88   Bit7: 0x88
  Slice1:
   Bit0: 0x7c   Bit1: 0x80   Bit2: 0x88   Bit3: 0x88
   Bit4: 0x80   Bit5: 0x84   Bit6: 0x90   Bit7: 0x80
  Slice2:
   Bit0: 0x8c   Bit1: 0x8c   Bit2: 0x84   Bit3: 0x88
   Bit4: 0x90   Bit5: 0x8c   Bit6: 0x98   Bit7: 0x94
  Slice3:
   Bit0: 0x80   Bit1: 0x90   Bit2: 0x8c   Bit3: 0x8c
   Bit4: 0x88   Bit5: 0x90   Bit6: 0x94   Bit7: 0x8c
  Slice4:
   Bit0: 0x7c   Bit1: 0x7c   Bit2: 0x88   Bit3: 0x80
   Bit4: 0x98   Bit5: 0x80   Bit6: 0x8c   Bit7: 0x7c
  Slice5:
   Bit0: 0x8c   Bit1: 0x88   Bit2: 0x90   Bit3: 0x88
   Bit4: 0x94   Bit5: 0x8c   Bit6: 0x94   Bit7: 0x88
  Slice6:
   Bit0: 0x8c   Bit1: 0x88   Bit2: 0x94   Bit3: 0x94
   Bit4: 0x94   Bit5: 0x94   Bit6: 0x9c   Bit7: 0x90
  Slice7:
   Bit0: 0x84   Bit1: 0x88   Bit2: 0x8c   Bit3: 0x90
   Bit4: 0x8c   Bit5: 0x98   Bit6: 0x90   Bit7: 0x90
  Slice8:
   Bit0: 0x0   Bit1: 0x90   Bit2: 0x90   Bit3: 0x90
   Bit4: 0x90   Bit5: 0x90   Bit6: 0x90   Bit7: 0x90

 Target Rank3:
  Slice0:
   Bit0: 0x7c   Bit1: 0x80   Bit2: 0x8c   Bit3: 0x84
   Bit4: 0x94   Bit5: 0x94   Bit6: 0x88   Bit7: 0x80
  Slice1:
   Bit0: 0x80   Bit1: 0x88   Bit2: 0x84   Bit3: 0x84
   Bit4: 0x8c   Bit5: 0x8c   Bit6: 0x8c   Bit7: 0x80
  Slice2:
   Bit0: 0x8c   Bit1: 0x90   Bit2: 0x80   Bit3: 0x80
   Bit4: 0x94   Bit5: 0x90   Bit6: 0x94   Bit7: 0x8c
  Slice3:
   Bit0: 0x80   Bit1: 0x8c   Bit2: 0x88   Bit3: 0x88
   Bit4: 0x90   Bit5: 0x94   Bit6: 0x90   Bit7: 0x84
  Slice4:
   Bit0: 0x84   Bit1: 0x80   Bit2: 0x88   Bit3: 0x80
   Bit4: 0x9c   Bit5: 0x84   Bit6: 0x88   Bit7: 0x78
  Slice5:
   Bit0: 0x88   Bit1: 0x84   Bit2: 0x88   Bit3: 0x80
   Bit4: 0x98   Bit5: 0x8c   Bit6: 0x90   Bit7: 0x7c
  Slice6:
   Bit0: 0x90   Bit1: 0x8c   Bit2: 0x90   Bit3: 0x90
   Bit4: 0x98   Bit5: 0x98   Bit6: 0x98   Bit7: 0x88
  Slice7:
   Bit0: 0x84   Bit1: 0x88   Bit2: 0x88   Bit3: 0x88
   Bit4: 0x90   Bit5: 0x90   Bit6: 0x84   Bit7: 0x88
  Slice8:
   Bit0: 0x0   Bit1: 0x88   Bit2: 0x88   Bit3: 0x88
   Bit4: 0x88   Bit5: 0x88   Bit6: 0x88   Bit7: 0x88


MCU2 RDRISE saved leveling:
 Target Rank0:
  Slice0:
   Bit0: 0x78   Bit1: 0x7c   Bit2: 0x80   Bit3: 0x78
   Bit4: 0x80   Bit5: 0x84   Bit6: 0x80   Bit7: 0x80
  Slice1:
   Bit0: 0x6c   Bit1: 0x78   Bit2: 0x74   Bit3: 0x78
   Bit4: 0x74   Bit5: 0x7c   Bit6: 0x80   Bit7: 0x80
  Slice2:
   Bit0: 0x78   Bit1: 0x74   Bit2: 0x78   Bit3: 0x70
   Bit4: 0x78   Bit5: 0x78   Bit6: 0x80   Bit7: 0x80
  Slice3:
   Bit0: 0x70   Bit1: 0x78   Bit2: 0x80   Bit3: 0x78
   Bit4: 0x78   Bit5: 0x7c   Bit6: 0x7c   Bit7: 0x78
  Slice4:
   Bit0: 0x68   Bit1: 0x68   Bit2: 0x64   Bit3: 0x64
   Bit4: 0x7c   Bit5: 0x6c   Bit6: 0x6c   Bit7: 0x6c
  Slice5:
   Bit0: 0x6c   Bit1: 0x70   Bit2: 0x7c   Bit3: 0x6c
   Bit4: 0x74   Bit5: 0x70   Bit6: 0x74   Bit7: 0x6c
  Slice6:
   Bit0: 0x6c   Bit1: 0x68   Bit2: 0x78   Bit3: 0x74
   Bit4: 0x7c   Bit5: 0x7c   Bit6: 0x80   Bit7: 0x78
  Slice7:
   Bit0: 0x70   Bit1: 0x74   Bit2: 0x7c   Bit3: 0x70
   Bit4: 0x7c   Bit5: 0x7c   Bit6: 0x80   Bit7: 0x78
  Slice8:
   Bit0: 0x0   Bit1: 0x78   Bit2: 0x78   Bit3: 0x78
   Bit4: 0x78   Bit5: 0x78   Bit6: 0x78   Bit7: 0x78

 Target Rank1:
  Slice0:
   Bit0: 0x74   Bit1: 0x7c   Bit2: 0x74   Bit3: 0x70
   Bit4: 0x80   Bit5: 0x84   Bit6: 0x74   Bit7: 0x74
  Slice1:
   Bit0: 0x70   Bit1: 0x78   Bit2: 0x74   Bit3: 0x78
   Bit4: 0x78   Bit5: 0x80   Bit6: 0x78   Bit7: 0x74
  Slice2:
   Bit0: 0x78   Bit1: 0x78   Bit2: 0x74   Bit3: 0x70
   Bit4: 0x80   Bit5: 0x7c   Bit6: 0x78   Bit7: 0x7c
  Slice3:
   Bit0: 0x74   Bit1: 0x7c   Bit2: 0x78   Bit3: 0x78
   Bit4: 0x78   Bit5: 0x80   Bit6: 0x74   Bit7: 0x70
  Slice4:
   Bit0: 0x6c   Bit1: 0x6c   Bit2: 0x64   Bit3: 0x68
   Bit4: 0x88   Bit5: 0x74   Bit6: 0x6c   Bit7: 0x64
  Slice5:
   Bit0: 0x74   Bit1: 0x78   Bit2: 0x74   Bit3: 0x6c
   Bit4: 0x7c   Bit5: 0x78   Bit6: 0x70   Bit7: 0x64
  Slice6:
   Bit0: 0x70   Bit1: 0x70   Bit2: 0x74   Bit3: 0x70
   Bit4: 0x84   Bit5: 0x84   Bit6: 0x7c   Bit7: 0x70
  Slice7:
   Bit0: 0x74   Bit1: 0x7c   Bit2: 0x7c   Bit3: 0x74
   Bit4: 0x84   Bit5: 0x84   Bit6: 0x7c   Bit7: 0x74
  Slice8:
   Bit0: 0x0   Bit1: 0x74   Bit2: 0x74   Bit3: 0x74
   Bit4: 0x74   Bit5: 0x74   Bit6: 0x74   Bit7: 0x74

 Target Rank2:
  Slice0:
   Bit0: 0x84   Bit1: 0x88   Bit2: 0x90   Bit3: 0x88
   Bit4: 0x94   Bit5: 0x98   Bit6: 0x90   Bit7: 0x90
  Slice1:
   Bit0: 0x7c   Bit1: 0x8c   Bit2: 0x84   Bit3: 0x88
   Bit4: 0x88   Bit5: 0x90   Bit6: 0x90   Bit7: 0x8c
  Slice2:
   Bit0: 0x84   Bit1: 0x84   Bit2: 0x88   Bit3: 0x80
   Bit4: 0x88   Bit5: 0x84   Bit6: 0x90   Bit7: 0x90
  Slice3:
   Bit0: 0x84   Bit1: 0x88   Bit2: 0x90   Bit3: 0x90
   Bit4: 0x88   Bit5: 0x8c   Bit6: 0x90   Bit7: 0x90
  Slice4:
   Bit0: 0x7c   Bit1: 0x7c   Bit2: 0x7c   Bit3: 0x7c
   Bit4: 0x8c   Bit5: 0x7c   Bit6: 0x80   Bit7: 0x7c
  Slice5:
   Bit0: 0x80   Bit1: 0x84   Bit2: 0x8c   Bit3: 0x80
   Bit4: 0x88   Bit5: 0x84   Bit6: 0x88   Bit7: 0x78
  Slice6:
   Bit0: 0x7c   Bit1: 0x7c   Bit2: 0x8c   Bit3: 0x88
   Bit4: 0x88   Bit5: 0x8c   Bit6: 0x8c   Bit7: 0x88
  Slice7:
   Bit0: 0x80   Bit1: 0x88   Bit2: 0x90   Bit3: 0x88
   Bit4: 0x8c   Bit5: 0x90   Bit6: 0x90   Bit7: 0x88
  Slice8:
   Bit0: 0x0   Bit1: 0x88   Bit2: 0x88   Bit3: 0x88
   Bit4: 0x88   Bit5: 0x88   Bit6: 0x88   Bit7: 0x88

 Target Rank3:
  Slice0:
   Bit0: 0x8c   Bit1: 0x90   Bit2: 0x90   Bit3: 0x88
   Bit4: 0x9c   Bit5: 0xa0   Bit6: 0x8c   Bit7: 0x8c
  Slice1:
   Bit0: 0x84   Bit1: 0x90   Bit2: 0x88   Bit3: 0x84
   Bit4: 0x8c   Bit5: 0x94   Bit6: 0x8c   Bit7: 0x88
  Slice2:
   Bit0: 0x88   Bit1: 0x90   Bit2: 0x84   Bit3: 0x84
   Bit4: 0x90   Bit5: 0x88   Bit6: 0x88   Bit7: 0x88
  Slice3:
   Bit0: 0x84   Bit1: 0x8c   Bit2: 0x88   Bit3: 0x88
   Bit4: 0x8c   Bit5: 0x94   Bit6: 0x90   Bit7: 0x84
  Slice4:
   Bit0: 0x84   Bit1: 0x80   Bit2: 0x78   Bit3: 0x74
   Bit4: 0x98   Bit5: 0x88   Bit6: 0x7c   Bit7: 0x78
  Slice5:
   Bit0: 0x7c   Bit1: 0x84   Bit2: 0x80   Bit3: 0x78
   Bit4: 0x84   Bit5: 0x80   Bit6: 0x7c   Bit7: 0x70
  Slice6:
   Bit0: 0x80   Bit1: 0x84   Bit2: 0x88   Bit3: 0x88
   Bit4: 0x90   Bit5: 0x90   Bit6: 0x88   Bit7: 0x80
  Slice7:
   Bit0: 0x80   Bit1: 0x88   Bit2: 0x8c   Bit3: 0x80
   Bit4: 0x94   Bit5: 0x90   Bit6: 0x8c   Bit7: 0x80
  Slice8:
   Bit0: 0x0   Bit1: 0x80   Bit2: 0x80   Bit3: 0x80
   Bit4: 0x80   Bit5: 0x80   Bit6: 0x80   Bit7: 0x80


MCU3 RDRISE saved leveling:
 Target Rank0:
  Slice0:
   Bit0: 0x60   Bit1: 0x68   Bit2: 0x6c   Bit3: 0x64
   Bit4: 0x68   Bit5: 0x70   Bit6: 0x74   Bit7: 0x6c
  Slice1:
   Bit0: 0x6c   Bit1: 0x6c   Bit2: 0x6c   Bit3: 0x74
   Bit4: 0x70   Bit5: 0x78   Bit6: 0x78   Bit7: 0x70
  Slice2:
   Bit0: 0x70   Bit1: 0x70   Bit2: 0x70   Bit3: 0x6c
   Bit4: 0x78   Bit5: 0x70   Bit6: 0x78   Bit7: 0x78
  Slice3:
   Bit0: 0x7c   Bit1: 0x84   Bit2: 0x84   Bit3: 0x80
   Bit4: 0x80   Bit5: 0x80   Bit6: 0x88   Bit7: 0x80
  Slice4:
   Bit0: 0x70   Bit1: 0x6c   Bit2: 0x74   Bit3: 0x70
   Bit4: 0x80   Bit5: 0x78   Bit6: 0x7c   Bit7: 0x78
  Slice5:
   Bit0: 0x68   Bit1: 0x6c   Bit2: 0x74   Bit3: 0x70
   Bit4: 0x70   Bit5: 0x74   Bit6: 0x74   Bit7: 0x74
  Slice6:
   Bit0: 0x6c   Bit1: 0x6c   Bit2: 0x78   Bit3: 0x74
   Bit4: 0x74   Bit5: 0x78   Bit6: 0x84   Bit7: 0x7c
  Slice7:
   Bit0: 0x70   Bit1: 0x78   Bit2: 0x80   Bit3: 0x78
   Bit4: 0x7c   Bit5: 0x7c   Bit6: 0x80   Bit7: 0x7c
  Slice8:
   Bit0: 0x0   Bit1: 0x7c   Bit2: 0x7c   Bit3: 0x7c
   Bit4: 0x7c   Bit5: 0x7c   Bit6: 0x7c   Bit7: 0x7c

 Target Rank1:
  Slice0:
   Bit0: 0x6c   Bit1: 0x70   Bit2: 0x70   Bit3: 0x68
   Bit4: 0x78   Bit5: 0x80   Bit6: 0x78   Bit7: 0x70
  Slice1:
   Bit0: 0x74   Bit1: 0x7c   Bit2: 0x70   Bit3: 0x74
   Bit4: 0x80   Bit5: 0x80   Bit6: 0x74   Bit7: 0x74
  Slice2:
   Bit0: 0x74   Bit1: 0x78   Bit2: 0x70   Bit3: 0x6c
   Bit4: 0x80   Bit5: 0x78   Bit6: 0x78   Bit7: 0x74
  Slice3:
   Bit0: 0x7c   Bit1: 0x80   Bit2: 0x80   Bit3: 0x7c
   Bit4: 0x88   Bit5: 0x88   Bit6: 0x84   Bit7: 0x78
  Slice4:
   Bit0: 0x70   Bit1: 0x74   Bit2: 0x74   Bit3: 0x6c
   Bit4: 0x88   Bit5: 0x7c   Bit6: 0x78   Bit7: 0x74
  Slice5:
   Bit0: 0x70   Bit1: 0x74   Bit2: 0x78   Bit3: 0x74
   Bit4: 0x7c   Bit5: 0x78   Bit6: 0x6c   Bit7: 0x6c
  Slice6:
   Bit0: 0x6c   Bit1: 0x70   Bit2: 0x74   Bit3: 0x6c
   Bit4: 0x78   Bit5: 0x78   Bit6: 0x74   Bit7: 0x70
  Slice7:
   Bit0: 0x78   Bit1: 0x80   Bit2: 0x7c   Bit3: 0x78
   Bit4: 0x84   Bit5: 0x84   Bit6: 0x7c   Bit7: 0x78
  Slice8:
   Bit0: 0x0   Bit1: 0x78   Bit2: 0x78   Bit3: 0x78
   Bit4: 0x78   Bit5: 0x78   Bit6: 0x78   Bit7: 0x78

 Target Rank2:
  Slice0:
   Bit0: 0x78   Bit1: 0x7c   Bit2: 0x88   Bit3: 0x84
   Bit4: 0x80   Bit5: 0x88   Bit6: 0x8c   Bit7: 0x8c
  Slice1:
   Bit0: 0x78   Bit1: 0x84   Bit2: 0x84   Bit3: 0x88
   Bit4: 0x80   Bit5: 0x84   Bit6: 0x88   Bit7: 0x80
  Slice2:
   Bit0: 0x7c   Bit1: 0x80   Bit2: 0x80   Bit3: 0x7c
   Bit4: 0x84   Bit5: 0x84   Bit6: 0x8c   Bit7: 0x8c
  Slice3:
   Bit0: 0x84   Bit1: 0x8c   Bit2: 0x90   Bit3: 0x8c
   Bit4: 0x8c   Bit5: 0x90   Bit6: 0x94   Bit7: 0x8c
  Slice4:
   Bit0: 0x84   Bit1: 0x84   Bit2: 0x88   Bit3: 0x84
   Bit4: 0x94   Bit5: 0x8c   Bit6: 0x8c   Bit7: 0x8c
  Slice5:
   Bit0: 0x7c   Bit1: 0x7c   Bit2: 0x88   Bit3: 0x80
   Bit4: 0x84   Bit5: 0x80   Bit6: 0x84   Bit7: 0x80
  Slice6:
   Bit0: 0x78   Bit1: 0x7c   Bit2: 0x88   Bit3: 0x80
   Bit4: 0x88   Bit5: 0x88   Bit6: 0x90   Bit7: 0x8c
  Slice7:
   Bit0: 0x80   Bit1: 0x88   Bit2: 0x8c   Bit3: 0x88
   Bit4: 0x88   Bit5: 0x90   Bit6: 0x8c   Bit7: 0x88
  Slice8:
   Bit0: 0x0   Bit1: 0x88   Bit2: 0x88   Bit3: 0x88
   Bit4: 0x88   Bit5: 0x88   Bit6: 0x88   Bit7: 0x88

 Target Rank3:
  Slice0:
   Bit0: 0x7c   Bit1: 0x84   Bit2: 0x84   Bit3: 0x7c
   Bit4: 0x84   Bit5: 0x8c   Bit6: 0x84   Bit7: 0x80
  Slice1:
   Bit0: 0x7c   Bit1: 0x88   Bit2: 0x7c   Bit3: 0x88
   Bit4: 0x84   Bit5: 0x88   Bit6: 0x84   Bit7: 0x78
  Slice2:
   Bit0: 0x80   Bit1: 0x88   Bit2: 0x7c   Bit3: 0x78
   Bit4: 0x8c   Bit5: 0x8c   Bit6: 0x84   Bit7: 0x88
  Slice3:
   Bit0: 0x8c   Bit1: 0x90   Bit2: 0x90   Bit3: 0x8c
   Bit4: 0x94   Bit5: 0x94   Bit6: 0x94   Bit7: 0x8c
  Slice4:
   Bit0: 0x88   Bit1: 0x84   Bit2: 0x84   Bit3: 0x80
   Bit4: 0x94   Bit5: 0x88   Bit6: 0x8c   Bit7: 0x84
  Slice5:
   Bit0: 0x80   Bit1: 0x84   Bit2: 0x88   Bit3: 0x80
   Bit4: 0x88   Bit5: 0x84   Bit6: 0x7c   Bit7: 0x78
  Slice6:
   Bit0: 0x80   Bit1: 0x80   Bit2: 0x88   Bit3: 0x80
   Bit4: 0x8c   Bit5: 0x8c   Bit6: 0x90   Bit7: 0x88
  Slice7:
   Bit0: 0x88   Bit1: 0x90   Bit2: 0x8c   Bit3: 0x8c
   Bit4: 0x94   Bit5: 0x94   Bit6: 0x8c   Bit7: 0x88
  Slice8:
   Bit0: 0x0   Bit1: 0x88   Bit2: 0x88   Bit3: 0x88
   Bit4: 0x88   Bit5: 0x88   Bit6: 0x88   Bit7: 0x88


MCU4 RDRISE saved leveling:
 Target Rank0:
  Slice0:
   Bit0: 0x70   Bit1: 0x74   Bit2: 0x80   Bit3: 0x74
   Bit4: 0x80   Bit5: 0x80   Bit6: 0x80   Bit7: 0x80
  Slice1:
   Bit0: 0x74   Bit1: 0x70   Bit2: 0x80   Bit3: 0x80
   Bit4: 0x7c   Bit5: 0x7c   Bit6: 0x84   Bit7: 0x84
  Slice2:
   Bit0: 0x70   Bit1: 0x80   Bit2: 0x80   Bit3: 0x70
   Bit4: 0x88   Bit5: 0x8c   Bit6: 0x84   Bit7: 0x88
  Slice3:
   Bit0: 0x74   Bit1: 0x7c   Bit2: 0x80   Bit3: 0x88
   Bit4: 0x78   Bit5: 0x7c   Bit6: 0x88   Bit7: 0x88
  Slice4:
   Bit0: 0x74   Bit1: 0x78   Bit2: 0x80   Bit3: 0x70
   Bit4: 0x90   Bit5: 0x78   Bit6: 0x80   Bit7: 0x7c
  Slice5:
   Bit0: 0x74   Bit1: 0x70   Bit2: 0x7c   Bit3: 0x78
   Bit4: 0x78   Bit5: 0x78   Bit6: 0x7c   Bit7: 0x80
  Slice6:
   Bit0: 0x70   Bit1: 0x70   Bit2: 0x88   Bit3: 0x80
   Bit4: 0x80   Bit5: 0x84   Bit6: 0x8c   Bit7: 0x80
  Slice7:
   Bit0: 0x74   Bit1: 0x74   Bit2: 0x80   Bit3: 0x74
   Bit4: 0x7c   Bit5: 0x74   Bit6: 0x7c   Bit7: 0x74
  Slice8:
   Bit0: 0x0   Bit1: 0x74   Bit2: 0x74   Bit3: 0x74
   Bit4: 0x74   Bit5: 0x74   Bit6: 0x74   Bit7: 0x74

 Target Rank1:
  Slice0:
   Bit0: 0x74   Bit1: 0x78   Bit2: 0x78   Bit3: 0x74
   Bit4: 0x84   Bit5: 0x84   Bit6: 0x74   Bit7: 0x74
  Slice1:
   Bit0: 0x78   Bit1: 0x78   Bit2: 0x7c   Bit3: 0x7c
   Bit4: 0x84   Bit5: 0x84   Bit6: 0x80   Bit7: 0x7c
  Slice2:
   Bit0: 0x7c   Bit1: 0x88   Bit2: 0x78   Bit3: 0x70
   Bit4: 0x90   Bit5: 0x90   Bit6: 0x80   Bit7: 0x84
  Slice3:
   Bit0: 0x7c   Bit1: 0x84   Bit2: 0x80   Bit3: 0x88
   Bit4: 0x88   Bit5: 0x84   Bit6: 0x84   Bit7: 0x84
  Slice4:
   Bit0: 0x7c   Bit1: 0x80   Bit2: 0x80   Bit3: 0x70
   Bit4: 0x9c   Bit5: 0x80   Bit6: 0x80   Bit7: 0x6c
  Slice5:
   Bit0: 0x7c   Bit1: 0x78   Bit2: 0x7c   Bit3: 0x78
   Bit4: 0x88   Bit5: 0x80   Bit6: 0x7c   Bit7: 0x7c
  Slice6:
   Bit0: 0x7c   Bit1: 0x7c   Bit2: 0x84   Bit3: 0x78
   Bit4: 0x8c   Bit5: 0x8c   Bit6: 0x8c   Bit7: 0x80
  Slice7:
   Bit0: 0x80   Bit1: 0x7c   Bit2: 0x7c   Bit3: 0x74
   Bit4: 0x84   Bit5: 0x7c   Bit6: 0x7c   Bit7: 0x6c
  Slice8:
   Bit0: 0x0   Bit1: 0x6c   Bit2: 0x6c   Bit3: 0x6c
   Bit4: 0x6c   Bit5: 0x6c   Bit6: 0x6c   Bit7: 0x6c

 Target Rank2:
  Slice0:
   Bit0: 0x80   Bit1: 0x80   Bit2: 0x88   Bit3: 0x80
   Bit4: 0x84   Bit5: 0x84   Bit6: 0x88   Bit7: 0x88
  Slice1:
   Bit0: 0x84   Bit1: 0x84   Bit2: 0x90   Bit3: 0x98
   Bit4: 0x8c   Bit5: 0x90   Bit6: 0x9c   Bit7: 0x98
  Slice2:
   Bit0: 0x80   Bit1: 0x94   Bit2: 0x88   Bit3: 0x84
   Bit4: 0x94   Bit5: 0x98   Bit6: 0x98   Bit7: 0x9c
  Slice3:
   Bit0: 0x88   Bit1: 0x98   Bit2: 0x90   Bit3: 0x9c
   Bit4: 0x90   Bit5: 0x90   Bit6: 0x9c   Bit7: 0xa0
  Slice4:
   Bit0: 0x84   Bit1: 0x84   Bit2: 0x8c   Bit3: 0x84
   Bit4: 0xa0   Bit5: 0x90   Bit6: 0x94   Bit7: 0x8c
  Slice5:
   Bit0: 0x84   Bit1: 0x80   Bit2: 0x88   Bit3: 0x84
   Bit4: 0x84   Bit5: 0x84   Bit6: 0x88   Bit7: 0x90
  Slice6:
   Bit0: 0x80   Bit1: 0x84   Bit2: 0x94   Bit3: 0x90
   Bit4: 0x90   Bit5: 0x94   Bit6: 0xa0   Bit7: 0x98
  Slice7:
   Bit0: 0x84   Bit1: 0x84   Bit2: 0x8c   Bit3: 0x84
   Bit4: 0x8c   Bit5: 0x84   Bit6: 0x94   Bit7: 0x88
  Slice8:
   Bit0: 0x0   Bit1: 0x88   Bit2: 0x88   Bit3: 0x88
   Bit4: 0x88   Bit5: 0x88   Bit6: 0x88   Bit7: 0x88

 Target Rank3:
  Slice0:
   Bit0: 0x84   Bit1: 0x88   Bit2: 0x8c   Bit3: 0x84
   Bit4: 0x8c   Bit5: 0x8c   Bit6: 0x84   Bit7: 0x84
  Slice1:
   Bit0: 0x8c   Bit1: 0x90   Bit2: 0x94   Bit3: 0x98
   Bit4: 0x98   Bit5: 0x94   Bit6: 0x9c   Bit7: 0x94
  Slice2:
   Bit0: 0x84   Bit1: 0x98   Bit2: 0x84   Bit3: 0x7c
   Bit4: 0x98   Bit5: 0xa0   Bit6: 0x90   Bit7: 0x94
  Slice3:
   Bit0: 0x90   Bit1: 0x98   Bit2: 0x90   Bit3: 0x98
   Bit4: 0x98   Bit5: 0x94   Bit6: 0x98   Bit7: 0x90
  Slice4:
   Bit0: 0x84   Bit1: 0x88   Bit2: 0x88   Bit3: 0x80
   Bit4: 0xa4   Bit5: 0x90   Bit6: 0x88   Bit7: 0x84
  Slice5:
   Bit0: 0x88   Bit1: 0x88   Bit2: 0x8c   Bit3: 0x84
   Bit4: 0x94   Bit5: 0x90   Bit6: 0x8c   Bit7: 0x88
  Slice6:
   Bit0: 0x84   Bit1: 0x88   Bit2: 0x90   Bit3: 0x88
   Bit4: 0x98   Bit5: 0x98   Bit6: 0x9c   Bit7: 0x8c
  Slice7:
   Bit0: 0x88   Bit1: 0x8c   Bit2: 0x8c   Bit3: 0x80
   Bit4: 0x94   Bit5: 0x8c   Bit6: 0x90   Bit7: 0x84
  Slice8:
   Bit0: 0x0   Bit1: 0x84   Bit2: 0x84   Bit3: 0x84
   Bit4: 0x84   Bit5: 0x84   Bit6: 0x84   Bit7: 0x84


MCU5 RDRISE saved leveling:
 Target Rank0:
  Slice0:
   Bit0: 0x7c   Bit1: 0x84   Bit2: 0x88   Bit3: 0x80
   Bit4: 0x84   Bit5: 0x88   Bit6: 0x84   Bit7: 0x84
  Slice1:
   Bit0: 0x78   Bit1: 0x7c   Bit2: 0x80   Bit3: 0x88
   Bit4: 0x7c   Bit5: 0x7c   Bit6: 0x84   Bit7: 0x84
  Slice2:
   Bit0: 0x68   Bit1: 0x78   Bit2: 0x70   Bit3: 0x6c
   Bit4: 0x74   Bit5: 0x78   Bit6: 0x7c   Bit7: 0x7c
  Slice3:
   Bit0: 0x74   Bit1: 0x7c   Bit2: 0x84   Bit3: 0x88
   Bit4: 0x80   Bit5: 0x80   Bit6: 0x88   Bit7: 0x88
  Slice4:
   Bit0: 0x70   Bit1: 0x78   Bit2: 0x80   Bit3: 0x74
   Bit4: 0x90   Bit5: 0x7c   Bit6: 0x7c   Bit7: 0x7c
  Slice5:
   Bit0: 0x7c   Bit1: 0x74   Bit2: 0x80   Bit3: 0x7c
   Bit4: 0x84   Bit5: 0x84   Bit6: 0x7c   Bit7: 0x80
  Slice6:
   Bit0: 0x70   Bit1: 0x78   Bit2: 0x84   Bit3: 0x80
   Bit4: 0x84   Bit5: 0x84   Bit6: 0x88   Bit7: 0x80
  Slice7:
   Bit0: 0x7c   Bit1: 0x7c   Bit2: 0x84   Bit3: 0x7c
   Bit4: 0x84   Bit5: 0x7c   Bit6: 0x88   Bit7: 0x7c
  Slice8:
   Bit0: 0x0   Bit1: 0x7c   Bit2: 0x7c   Bit3: 0x7c
   Bit4: 0x7c   Bit5: 0x7c   Bit6: 0x7c   Bit7: 0x7c

 Target Rank1:
  Slice0:
   Bit0: 0x74   Bit1: 0x7c   Bit2: 0x80   Bit3: 0x78
   Bit4: 0x88   Bit5: 0x88   Bit6: 0x7c   Bit7: 0x78
  Slice1:
   Bit0: 0x78   Bit1: 0x7c   Bit2: 0x78   Bit3: 0x7c
   Bit4: 0x80   Bit5: 0x7c   Bit6: 0x7c   Bit7: 0x78
  Slice2:
   Bit0: 0x74   Bit1: 0x78   Bit2: 0x70   Bit3: 0x6c
   Bit4: 0x7c   Bit5: 0x7c   Bit6: 0x7c   Bit7: 0x74
  Slice3:
   Bit0: 0x7c   Bit1: 0x88   Bit2: 0x80   Bit3: 0x84
   Bit4: 0x88   Bit5: 0x8c   Bit6: 0x84   Bit7: 0x84
  Slice4:
   Bit0: 0x6c   Bit1: 0x74   Bit2: 0x78   Bit3: 0x70
   Bit4: 0x90   Bit5: 0x78   Bit6: 0x74   Bit7: 0x6c
  Slice5:
   Bit0: 0x7c   Bit1: 0x78   Bit2: 0x80   Bit3: 0x70
   Bit4: 0x88   Bit5: 0x84   Bit6: 0x7c   Bit7: 0x78
  Slice6:
   Bit0: 0x74   Bit1: 0x74   Bit2: 0x84   Bit3: 0x78
   Bit4: 0x88   Bit5: 0x84   Bit6: 0x84   Bit7: 0x78
  Slice7:
   Bit0: 0x7c   Bit1: 0x80   Bit2: 0x84   Bit3: 0x78
   Bit4: 0x8c   Bit5: 0x84   Bit6: 0x84   Bit7: 0x74
  Slice8:
   Bit0: 0x0   Bit1: 0x74   Bit2: 0x74   Bit3: 0x74
   Bit4: 0x74   Bit5: 0x74   Bit6: 0x74   Bit7: 0x74

 Target Rank2:
  Slice0:
   Bit0: 0x7c   Bit1: 0x84   Bit2: 0x8c   Bit3: 0x80
   Bit4: 0x88   Bit5: 0x88   Bit6: 0x88   Bit7: 0x88
  Slice1:
   Bit0: 0x7c   Bit1: 0x88   Bit2: 0x84   Bit3: 0x8c
   Bit4: 0x84   Bit5: 0x84   Bit6: 0x90   Bit7: 0x90
  Slice2:
   Bit0: 0x7c   Bit1: 0x88   Bit2: 0x80   Bit3: 0x7c
   Bit4: 0x84   Bit5: 0x88   Bit6: 0x8c   Bit7: 0x8c
  Slice3:
   Bit0: 0x88   Bit1: 0x8c   Bit2: 0x90   Bit3: 0x98
   Bit4: 0x90   Bit5: 0x90   Bit6: 0x94   Bit7: 0x98
  Slice4:
   Bit0: 0x78   Bit1: 0x7c   Bit2: 0x88   Bit3: 0x80
   Bit4: 0x98   Bit5: 0x7c   Bit6: 0x80   Bit7: 0x80
  Slice5:
   Bit0: 0x80   Bit1: 0x80   Bit2: 0x8c   Bit3: 0x84
   Bit4: 0x88   Bit5: 0x88   Bit6: 0x84   Bit7: 0x8c
  Slice6:
   Bit0: 0x7c   Bit1: 0x80   Bit2: 0x8c   Bit3: 0x84
   Bit4: 0x8c   Bit5: 0x88   Bit6: 0x90   Bit7: 0x88
  Slice7:
   Bit0: 0x80   Bit1: 0x84   Bit2: 0x94   Bit3: 0x84
   Bit4: 0x8c   Bit5: 0x8c   Bit6: 0x98   Bit7: 0x84
  Slice8:
   Bit0: 0x0   Bit1: 0x84   Bit2: 0x84   Bit3: 0x84
   Bit4: 0x84   Bit5: 0x84   Bit6: 0x84   Bit7: 0x84

 Target Rank3:
  Slice0:
   Bit0: 0x80   Bit1: 0x84   Bit2: 0x88   Bit3: 0x80
   Bit4: 0x8c   Bit5: 0x90   Bit6: 0x84   Bit7: 0x80
  Slice1:
   Bit0: 0x84   Bit1: 0x88   Bit2: 0x84   Bit3: 0x8c
   Bit4: 0x88   Bit5: 0x8c   Bit6: 0x90   Bit7: 0x8c
  Slice2:
   Bit0: 0x80   Bit1: 0x84   Bit2: 0x80   Bit3: 0x7c
   Bit4: 0x90   Bit5: 0x8c   Bit6: 0x8c   Bit7: 0x88
  Slice3:
   Bit0: 0x88   Bit1: 0x94   Bit2: 0x90   Bit3: 0x94
   Bit4: 0x98   Bit5: 0x9c   Bit6: 0x90   Bit7: 0x94
  Slice4:
   Bit0: 0x7c   Bit1: 0x84   Bit2: 0x88   Bit3: 0x80
   Bit4: 0x98   Bit5: 0x88   Bit6: 0x84   Bit7: 0x80
  Slice5:
   Bit0: 0x88   Bit1: 0x88   Bit2: 0x90   Bit3: 0x84
   Bit4: 0x90   Bit5: 0x90   Bit6: 0x88   Bit7: 0x84
  Slice6:
   Bit0: 0x80   Bit1: 0x84   Bit2: 0x8c   Bit3: 0x84
   Bit4: 0x98   Bit5: 0x90   Bit6: 0x90   Bit7: 0x88
  Slice7:
   Bit0: 0x90   Bit1: 0x90   Bit2: 0x90   Bit3: 0x88
   Bit4: 0x9c   Bit5: 0x94   Bit6: 0x98   Bit7: 0x88
  Slice8:
   Bit0: 0x0   Bit1: 0x88   Bit2: 0x88   Bit3: 0x88
   Bit4: 0x88   Bit5: 0x88   Bit6: 0x88   Bit7: 0x88


MCU6 RDRISE saved leveling:
 Target Rank0:
  Slice0:
   Bit0: 0x74   Bit1: 0x7c   Bit2: 0x84   Bit3: 0x7c
   Bit4: 0x78   Bit5: 0x84   Bit6: 0x84   Bit7: 0x84
  Slice1:
   Bit0: 0x74   Bit1: 0x78   Bit2: 0x78   Bit3: 0x84
   Bit4: 0x74   Bit5: 0x78   Bit6: 0x8c   Bit7: 0x84
  Slice2:
   Bit0: 0x6c   Bit1: 0x70   Bit2: 0x6c   Bit3: 0x6c
   Bit4: 0x78   Bit5: 0x78   Bit6: 0x7c   Bit7: 0x7c
  Slice3:
   Bit0: 0x74   Bit1: 0x7c   Bit2: 0x84   Bit3: 0x80
   Bit4: 0x78   Bit5: 0x84   Bit6: 0x7c   Bit7: 0x84
  Slice4:
   Bit0: 0x6c   Bit1: 0x70   Bit2: 0x70   Bit3: 0x68
   Bit4: 0x7c   Bit5: 0x74   Bit6: 0x7c   Bit7: 0x6c
  Slice5:
   Bit0: 0x6c   Bit1: 0x74   Bit2: 0x78   Bit3: 0x74
   Bit4: 0x78   Bit5: 0x74   Bit6: 0x70   Bit7: 0x74
  Slice6:
   Bit0: 0x60   Bit1: 0x68   Bit2: 0x7c   Bit3: 0x70
   Bit4: 0x74   Bit5: 0x74   Bit6: 0x80   Bit7: 0x74
  Slice7:
   Bit0: 0x74   Bit1: 0x74   Bit2: 0x80   Bit3: 0x70
   Bit4: 0x80   Bit5: 0x7c   Bit6: 0x80   Bit7: 0x78
  Slice8:
   Bit0: 0x0   Bit1: 0x78   Bit2: 0x78   Bit3: 0x78
   Bit4: 0x78   Bit5: 0x78   Bit6: 0x78   Bit7: 0x78

 Target Rank1:
  Slice0:
   Bit0: 0x78   Bit1: 0x7c   Bit2: 0x84   Bit3: 0x74
   Bit4: 0x84   Bit5: 0x88   Bit6: 0x84   Bit7: 0x7c
  Slice1:
   Bit0: 0x78   Bit1: 0x7c   Bit2: 0x74   Bit3: 0x7c
   Bit4: 0x80   Bit5: 0x7c   Bit6: 0x84   Bit7: 0x7c
  Slice2:
   Bit0: 0x74   Bit1: 0x78   Bit2: 0x6c   Bit3: 0x68
   Bit4: 0x84   Bit5: 0x80   Bit6: 0x78   Bit7: 0x78
  Slice3:
   Bit0: 0x78   Bit1: 0x80   Bit2: 0x80   Bit3: 0x80
   Bit4: 0x7c   Bit5: 0x84   Bit6: 0x7c   Bit7: 0x7c
  Slice4:
   Bit0: 0x70   Bit1: 0x74   Bit2: 0x6c   Bit3: 0x68
   Bit4: 0x80   Bit5: 0x78   Bit6: 0x74   Bit7: 0x68
  Slice5:
   Bit0: 0x6c   Bit1: 0x74   Bit2: 0x78   Bit3: 0x70
   Bit4: 0x80   Bit5: 0x7c   Bit6: 0x70   Bit7: 0x6c
  Slice6:
   Bit0: 0x6c   Bit1: 0x74   Bit2: 0x78   Bit3: 0x6c
   Bit4: 0x80   Bit5: 0x7c   Bit6: 0x78   Bit7: 0x70
  Slice7:
   Bit0: 0x7c   Bit1: 0x7c   Bit2: 0x84   Bit3: 0x70
   Bit4: 0x8c   Bit5: 0x84   Bit6: 0x84   Bit7: 0x7c
  Slice8:
   Bit0: 0x0   Bit1: 0x7c   Bit2: 0x7c   Bit3: 0x7c
   Bit4: 0x7c   Bit5: 0x7c   Bit6: 0x7c   Bit7: 0x7c

 Target Rank2:
  Slice0:
   Bit0: 0x80   Bit1: 0x88   Bit2: 0x94   Bit3: 0x88
   Bit4: 0x88   Bit5: 0x94   Bit6: 0x98   Bit7: 0x94
  Slice1:
   Bit0: 0x84   Bit1: 0x88   Bit2: 0x8c   Bit3: 0x94
   Bit4: 0x88   Bit5: 0x90   Bit6: 0x9c   Bit7: 0x98
  Slice2:
   Bit0: 0x80   Bit1: 0x84   Bit2: 0x80   Bit3: 0x7c
   Bit4: 0x88   Bit5: 0x88   Bit6: 0x8c   Bit7: 0x8c
  Slice3:
   Bit0: 0x84   Bit1: 0x88   Bit2: 0x8c   Bit3: 0x8c
   Bit4: 0x80   Bit5: 0x90   Bit6: 0x88   Bit7: 0x8c
  Slice4:
   Bit0: 0x78   Bit1: 0x80   Bit2: 0x80   Bit3: 0x7c
   Bit4: 0x88   Bit5: 0x88   Bit6: 0x90   Bit7: 0x80
  Slice5:
   Bit0: 0x78   Bit1: 0x80   Bit2: 0x88   Bit3: 0x80
   Bit4: 0x84   Bit5: 0x84   Bit6: 0x88   Bit7: 0x88
  Slice6:
   Bit0: 0x74   Bit1: 0x7c   Bit2: 0x84   Bit3: 0x80
   Bit4: 0x80   Bit5: 0x88   Bit6: 0x8c   Bit7: 0x84
  Slice7:
   Bit0: 0x80   Bit1: 0x84   Bit2: 0x90   Bit3: 0x7c
   Bit4: 0x88   Bit5: 0x88   Bit6: 0x8c   Bit7: 0x8c
  Slice8:
   Bit0: 0x0   Bit1: 0x8c   Bit2: 0x8c   Bit3: 0x8c
   Bit4: 0x8c   Bit5: 0x8c   Bit6: 0x8c   Bit7: 0x8c

 Target Rank3:
  Slice0:
   Bit0: 0x84   Bit1: 0x8c   Bit2: 0x8c   Bit3: 0x84
   Bit4: 0x90   Bit5: 0x98   Bit6: 0x8c   Bit7: 0x88
  Slice1:
   Bit0: 0x88   Bit1: 0x88   Bit2: 0x84   Bit3: 0x90
   Bit4: 0x90   Bit5: 0x90   Bit6: 0x98   Bit7: 0x90
  Slice2:
   Bit0: 0x84   Bit1: 0x84   Bit2: 0x78   Bit3: 0x78
   Bit4: 0x88   Bit5: 0x88   Bit6: 0x80   Bit7: 0x80
  Slice3:
   Bit0: 0x88   Bit1: 0x8c   Bit2: 0x88   Bit3: 0x88
   Bit4: 0x88   Bit5: 0x90   Bit6: 0x84   Bit7: 0x88
  Slice4:
   Bit0: 0x78   Bit1: 0x80   Bit2: 0x7c   Bit3: 0x74
   Bit4: 0x8c   Bit5: 0x84   Bit6: 0x84   Bit7: 0x78
  Slice5:
   Bit0: 0x80   Bit1: 0x88   Bit2: 0x88   Bit3: 0x80
   Bit4: 0x90   Bit5: 0x88   Bit6: 0x80   Bit7: 0x80
  Slice6:
   Bit0: 0x78   Bit1: 0x88   Bit2: 0x88   Bit3: 0x80
   Bit4: 0x8c   Bit5: 0x88   Bit6: 0x8c   Bit7: 0x80
  Slice7:
   Bit0: 0x88   Bit1: 0x88   Bit2: 0x90   Bit3: 0x7c
   Bit4: 0x90   Bit5: 0x90   Bit6: 0x8c   Bit7: 0x88
  Slice8:
   Bit0: 0x0   Bit1: 0x88   Bit2: 0x88   Bit3: 0x88
   Bit4: 0x88   Bit5: 0x88   Bit6: 0x88   Bit7: 0x88


MCU7 RDRISE saved leveling:
 Target Rank0:
  Slice0:
   Bit0: 0x60   Bit1: 0x64   Bit2: 0x68   Bit3: 0x60
   Bit4: 0x68   Bit5: 0x6c   Bit6: 0x68   Bit7: 0x68
  Slice1:
   Bit0: 0x64   Bit1: 0x6c   Bit2: 0x68   Bit3: 0x70
   Bit4: 0x6c   Bit5: 0x70   Bit6: 0x70   Bit7: 0x70
  Slice2:
   Bit0: 0x6c   Bit1: 0x6c   Bit2: 0x68   Bit3: 0x6c
   Bit4: 0x6c   Bit5: 0x70   Bit6: 0x74   Bit7: 0x70
  Slice3:
   Bit0: 0x70   Bit1: 0x80   Bit2: 0x84   Bit3: 0x84
   Bit4: 0x78   Bit5: 0x80   Bit6: 0x80   Bit7: 0x80
  Slice4:
   Bit0: 0x68   Bit1: 0x68   Bit2: 0x74   Bit3: 0x68
   Bit4: 0x74   Bit5: 0x74   Bit6: 0x7c   Bit7: 0x74
  Slice5:
   Bit0: 0x6c   Bit1: 0x6c   Bit2: 0x70   Bit3: 0x68
   Bit4: 0x6c   Bit5: 0x68   Bit6: 0x6c   Bit7: 0x6c
  Slice6:
   Bit0: 0x6c   Bit1: 0x64   Bit2: 0x7c   Bit3: 0x70
   Bit4: 0x70   Bit5: 0x78   Bit6: 0x78   Bit7: 0x70
  Slice7:
   Bit0: 0x70   Bit1: 0x70   Bit2: 0x74   Bit3: 0x74
   Bit4: 0x78   Bit5: 0x7c   Bit6: 0x74   Bit7: 0x70
  Slice8:
   Bit0: 0x0   Bit1: 0x70   Bit2: 0x70   Bit3: 0x70
   Bit4: 0x70   Bit5: 0x70   Bit6: 0x70   Bit7: 0x70

 Target Rank1:
  Slice0:
   Bit0: 0x60   Bit1: 0x68   Bit2: 0x64   Bit3: 0x5c
   Bit4: 0x70   Bit5: 0x6c   Bit6: 0x64   Bit7: 0x60
  Slice1:
   Bit0: 0x68   Bit1: 0x74   Bit2: 0x68   Bit3: 0x6c
   Bit4: 0x74   Bit5: 0x74   Bit6: 0x6c   Bit7: 0x68
  Slice2:
   Bit0: 0x70   Bit1: 0x70   Bit2: 0x68   Bit3: 0x68
   Bit4: 0x78   Bit5: 0x78   Bit6: 0x74   Bit7: 0x6c
  Slice3:
   Bit0: 0x74   Bit1: 0x80   Bit2: 0x7c   Bit3: 0x80
   Bit4: 0x80   Bit5: 0x7c   Bit6: 0x7c   Bit7: 0x74
  Slice4:
   Bit0: 0x6c   Bit1: 0x70   Bit2: 0x74   Bit3: 0x68
   Bit4: 0x7c   Bit5: 0x7c   Bit6: 0x78   Bit7: 0x70
  Slice5:
   Bit0: 0x68   Bit1: 0x64   Bit2: 0x68   Bit3: 0x60
   Bit4: 0x70   Bit5: 0x6c   Bit6: 0x64   Bit7: 0x64
  Slice6:
   Bit0: 0x70   Bit1: 0x70   Bit2: 0x78   Bit3: 0x6c
   Bit4: 0x84   Bit5: 0x84   Bit6: 0x7c   Bit7: 0x6c
  Slice7:
   Bit0: 0x74   Bit1: 0x78   Bit2: 0x74   Bit3: 0x70
   Bit4: 0x84   Bit5: 0x84   Bit6: 0x78   Bit7: 0x6c
  Slice8:
   Bit0: 0x0   Bit1: 0x6c   Bit2: 0x6c   Bit3: 0x6c
   Bit4: 0x6c   Bit5: 0x6c   Bit6: 0x6c   Bit7: 0x6c

 Target Rank2:
  Slice0:
   Bit0: 0x78   Bit1: 0x78   Bit2: 0x7c   Bit3: 0x7c
   Bit4: 0x84   Bit5: 0x88   Bit6: 0x84   Bit7: 0x80
  Slice1:
   Bit0: 0x74   Bit1: 0x84   Bit2: 0x84   Bit3: 0x84
   Bit4: 0x80   Bit5: 0x80   Bit6: 0x80   Bit7: 0x84
  Slice2:
   Bit0: 0x80   Bit1: 0x84   Bit2: 0x80   Bit3: 0x80
   Bit4: 0x84   Bit5: 0x84   Bit6: 0x88   Bit7: 0x88
  Slice3:
   Bit0: 0x84   Bit1: 0x90   Bit2: 0x90   Bit3: 0x94
   Bit4: 0x8c   Bit5: 0x94   Bit6: 0x94   Bit7: 0x90
  Slice4:
   Bit0: 0x7c   Bit1: 0x80   Bit2: 0x88   Bit3: 0x7c
   Bit4: 0x84   Bit5: 0x88   Bit6: 0x8c   Bit7: 0x8c
  Slice5:
   Bit0: 0x7c   Bit1: 0x74   Bit2: 0x84   Bit3: 0x78
   Bit4: 0x7c   Bit5: 0x80   Bit6: 0x7c   Bit7: 0x84
  Slice6:
   Bit0: 0x7c   Bit1: 0x78   Bit2: 0x90   Bit3: 0x84
   Bit4: 0x8c   Bit5: 0x8c   Bit6: 0x8c   Bit7: 0x88
  Slice7:
   Bit0: 0x80   Bit1: 0x80   Bit2: 0x88   Bit3: 0x80
   Bit4: 0x88   Bit5: 0x88   Bit6: 0x88   Bit7: 0x84
  Slice8:
   Bit0: 0x0   Bit1: 0x84   Bit2: 0x84   Bit3: 0x84
   Bit4: 0x84   Bit5: 0x84   Bit6: 0x84   Bit7: 0x84

 Target Rank3:
  Slice0:
   Bit0: 0x74   Bit1: 0x80   Bit2: 0x7c   Bit3: 0x74
   Bit4: 0x88   Bit5: 0x88   Bit6: 0x80   Bit7: 0x80
  Slice1:
   Bit0: 0x7c   Bit1: 0x84   Bit2: 0x80   Bit3: 0x80
   Bit4: 0x88   Bit5: 0x88   Bit6: 0x88   Bit7: 0x80
  Slice2:
   Bit0: 0x80   Bit1: 0x88   Bit2: 0x80   Bit3: 0x7c
   Bit4: 0x88   Bit5: 0x84   Bit6: 0x84   Bit7: 0x80
  Slice3:
   Bit0: 0x84   Bit1: 0x90   Bit2: 0x8c   Bit3: 0x90
   Bit4: 0x94   Bit5: 0x94   Bit6: 0x8c   Bit7: 0x88
  Slice4:
   Bit0: 0x7c   Bit1: 0x80   Bit2: 0x84   Bit3: 0x78
   Bit4: 0x88   Bit5: 0x88   Bit6: 0x88   Bit7: 0x80
  Slice5:
   Bit0: 0x80   Bit1: 0x78   Bit2: 0x80   Bit3: 0x78
   Bit4: 0x80   Bit5: 0x7c   Bit6: 0x74   Bit7: 0x74
  Slice6:
   Bit0: 0x80   Bit1: 0x80   Bit2: 0x8c   Bit3: 0x84
   Bit4: 0x90   Bit5: 0x8c   Bit6: 0x8c   Bit7: 0x88
  Slice7:
   Bit0: 0x88   Bit1: 0x88   Bit2: 0x88   Bit3: 0x80
   Bit4: 0x94   Bit5: 0x90   Bit6: 0x8c   Bit7: 0x80
  Slice8:
   Bit0: 0x0   Bit1: 0x80   Bit2: 0x80   Bit3: 0x80
   Bit4: 0x80   Bit5: 0x80   Bit6: 0x80   Bit7: 0x80


MCU0 PHY_VREF saved Vref:
 Target Rank0:
  Slice0:
   Nibble0: 0x5c   Nibble0: 0x5c
  Slice1:
   Nibble0: 0x5c   Nibble0: 0x5c
  Slice2:
   Nibble0: 0x5b   Nibble0: 0x5b
  Slice3:
   Nibble0: 0x5b   Nibble0: 0x5b
  Slice4:
   Nibble0: 0x5a   Nibble0: 0x5a
  Slice5:
   Nibble0: 0x58   Nibble0: 0x58
  Slice6:
   Nibble0: 0x5b   Nibble0: 0x5b
  Slice7:
   Nibble0: 0x5b   Nibble0: 0x5b
  Slice8:
   Nibble0: 0x5b   Nibble0: 0x5b

 Target Rank1:
  Slice0:
   Nibble0: 0x5c   Nibble0: 0x5c
  Slice1:
   Nibble0: 0x5c   Nibble0: 0x5c
  Slice2:
   Nibble0: 0x5b   Nibble0: 0x5b
  Slice3:
   Nibble0: 0x5b   Nibble0: 0x5b
  Slice4:
   Nibble0: 0x5a   Nibble0: 0x5a
  Slice5:
   Nibble0: 0x58   Nibble0: 0x58
  Slice6:
   Nibble0: 0x5b   Nibble0: 0x5b
  Slice7:
   Nibble0: 0x5b   Nibble0: 0x5b
  Slice8:
   Nibble0: 0x5b   Nibble0: 0x5b

 Target Rank2:
  Slice0:
   Nibble0: 0x5c   Nibble0: 0x5c
  Slice1:
   Nibble0: 0x5c   Nibble0: 0x5c
  Slice2:
   Nibble0: 0x5b   Nibble0: 0x5b
  Slice3:
   Nibble0: 0x5b   Nibble0: 0x5b
  Slice4:
   Nibble0: 0x5a   Nibble0: 0x5a
  Slice5:
   Nibble0: 0x58   Nibble0: 0x58
  Slice6:
   Nibble0: 0x5b   Nibble0: 0x5b
  Slice7:
   Nibble0: 0x5b   Nibble0: 0x5b
  Slice8:
   Nibble0: 0x5b   Nibble0: 0x5b

 Target Rank3:
  Slice0:
   Nibble0: 0x5c   Nibble0: 0x5c
  Slice1:
   Nibble0: 0x5c   Nibble0: 0x5c
  Slice2:
   Nibble0: 0x5b   Nibble0: 0x5b
  Slice3:
   Nibble0: 0x5b   Nibble0: 0x5b
  Slice4:
   Nibble0: 0x5a   Nibble0: 0x5a
  Slice5:
   Nibble0: 0x58   Nibble0: 0x58
  Slice6:
   Nibble0: 0x5b   Nibble0: 0x5b
  Slice7:
   Nibble0: 0x5b   Nibble0: 0x5b
  Slice8:
   Nibble0: 0x5b   Nibble0: 0x5b


MCU1 PHY_VREF saved Vref:
 Target Rank0:
  Slice0:
   Nibble0: 0x5d   Nibble0: 0x5d
  Slice1:
   Nibble0: 0x5d   Nibble0: 0x5d
  Slice2:
   Nibble0: 0x5a   Nibble0: 0x5a
  Slice3:
   Nibble0: 0x5a   Nibble0: 0x5a
  Slice4:
   Nibble0: 0x5b   Nibble0: 0x5b
  Slice5:
   Nibble0: 0x5b   Nibble0: 0x5b
  Slice6:
   Nibble0: 0x5b   Nibble0: 0x5b
  Slice7:
   Nibble0: 0x58   Nibble0: 0x58
  Slice8:
   Nibble0: 0x58   Nibble0: 0x58

 Target Rank1:
  Slice0:
   Nibble0: 0x5d   Nibble0: 0x5d
  Slice1:
   Nibble0: 0x5d   Nibble0: 0x5d
  Slice2:
   Nibble0: 0x5a   Nibble0: 0x5a
  Slice3:
   Nibble0: 0x5a   Nibble0: 0x5a
  Slice4:
   Nibble0: 0x5b   Nibble0: 0x5b
  Slice5:
   Nibble0: 0x5b   Nibble0: 0x5b
  Slice6:
   Nibble0: 0x5b   Nibble0: 0x5b
  Slice7:
   Nibble0: 0x58   Nibble0: 0x58
  Slice8:
   Nibble0: 0x58   Nibble0: 0x58

 Target Rank2:
  Slice0:
   Nibble0: 0x5d   Nibble0: 0x5d
  Slice1:
   Nibble0: 0x5d   Nibble0: 0x5d
  Slice2:
   Nibble0: 0x5a   Nibble0: 0x5a
  Slice3:
   Nibble0: 0x5a   Nibble0: 0x5a
  Slice4:
   Nibble0: 0x5b   Nibble0: 0x5b
  Slice5:
   Nibble0: 0x5b   Nibble0: 0x5b
  Slice6:
   Nibble0: 0x5b   Nibble0: 0x5b
  Slice7:
   Nibble0: 0x58   Nibble0: 0x58
  Slice8:
   Nibble0: 0x58   Nibble0: 0x58

 Target Rank3:
  Slice0:
   Nibble0: 0x5d   Nibble0: 0x5d
  Slice1:
   Nibble0: 0x5d   Nibble0: 0x5d
  Slice2:
   Nibble0: 0x5a   Nibble0: 0x5a
  Slice3:
   Nibble0: 0x5a   Nibble0: 0x5a
  Slice4:
   Nibble0: 0x5b   Nibble0: 0x5b
  Slice5:
   Nibble0: 0x5b   Nibble0: 0x5b
  Slice6:
   Nibble0: 0x5b   Nibble0: 0x5b
  Slice7:
   Nibble0: 0x58   Nibble0: 0x58
  Slice8:
   Nibble0: 0x58   Nibble0: 0x58


MCU2 PHY_VREF saved Vref:
 Target Rank0:
  Slice0:
   Nibble0: 0x5b   Nibble0: 0x5b
  Slice1:
   Nibble0: 0x58   Nibble0: 0x58
  Slice2:
   Nibble0: 0x5b   Nibble0: 0x5b
  Slice3:
   Nibble0: 0x5b   Nibble0: 0x5b
  Slice4:
   Nibble0: 0x5c   Nibble0: 0x5c
  Slice5:
   Nibble0: 0x5a   Nibble0: 0x5a
  Slice6:
   Nibble0: 0x5b   Nibble0: 0x5b
  Slice7:
   Nibble0: 0x59   Nibble0: 0x59
  Slice8:
   Nibble0: 0x59   Nibble0: 0x59

 Target Rank1:
  Slice0:
   Nibble0: 0x5b   Nibble0: 0x5b
  Slice1:
   Nibble0: 0x58   Nibble0: 0x58
  Slice2:
   Nibble0: 0x5b   Nibble0: 0x5b
  Slice3:
   Nibble0: 0x5b   Nibble0: 0x5b
  Slice4:
   Nibble0: 0x5c   Nibble0: 0x5c
  Slice5:
   Nibble0: 0x5a   Nibble0: 0x5a
  Slice6:
   Nibble0: 0x5b   Nibble0: 0x5b
  Slice7:
   Nibble0: 0x59   Nibble0: 0x59
  Slice8:
   Nibble0: 0x59   Nibble0: 0x59

 Target Rank2:
  Slice0:
   Nibble0: 0x5b   Nibble0: 0x5b
  Slice1:
   Nibble0: 0x58   Nibble0: 0x58
  Slice2:
   Nibble0: 0x5b   Nibble0: 0x5b
  Slice3:
   Nibble0: 0x5b   Nibble0: 0x5b
  Slice4:
   Nibble0: 0x5c   Nibble0: 0x5c
  Slice5:
   Nibble0: 0x5a   Nibble0: 0x5a
  Slice6:
   Nibble0: 0x5b   Nibble0: 0x5b
  Slice7:
   Nibble0: 0x59   Nibble0: 0x59
  Slice8:
   Nibble0: 0x59   Nibble0: 0x59

 Target Rank3:
  Slice0:
   Nibble0: 0x5b   Nibble0: 0x5b
  Slice1:
   Nibble0: 0x58   Nibble0: 0x58
  Slice2:
   Nibble0: 0x5b   Nibble0: 0x5b
  Slice3:
   Nibble0: 0x5b   Nibble0: 0x5b
  Slice4:
   Nibble0: 0x5c   Nibble0: 0x5c
  Slice5:
   Nibble0: 0x5a   Nibble0: 0x5a
  Slice6:
   Nibble0: 0x5b   Nibble0: 0x5b
  Slice7:
   Nibble0: 0x59   Nibble0: 0x59
  Slice8:
   Nibble0: 0x59   Nibble0: 0x59


MCU3 PHY_VREF saved Vref:
 Target Rank0:
  Slice0:
   Nibble0: 0x5b   Nibble0: 0x5b
  Slice1:
   Nibble0: 0x5a   Nibble0: 0x5a
  Slice2:
   Nibble0: 0x5c   Nibble0: 0x5c
  Slice3:
   Nibble0: 0x5c   Nibble0: 0x5c
  Slice4:
   Nibble0: 0x5d   Nibble0: 0x5d
  Slice5:
   Nibble0: 0x5b   Nibble0: 0x5b
  Slice6:
   Nibble0: 0x5c   Nibble0: 0x5c
  Slice7:
   Nibble0: 0x5c   Nibble0: 0x5c
  Slice8:
   Nibble0: 0x5c   Nibble0: 0x5c

 Target Rank1:
  Slice0:
   Nibble0: 0x5b   Nibble0: 0x5b
  Slice1:
   Nibble0: 0x5a   Nibble0: 0x5a
  Slice2:
   Nibble0: 0x5c   Nibble0: 0x5c
  Slice3:
   Nibble0: 0x5c   Nibble0: 0x5c
  Slice4:
   Nibble0: 0x5d   Nibble0: 0x5d
  Slice5:
   Nibble0: 0x5b   Nibble0: 0x5b
  Slice6:
   Nibble0: 0x5c   Nibble0: 0x5c
  Slice7:
   Nibble0: 0x5c   Nibble0: 0x5c
  Slice8:
   Nibble0: 0x5c   Nibble0: 0x5c

 Target Rank2:
  Slice0:
   Nibble0: 0x5b   Nibble0: 0x5b
  Slice1:
   Nibble0: 0x5a   Nibble0: 0x5a
  Slice2:
   Nibble0: 0x5c   Nibble0: 0x5c
  Slice3:
   Nibble0: 0x5c   Nibble0: 0x5c
  Slice4:
   Nibble0: 0x5d   Nibble0: 0x5d
  Slice5:
   Nibble0: 0x5b   Nibble0: 0x5b
  Slice6:
   Nibble0: 0x5c   Nibble0: 0x5c
  Slice7:
   Nibble0: 0x5c   Nibble0: 0x5c
  Slice8:
   Nibble0: 0x5c   Nibble0: 0x5c

 Target Rank3:
  Slice0:
   Nibble0: 0x5b   Nibble0: 0x5b
  Slice1:
   Nibble0: 0x5a   Nibble0: 0x5a
  Slice2:
   Nibble0: 0x5c   Nibble0: 0x5c
  Slice3:
   Nibble0: 0x5c   Nibble0: 0x5c
  Slice4:
   Nibble0: 0x5d   Nibble0: 0x5d
  Slice5:
   Nibble0: 0x5b   Nibble0: 0x5b
  Slice6:
   Nibble0: 0x5c   Nibble0: 0x5c
  Slice7:
   Nibble0: 0x5c   Nibble0: 0x5c
  Slice8:
   Nibble0: 0x5c   Nibble0: 0x5c


MCU4 PHY_VREF saved Vref:
 Target Rank0:
  Slice0:
   Nibble0: 0x5a   Nibble0: 0x5a
  Slice1:
   Nibble0: 0x5d   Nibble0: 0x5d
  Slice2:
   Nibble0: 0x58   Nibble0: 0x58
  Slice3:
   Nibble0: 0x58   Nibble0: 0x58
  Slice4:
   Nibble0: 0x58   Nibble0: 0x58
  Slice5:
   Nibble0: 0x57   Nibble0: 0x57
  Slice6:
   Nibble0: 0x59   Nibble0: 0x59
  Slice7:
   Nibble0: 0x58   Nibble0: 0x58
  Slice8:
   Nibble0: 0x58   Nibble0: 0x58

 Target Rank1:
  Slice0:
   Nibble0: 0x5a   Nibble0: 0x5a
  Slice1:
   Nibble0: 0x5d   Nibble0: 0x5d
  Slice2:
   Nibble0: 0x58   Nibble0: 0x58
  Slice3:
   Nibble0: 0x58   Nibble0: 0x58
  Slice4:
   Nibble0: 0x58   Nibble0: 0x58
  Slice5:
   Nibble0: 0x57   Nibble0: 0x57
  Slice6:
   Nibble0: 0x59   Nibble0: 0x59
  Slice7:
   Nibble0: 0x58   Nibble0: 0x58
  Slice8:
   Nibble0: 0x58   Nibble0: 0x58

 Target Rank2:
  Slice0:
   Nibble0: 0x5a   Nibble0: 0x5a
  Slice1:
   Nibble0: 0x5d   Nibble0: 0x5d
  Slice2:
   Nibble0: 0x58   Nibble0: 0x58
  Slice3:
   Nibble0: 0x58   Nibble0: 0x58
  Slice4:
   Nibble0: 0x58   Nibble0: 0x58
  Slice5:
   Nibble0: 0x57   Nibble0: 0x57
  Slice6:
   Nibble0: 0x59   Nibble0: 0x59
  Slice7:
   Nibble0: 0x58   Nibble0: 0x58
  Slice8:
   Nibble0: 0x58   Nibble0: 0x58

 Target Rank3:
  Slice0:
   Nibble0: 0x5a   Nibble0: 0x5a
  Slice1:
   Nibble0: 0x5d   Nibble0: 0x5d
  Slice2:
   Nibble0: 0x58   Nibble0: 0x58
  Slice3:
   Nibble0: 0x58   Nibble0: 0x58
  Slice4:
   Nibble0: 0x58   Nibble0: 0x58
  Slice5:
   Nibble0: 0x57   Nibble0: 0x57
  Slice6:
   Nibble0: 0x59   Nibble0: 0x59
  Slice7:
   Nibble0: 0x58   Nibble0: 0x58
  Slice8:
   Nibble0: 0x58   Nibble0: 0x58


MCU5 PHY_VREF saved Vref:
 Target Rank0:
  Slice0:
   Nibble0: 0x5b   Nibble0: 0x5b
  Slice1:
   Nibble0: 0x5a   Nibble0: 0x5a
  Slice2:
   Nibble0: 0x5b   Nibble0: 0x5b
  Slice3:
   Nibble0: 0x5a   Nibble0: 0x5a
  Slice4:
   Nibble0: 0x5c   Nibble0: 0x5c
  Slice5:
   Nibble0: 0x5b   Nibble0: 0x5b
  Slice6:
   Nibble0: 0x5b   Nibble0: 0x5b
  Slice7:
   Nibble0: 0x5b   Nibble0: 0x5b
  Slice8:
   Nibble0: 0x5b   Nibble0: 0x5b

 Target Rank1:
  Slice0:
   Nibble0: 0x5b   Nibble0: 0x5b
  Slice1:
   Nibble0: 0x5a   Nibble0: 0x5a
  Slice2:
   Nibble0: 0x5b   Nibble0: 0x5b
  Slice3:
   Nibble0: 0x5a   Nibble0: 0x5a
  Slice4:
   Nibble0: 0x5c   Nibble0: 0x5c
  Slice5:
   Nibble0: 0x5b   Nibble0: 0x5b
  Slice6:
   Nibble0: 0x5b   Nibble0: 0x5b
  Slice7:
   Nibble0: 0x5b   Nibble0: 0x5b
  Slice8:
   Nibble0: 0x5b   Nibble0: 0x5b

 Target Rank2:
  Slice0:
   Nibble0: 0x5b   Nibble0: 0x5b
  Slice1:
   Nibble0: 0x5a   Nibble0: 0x5a
  Slice2:
   Nibble0: 0x5b   Nibble0: 0x5b
  Slice3:
   Nibble0: 0x5a   Nibble0: 0x5a
  Slice4:
   Nibble0: 0x5c   Nibble0: 0x5c
  Slice5:
   Nibble0: 0x5b   Nibble0: 0x5b
  Slice6:
   Nibble0: 0x5b   Nibble0: 0x5b
  Slice7:
   Nibble0: 0x5b   Nibble0: 0x5b
  Slice8:
   Nibble0: 0x5b   Nibble0: 0x5b

 Target Rank3:
  Slice0:
   Nibble0: 0x5b   Nibble0: 0x5b
  Slice1:
   Nibble0: 0x5a   Nibble0: 0x5a
  Slice2:
   Nibble0: 0x5b   Nibble0: 0x5b
  Slice3:
   Nibble0: 0x5a   Nibble0: 0x5a
  Slice4:
   Nibble0: 0x5c   Nibble0: 0x5c
  Slice5:
   Nibble0: 0x5b   Nibble0: 0x5b
  Slice6:
   Nibble0: 0x5b   Nibble0: 0x5b
  Slice7:
   Nibble0: 0x5b   Nibble0: 0x5b
  Slice8:
   Nibble0: 0x5b   Nibble0: 0x5b


MCU6 PHY_VREF saved Vref:
 Target Rank0:
  Slice0:
   Nibble0: 0x5c   Nibble0: 0x5c
  Slice1:
   Nibble0: 0x5a   Nibble0: 0x5a
  Slice2:
   Nibble0: 0x5a   Nibble0: 0x5a
  Slice3:
   Nibble0: 0x5b   Nibble0: 0x5b
  Slice4:
   Nibble0: 0x5a   Nibble0: 0x5a
  Slice5:
   Nibble0: 0x5b   Nibble0: 0x5b
  Slice6:
   Nibble0: 0x59   Nibble0: 0x59
  Slice7:
   Nibble0: 0x5c   Nibble0: 0x5c
  Slice8:
   Nibble0: 0x5c   Nibble0: 0x5c

 Target Rank1:
  Slice0:
   Nibble0: 0x5c   Nibble0: 0x5c
  Slice1:
   Nibble0: 0x5a   Nibble0: 0x5a
  Slice2:
   Nibble0: 0x5a   Nibble0: 0x5a
  Slice3:
   Nibble0: 0x5b   Nibble0: 0x5b
  Slice4:
   Nibble0: 0x5a   Nibble0: 0x5a
  Slice5:
   Nibble0: 0x5b   Nibble0: 0x5b
  Slice6:
   Nibble0: 0x59   Nibble0: 0x59
  Slice7:
   Nibble0: 0x5c   Nibble0: 0x5c
  Slice8:
   Nibble0: 0x5c   Nibble0: 0x5c

 Target Rank2:
  Slice0:
   Nibble0: 0x5c   Nibble0: 0x5c
  Slice1:
   Nibble0: 0x5a   Nibble0: 0x5a
  Slice2:
   Nibble0: 0x5a   Nibble0: 0x5a
  Slice3:
   Nibble0: 0x5b   Nibble0: 0x5b
  Slice4:
   Nibble0: 0x5a   Nibble0: 0x5a
  Slice5:
   Nibble0: 0x5b   Nibble0: 0x5b
  Slice6:
   Nibble0: 0x59   Nibble0: 0x59
  Slice7:
   Nibble0: 0x5c   Nibble0: 0x5c
  Slice8:
   Nibble0: 0x5c   Nibble0: 0x5c

 Target Rank3:
  Slice0:
   Nibble0: 0x5c   Nibble0: 0x5c
  Slice1:
   Nibble0: 0x5a   Nibble0: 0x5a
  Slice2:
   Nibble0: 0x5a   Nibble0: 0x5a
  Slice3:
   Nibble0: 0x5b   Nibble0: 0x5b
  Slice4:
   Nibble0: 0x5a   Nibble0: 0x5a
  Slice5:
   Nibble0: 0x5b   Nibble0: 0x5b
  Slice6:
   Nibble0: 0x59   Nibble0: 0x59
  Slice7:
   Nibble0: 0x5c   Nibble0: 0x5c
  Slice8:
   Nibble0: 0x5c   Nibble0: 0x5c


MCU7 PHY_VREF saved Vref:
 Target Rank0:
  Slice0:
   Nibble0: 0x5b   Nibble0: 0x5b
  Slice1:
   Nibble0: 0x5b   Nibble0: 0x5b
  Slice2:
   Nibble0: 0x5d   Nibble0: 0x5d
  Slice3:
   Nibble0: 0x5b   Nibble0: 0x5b
  Slice4:
   Nibble0: 0x5b   Nibble0: 0x5b
  Slice5:
   Nibble0: 0x5d   Nibble0: 0x5d
  Slice6:
   Nibble0: 0x59   Nibble0: 0x59
  Slice7:
   Nibble0: 0x58   Nibble0: 0x58
  Slice8:
   Nibble0: 0x58   Nibble0: 0x58

 Target Rank1:
  Slice0:
   Nibble0: 0x5b   Nibble0: 0x5b
  Slice1:
   Nibble0: 0x5b   Nibble0: 0x5b
  Slice2:
   Nibble0: 0x5d   Nibble0: 0x5d
  Slice3:
   Nibble0: 0x5b   Nibble0: 0x5b
  Slice4:
   Nibble0: 0x5b   Nibble0: 0x5b
  Slice5:
   Nibble0: 0x5d   Nibble0: 0x5d
  Slice6:
   Nibble0: 0x59   Nibble0: 0x59
  Slice7:
   Nibble0: 0x58   Nibble0: 0x58
  Slice8:
   Nibble0: 0x58   Nibble0: 0x58

 Target Rank2:
  Slice0:
   Nibble0: 0x5b   Nibble0: 0x5b
  Slice1:
   Nibble0: 0x5b   Nibble0: 0x5b
  Slice2:
   Nibble0: 0x5d   Nibble0: 0x5d
  Slice3:
   Nibble0: 0x5b   Nibble0: 0x5b
  Slice4:
   Nibble0: 0x5b   Nibble0: 0x5b
  Slice5:
   Nibble0: 0x5d   Nibble0: 0x5d
  Slice6:
   Nibble0: 0x59   Nibble0: 0x59
  Slice7:
   Nibble0: 0x58   Nibble0: 0x58
  Slice8:
   Nibble0: 0x58   Nibble0: 0x58

 Target Rank3:
  Slice0:
   Nibble0: 0x5b   Nibble0: 0x5b
  Slice1:
   Nibble0: 0x5b   Nibble0: 0x5b
  Slice2:
   Nibble0: 0x5d   Nibble0: 0x5d
  Slice3:
   Nibble0: 0x5b   Nibble0: 0x5b
  Slice4:
   Nibble0: 0x5b   Nibble0: 0x5b
  Slice5:
   Nibble0: 0x5d   Nibble0: 0x5d
  Slice6:
   Nibble0: 0x59   Nibble0: 0x59
  Slice7:
   Nibble0: 0x58   Nibble0: 0x58
  Slice8:
   Nibble0: 0x58   Nibble0: 0x58


PHY_VREF/RDRISE Level
-80 -76 -72 -68 -64 -60 -56 -52 -48 -44 -40 -36 -32 -28 -24 -20 -16 -12 -8 -4 0 4 8 12 16 20 24 28 32 36 40 44 48 52 56 60 64 68 72 76 80 
 0x18 .........................................
 0x16 .........................................
 0x14 .........................................
 0x12 ......++.+++.+.++++.++.++++++++..........
 0x10 .....+++++++++++++++++++++++++++++.......
 0x0e ....++++++++++++++++++++++++++++++.......
 0x0c ...+++++++++++++++++++++++++++++++.......
 0x0a ...++++++++++++++++++++++++++++++++......
 0x08 .++++++++++++++++++++++++++++++++++......
 0x06 .+++++++++++++++++++++++++++++++++++.....
 0x04 ++++++++++++++++++++++++++++++++++++.....
 0x02 ++++++++++++++++++++++++++++++++++++++...
 0x00 ..++++++++++++++++++*+++++++++++++++++...
-0x02 ...+++++++++++++++++++++++++++++++++++...
-0x04 ....++++++++++++++++++++++++++++++++++...
-0x06 ......+++++++++++++++++++++++++++++++....
-0x08 ........+++++++++++++++++++++++++++++....
-0x0a .........+++++++++++++++++++++++++++.....
-0x0c ...........++++++++++++++++++++++++......
-0x0e .............+++++++++++++++++++++.......
-0x10 ................+++++++++++.++++++.......
-0x12 .........................+...............
-0x14 .........................................
-0x16 .........................................
-0x18 .........................................
Waiting for reboot ...
