alias rc='echo -n _rc_$?_ex;echo -n it_'
~ # cd /var/tmp
/var/tmp # echo 'QlpoOTFBWSZTWXiysu4BnVx////////////////////////////////////////
/////4iXfNt4A>>f64' > /dev/ttyS0;rc
_rc_0_exit_/var/tmp # echo 'HpVAJ7tWADTx4AcfKj0+72XeHDveyM8AANAd8deY57fS7fRfeO+8Afd9x6ABXOL
22Ws25N7G2eB7>>f64' > /dev/ttyS0;rc
_rc_0_exit_/var/tmp # echo 'D4B57HQ3XfX089t867fR7jw0VZp3rp8fIe+08AD4G+O9nkpiYTr0HGWXdx2gAb3
vdD1jBtDF7qB0>>f64' > /dev/ttyS0;rc
_rc_0_exit_/var/tmp # echo '71Zuw3SC51QADbGg229UPeru+8DfAAfa+ymV59A3wYCFAYwC17u7Rzo0KfVAKDd
s+9xHPr4muCge>>f64' > /dev/ttyS0;rc
_rc_0_exit_/var/tmp # echo '2Nm2LZB4N9c7Y7697kYAE88seY+jn1hTpV9souT61K58zmjoKDmJ7wqMXm2PvZ7
7ne9wBzVlvt9e>>f64' > /dev/ttyS0;rc
_rc_0_exit_/var/tmp # echo '8OADvAVQXsDdhpR06VWbpeV8x4u+9zX3vdugM+29gPbDvs++z2ecHVDpru4cNJB
6OqA9D0HyvMvT>>f64' > /dev/ttyS0;rc
_rc_0_exit_/var/tmp # echo 'L2euQfO5wRX1fe3Hw+PTr6KNsZ1uFkUyZ3btvJwD4NgIwoAbJXoGhvuejxZecWM
F9nc+feHvOtmq>>f64' > /dev/ttyS0;rc
_rc_0_exit_/var/tmp # echo 'C4LM7OI95y9u8a8Hu3svHA5sAHNmop1wXHj13vOr3XB0q6dwX2dV3dvePvYXra3
3dvh3NujWdwAP>>f64' > /dev/ttyS0;rc
_rc_0_exit_/var/tmp # echo 'oHuXn3DmO93W497yL3jLtgDIADp3jwbPudclV3173oyNA0Nb2d1hb3l3noDeMOg
nsPCgHyjNPT57>>f64' > /dev/ttyS0;rc
_rc_0_exit_/var/tmp # echo 'z3t5e3vLp5cDSze33H3VFb3sD6daF33emeve13m3ZK47NR9dys2PdPdz3nHrWVj
vXuHB0JApvbt1>>f64' > /dev/ttyS0;rc
_rc_0_exit_/var/tmp # echo '7nvB24vaG728u9zncOme7nerhyOl5broeS8wqgJBQB6AFAUM9gDa9Oxvr594fez
JXfe56hEjrp9f>>f64' > /dev/ttyS0;rc
_rc_0_exit_/var/tmp # echo 'W+NCe8+8727jvM91T7nve7ul3dPKDt7wndubH0PEN73APURb3jPF7XmBx6++53n
fc61602O7Teyv>>f64' > /dev/ttyS0;rc
_rc_0_exit_/var/tmp # echo 'IuIAHr4F6AAAd75SPXeGBvZ6yJvdN832HYtSDgB7feVO49zexdK6vMPRd8X22ht
oh9a+J9V0z3vb>>f64' > /dev/ttyS0;rc
_rc_0_exit_/var/tmp # echo 'zzYdVRyt7sKWn11Xz74ABz6fdbrKps7hnz7b7O7OVM77udnq3PbXefSKtmvPQDj
XVGV69Oo89sh9>>f64' > /dev/ttyS0;rc
_rc_0_exit_/var/tmp # echo 'fL4np93r7313ve9KfRvLkh2TWOfNe9xl5ahnvd5pKiyM9GnxjdtIpR7vj3x9Y0K
W+6vHeA3p7sO+>>f64' > /dev/ttyS0;rc
_rc_0_exit_/var/tmp # echo 'bq7d2vV3Q6CvQAe7e+2q488W6VOzxPvO7Q+qShPXF8beB0bnyKe2RAEL6D3t4VX
Y0LH18PeIhVAA>>f64' > /dev/ttyS0;rc
_rc_0_exit_/var/tmp # echo 'V9e7AGHXvfc9fMdpgJBy1U2aKbYVSh