NOTICE:  DRAM FW version 210212
CP: 0ff00900
MEMC param:
  mcu_enable_mask = 00000001 [default: 000000ff]
CP: 1ff00900
MEMC param:
  mcu_enable_mask = 00000040 [default: 000000ff]
DRAM populated DIMMs:
  SK0 MC0 S0: RDIMM[ce:80] 16GB 2666 ECC 2R x8 RCD[b3:80] M393A2K43CB2-CTD    
  SK1 MC6 S0: RDIMM[ce:80] 16GB 2666 ECC 2R x8 RCD[b3:80] M393A2K43CB2-CTD    
  SK1 MC6 S1: RDIMM[ce:80] 16GB 2666 ECC 2R x8 RCD[b3:80] M393A2K43CB2-CTD    
CP: 3ff00100
CP: 3ff00200
CP: 00f01902
CP: 16f01902
CP: 0ff00a00
CP: 0ff00b01
CP: 00f01901
CP: 00f01904
CP: 00f02901
CP: 00f01905
CP: 00f02902
CP: 00f02903
CP: 00f02904
CP: 00f01907
CP: 00f01906
CP: 00f01908
CP: 00f01909
CP: 0ff00b02
CP: 0ff00c00
CP: 1ff00a00
CP: 1ff00b01
CP: 16f01901
CP: 16f01904
CP: 16f02901
CP: 16f01905
CP: 16f02902
CP: 16f02903
CP: 16f02904
CP: 16f01907
CP: 16f01906
CP: 16f01908
CP: 16f01909
CP: 1ff00b02
CP: 1ff00c00
CP: 3ff00300
CP: 00001a02
CP: 00001a03
CP: 00001a04
CP: 00101a02
CP: 16001a02
CP: 00101a03
CP: 16001a03
CP: 00101a04
CP: 16001a04
CP: 00001a05
CP: 16101a02
CP: 16101a03
CP: 16101a04
CP: 16201a02
ERR: MC6:R2: WRLVL Err=0 Stat=0x0 NibbleMsk=0x4004
ERR: 96206910
CP: 00101a05
CP: 16301a02
ERR: MC6:R3: WRLVL Err=0 Stat=0x0 NibbleMsk=0x4004
ERR: 96306910
CP: 00f01a07
CP: 00001a09
CP: 00101a09
CP: 00001a0a
CP: 00001a0b
CP: 00001a0c
CP: 00001a0c
CP: 00101a0b
CP: 00101a0c
CP: 00101a0c
ERR: Scheduled 00000101 - Finished 00000001
CP: 3ff00800
ERR: bff0c100
ERROR:   SK[1]: 00000040
ERROR:     MC[6]: 000200a2
ERROR:   DDR initialization failure. Enter safemode...
