NOTICE:  Booting Trusted Firmware
NOTICE:  BL1: v2.1(release):1.03 Build 20210206
NOTICE:  BL1: Built : 20:40:36, Feb  6 2021
ERROR:   Failed to populate ROTPK error -16512
ERROR:   Failed to populate rotpk key der
NOTICE:  ROTPK is not deployed on platform. Skipping ROTPK verification.
NOTICE:  BL1: Booting BL2
NOTICE:  BL2: v2.1(release):1.03 Build 20210206
NOTICE:  BL2: Built : 20:40:36, Feb  6 2021
ERROR:   Failed to populate ROTPK error -16512
ERROR:   Failed to populate rotpk key der
NOTICE:  ROTPK is not deployed on platform. Skipping ROTPK verification.
NOTICE:  BL1: Booting BL31
NOTICE:  BL31: v2.1(release):1.03 Build 20210206
NOTICE:  BL31: Built : 20:40:36, Feb  6 2021
NOTICE:  BL31: Image v1.03 - Build 20210206
NOTICE:  Booting Ampere TPM
NOTICE:  Built : 20:40:39, Feb  6 2021
NOTICE:  v2.1(emag2,release):575b80b
NOTICE:  Running at S-EL0
NOTICE:  Secure Partition memory layout:
NOTICE:    Image regions
NOTICE:      Text region            : 0x90000000 - 0x90034000
NOTICE:      Read-only data region  : 0x90034000 - 0x9003d000
NOTICE:      Data region            : 0x9003d000 - 0x9003e000
NOTICE:      BSS region             : 0x9003e000 - 0x90042000
NOTICE:      Total image memory     : 0x90000000 - 0x90400000
NOTICE:    SPM regions
NOTICE:      SPM <-> SP buffer      : 0x90400000 - 0x90410000
NOTICE:      NS <-> SP buffer       : 0x88500000 - 0x88600000
NOTICE:  Booting Ampere Hotplug SP
NOTICE:  Built : 20:40:41, Feb  6 2021
NOTICE:  v2.1(emag2,release):575b80b
NOTICE:  Running at S-EL0
NOTICE:  Secure Partition memory layout:
NOTICE:    Image regions
NOTICE:      Text region            : 0x90000000 - 0x90005000
NOTICE:      Read-only data region  : 0x90005000 - 0x90006000
NOTICE:      Data region            : 0x90006000 - 0x90007000
NOTICE:      BSS region             : 0x90007000 - 0x9000a000
NOTICE:      Total image memory     : 0x90000000 - 0x90400000
NOTICE:    SPM regions
NOTICE:      SPM <-> SP buffer      : 0x90400000 - 0x90410000
NOTICE:      NS <-> SP buffer       : 0x88400000 - 0x88500000
NOTICE:  HP: Port info
NOTICE:  HP: S0 PCIE0.1: Disabled
NOTICE:  HP: S0 PCIE0.2: Disabled
NOTICE:  HP: S0 PCIE0.3: Disabled
NOTICE:  HP: S0 PCIE0.4: Disabled
NOTICE:  HP: S0 PCIE1.1: Disabled
NOTICE:  HP: S0 PCIE1.2: Disabled
NOTICE:  HP: S0 PCIE1.3: Disabled
NOTICE:  HP: S0 PCIE1.4: Disabled
NOTICE:  HP: S0 PCIE2.1: Disabled
NOTICE:  HP: S0 PCIE2.2: Disabled
NOTICE:  HP: S0 PCIE2.3: Disabled
NOTICE:  HP: S0 PCIE2.4: Disabled
NOTICE:  HP: S0 PCIE3.1: Disabled
NOTICE:  HP: S0 PCIE3.2: Disabled
NOTICE:  HP: S0 PCIE3.3: Disabled
NOTICE:  HP: S0 PCIE3.4: Disabled
NOTICE:  HP: S0 PCIE4.1: Disabled
NOTICE:  HP: S0 PCIE4.2: Disabled
NOTICE:  HP: S0 PCIE4.3: Disabled
NOTICE:  HP: S0 PCIE4.4: Disabled
NOTICE:  HP: S0 PCIE4.5: Disabled
NOTICE:  HP: S0 PCIE4.6: Disabled
NOTICE:  HP: S0 PCIE4.7: Disabled
NOTICE:  HP: S0 PCIE4.8: Disabled
NOTICE:  HP: S0 PCIE5.1: Disabled
NOTICE:  HP: S0 PCIE5.2: Disabled
NOTICE:  HP: S0 PCIE5.3: Disabled
NOTICE:  HP: S0 PCIE5.4: Disabled
NOTICE:  HP: S0 PCIE5.5: Disabled
NOTICE:  HP: S0 PCIE5.6: Disabled
NOTICE:  HP: S0 PCIE5.7: Disabled
NOTICE:  HP: S0 PCIE5.8: Disabled
NOTICE:  HP: S0 PCIE6.1: Disabled
NOTICE:  HP: S0 PCIE6.2: Disabled
NOTICE:  HP: S0 PCIE6.3: Disabled
NOTICE:  HP: S0 PCIE6.4: Disabled
NOTICE:  HP: S0 PCIE6.5: Disabled
NOTICE:  HP: S0 PCIE6.6: Disabled
NOTICE:  HP: S0 PCIE6.7: Disabled
NOTICE:  HP: S0 PCIE6.8: Disabled
NOTICE:  HP: S0 PCIE7.1: Disabled
NOTICE:  HP: S0 PCIE7.2: Disabled
NOTICE:  HP: S0 PCIE7.3: Disabled
NOTICE:  HP: S0 PCIE7.4: Disabled
NOTICE:  HP: S0 PCIE7.5: Disabled
NOTICE:  HP: S0 PCIE7.6: Disabled
NOTICE:  HP: S0 PCIE7.7: Disabled
NOTICE:  HP: S0 PCIE7.8: Disabled
NOTICE:  HP: Ready
UpdatePeCoffPermissions: Mapping section 1 of image at 0x91B05000 with RW-XN permissions and size 0x1000
Loading MM driver at 0x00091B01000 EntryPoint=0x00091B03980 StandaloneMmCpu.efi
MmInstallProtocolInterface: 26EEB3DE-B689-492E-80F0-BE8BD7DA4BA7 91B05050
UpdatePeCoffPermissions: Mapping section 1 of image at 0x91AF9000 with RW-XN permissions and size 0x1000
Loading MM driver at 0x00091AF5000 EntryPoint=0x00091AF79A4 SpiNorProxyMm.efi
UpdatePeCoffPermissions: Mapping section 1 of image at 0x91AF2000 with RW-XN permissions and size 0x1000
Loading MM driver at 0x00091AEE000 EntryPoint=0x00091AF0444 FwUpgradeMm.efi
UpdatePeCoffPermissions: Mapping section 1 of image at 0x91AEA000 with RW-XN permissions and size 0x1000
Loading MM driver at 0x00091AE6000 EntryPoint=0x00091AE876C SecVarMm.efi
UpdatePeCoffPermissions: Mapping section 1 of image at 0x91AE3000 with RW-XN permissions and size 0x1000
Loading MM driver at 0x00091ADF000 EntryPoint=0x00091AE1FBC NvparamProxyMm.efi
NOTICE:  HP: Port info
NOTICE:  HP: S0 PCIE0.1: Disabled
NOTICE:  HP: S0 PCIE0.2: Disabled
NOTICE:  HP: S0 PCIE0.3: Disabled
NOTICE:  HP: S0 PCIE0.4: Disabled
NOTICE:  HP: S0 PCIE1.1: Disabled
NOTICE:  HP: S0 PCIE1.2: Disabled
NOTICE:  HP: S0 PCIE1.3: Disabled
NOTICE:  HP: S0 PCIE1.4: Disabled
NOTICE:  HP: S0 PCIE2.1: Speed 1 Width 1
NOTICE:  HP: S0 PCIE2.2: Disabled
NOTICE:  HP: S0 PCIE2.3: Disabled
NOTICE:  HP: S0 PCIE2.4: Disabled
NOTICE:  HP: S0 PCIE3.1: Speed 1 Width 1
NOTICE:  HP: S0 PCIE3.2: Disabled
NOTICE:  HP: S0 PCIE3.3: Disabled
NOTICE:  HP: S0 PCIE3.4: Disabled
NOTICE:  HP: S0 PCIE4.1: Speed 1 Width 1
NOTICE:  HP: S0 PCIE4.2: Disabled
NOTICE:  HP: S0 PCIE4.3: Speed 1 Width 1
NOTICE:  HP: S0 PCIE4.4: Disabled
NOTICE:  HP: S0 PCIE4.5: Speed 1 Width 1
NOTICE:  HP: S0 PCIE4.6: Disabled
NOTICE:  HP: S0 PCIE4.7: Speed 1 Width 1
NOTICE:  HP: S0 PCIE4.8: Disabled
NOTICE:  HP: S0 PCIE5.1: Speed 1 Width 1
NOTICE:  HP: S0 PCIE5.2: Disabled
NOTICE:  HP: S0 PCIE5.3: Speed 1 Width 1
NOTICE:  HP: S0 PCIE5.4: Disabled
NOTICE:  HP: S0 PCIE5.5: Speed 1 Width 1
NOTICE:  HP: S0 PCIE5.6: Disabled
NOTICE:  HP: S0 PCIE5.7: Speed 1 Width 1
NOTICE:  HP: S0 PCIE5.8: Disabled
NOTICE:  HP: S0 PCIE6.1: Disabled
NOTICE:  HP: S0 PCIE6.2: Disabled
NOTICE:  HP: S0 PCIE6.3: Disabled
NOTICE:  HP: S0 PCIE6.4: Disabled
NOTICE:  HP: S0 PCIE6.5: Disabled
NOTICE:  HP: S0 PCIE6.6: Disabled
NOTICE:  HP: S0 PCIE6.7: Disabled
NOTICE:  HP: S0 PCIE6.8: Disabled
NOTICE:  HP: S0 PCIE7.1: Speed 1 Width 1
NOTICE:  HP: S0 PCIE7.2: Disabled
NOTICE:  HP: S0 PCIE7.3: Disabled
NOTICE:  HP: S0 PCIE7.4: Disabled
NOTICE:  HP: S0 PCIE7.5: Speed 1 Width 1
NOTICE:  HP: S0 PCIE7.6: Disabled
NOTICE:  HP: S0 PCIE7.7: Speed 1 Width 1
NOTICE:  HP: S0 PCIE7.8: Disabled
MmInstallProtocolInterface: 24E70042-D5C5-4260-8C39-0AD3AA32E93D 0
MmInstallProtocolInterface: 7CE88FB3-4BD7-4679-87A8-A8D8DEE50D2B 0
