[3079 : 3079 INFO]INFO: Received Signal 10 from IPMI Stack 

[3079 : 3079 INFO]STOP mirroring/logging...

[789 : 884 INFO]BOOTFW VERSION: 1.05.20210426

[397650.990000] I2C0: Resetting the controller
Starting to Read Current PostCode buffer...
No Post Codes ...
Init telemetry success
Stopping Bootlogo Daemon.
Bootlogo: Switch to VGA
Init telemetry success
[397692.510000] UsbConfigureHS(): USB Device 0 is running in High Speed
[397692.510000] UsbConfigureHS(): USB Device 1 is running in High Speed
[397692.510000] UsbConfigureHS(): USB Device 2 is running in High Speed
[397692.510000] UsbConfigureLS(): USB Device 3 is running in Low Speed
[397692.630000] HUB port 0 reset
[397692.630000] UsbConfigureHS(): USB Device 0 is running in High Speed
[397692.700000] HUB port 1 reset
[397692.700000] UsbConfigureHS(): USB Device 1 is running in High Speed
[397692.770000] HUB port 2 reset
[397692.770000] UsbConfigureHS(): USB Device 2 is running in High Speed
[397692.840000] HUB port 3 reset
[397692.840000] UsbConfigureLS(): USB Device 3 is running in Low Speed
[397695.490000] **************REMOTE_NDIS_RESET_MSG ???**************
[397695.500000] **************REMOTE_NDIS_HALT_MSG ???**************
[397695.520000] **************REMOTE_NDIS_HALT_MSG ???**************
[397695.550000] **************REMOTE_NDIS_RESET_MSG ???**************
[397695.560000] **************REMOTE_NDIS_HALT_MSG ???**************
[789 : 872 CRITICAL][nwcfg.c:6359]No data while scanning /proc/net/arp 

[789 : 872 CRITICAL][nwcfg.c:6391]No default entry in gateway info.

[397730.020000] **************REMOTE_NDIS_HALT_MSG ???**************
[397747.570000] UsbConfigureHS(): USB Device 0 is running in High Speed
[397747.570000] UsbConfigureHS(): USB Device 1 is running in High Speed
[397747.570000] UsbConfigureHS(): USB Device 2 is running in High Speed
[397747.570000] UsbConfigureLS(): USB Device 3 is running in Low Speed
[397747.870000] HUB port 0 reset
[397747.870000] UsbConfigureHS(): USB Device 0 is running in High Speed
[397747.990000] HUB port 0 reset
[397747.990000] UsbConfigureHS(): USB Device 0 is running in High Speed
[397748.200000] HUB port 1 reset
[397748.200000] UsbConfigureHS(): USB Device 1 is running in High Speed
[397748.320000] HUB port 1 reset
[397748.320000] UsbConfigureHS(): USB Device 1 is running in High Speed
[397748.530000] HUB port 2 reset
[397748.530000] UsbConfigureHS(): USB Device 2 is running in High Speed
[397748.640000] HUB port 2 reset
[397748.640000] UsbConfigureHS(): USB Device 2 is running in High Speed
[397748.850000] HUB port 3 reset
[397748.850000] UsbConfigureLS(): USB Device 3 is running in Low Speed
[397748.970000] HUB port 3 reset
[397748.970000] UsbConfigureLS(): USB Device 3 is running in Low Speed
[397756.860000] ProcessStandardRequest(): WARNING : Unsupported Request. EP Stalled
[397756.860000] ProcessStandardRequest(): WARNING : bmRequestType: 0x1 bmRequest: 0xb
