[789 : 884 INFO]BOOTFW VERSION: 1.05.20210426

[397274.440000] I2C0: Resetting the controller
Starting to Read Current PostCode buffer...
No Post Codes ...
Init telemetry success
Init telemetry success
Stopping Bootlogo Daemon.
Bootlogo: Switch to VGA
[397317.120000] UsbConfigureHS(): USB Device 0 is running in High Speed
[397317.120000] UsbConfigureHS(): USB Device 1 is running in High Speed
[397317.120000] UsbConfigureHS(): USB Device 2 is running in High Speed
[397317.120000] UsbConfigureLS(): USB Device 3 is running in Low Speed
[397317.230000] HUB port 0 reset
[397317.230000] UsbConfigureHS(): USB Device 0 is running in High Speed
[397317.300000] HUB port 1 reset
[397317.300000] UsbConfigureHS(): USB Device 1 is running in High Speed
[397317.370000] HUB port 2 reset
[397317.370000] UsbConfigureHS(): USB Device 2 is running in High Speed
[397317.440000] HUB port 3 reset
[397317.440000] UsbConfigureLS(): USB Device 3 is running in Low Speed
[397320.220000] **************REMOTE_NDIS_RESET_MSG ???**************
[397320.230000] **************REMOTE_NDIS_HALT_MSG ???**************
[397320.250000] **************REMOTE_NDIS_HALT_MSG ???**************
[397320.280000] **************REMOTE_NDIS_RESET_MSG ???**************
[397320.290000] **************REMOTE_NDIS_HALT_MSG ???**************
file has vanished: "/conf/resolv.confxeLhQM"
Restarting Bootlogo DaemonPDK LPC Reset is invoked
rsync warning: some files vanished before they could be transferred (code 24) at main.c(1183) [sender=3.1.1]
.
Framebuffer information: 800x600 (32)bpp, 8388608
Bootlogo: Show BMC IP Addr 10.38.175.43
[789 : 889 INFO]Signal Sent Successfully to UART Logging application

[3079 : 3079 INFO]INFO: Received Signal 14 from IPMI Stack 

[3079 : 3079 INFO]START mirroring/logging...

[3079 : 3079 INFO]INFO: Setting the Attributes for the UART...

[3079 : 30227 INFO]Recv Thread: Starting the thread to mirror data from /dev/ttyS3 to /dev/ttyS3

[3079 : 30226 INFO]Send Thread: Starting the thread to mirror data from /dev/ttyS3 to /dev/ttyS3

Closing Serial SOL Port
[789 : 896 INFO]Signal Sent Successfully to UART Logging application

[3079 : 3079 INFO]INFO: Received Signal 14 from IPMI Stack 

[3079 : 3079 INFO]START mirroring/logging...

[3079 : 3079 INFO]INFO: Setting the Attributes for the UART...

Closing Serial SOL Port
[789 : 892 INFO]Signal Sent Successfully to UART Logging application

[3079 : 3079 INFO]INFO: Received Signal 14 from IPMI Stack 

[3079 : 3079 INFO]START mirroring/logging...

[3079 : 3079 INFO]INFO: Setting the Attributes for the UART...

Closing Serial SOL Port
[789 : 889 INFO]Signal USR1 Sent Successfully to UART Logging application

[3079 : 3079 INFO]INFO: Received Signal 10 from IPMI Stack 

[3079 : 3079 INFO]STOP mirroring/logging...

[789 : 896 INFO]Signal USR1 Sent Successfully to UART Logging application

[3079 : 3079 INFO]INFO: Received Signal 10 from IPMI Stack 

[3079 : 3079 INFO]STOP mirroring/logging...

[789 : 892 INFO]Signal USR1 Sent Successfully to UART Logging application

[3079 : 3079 INFO]INFO: Received Signal 10 from IPMI Stack 

[3079 : 3079 INFO]STOP mirroring/logging...

Killed
logout
Connection to 10.38.175.31 closed.
