Starting to Read Current PostCode buffer...
No Post Codes ...
[789 : 884 INFO]BOOTFW VERSION: 1.05.20210426

[397476.320000] I2C0: Resetting the controller
Init telemetry success
Init telemetry success
Stopping Bootlogo Daemon.
Bootlogo: Switch to VGA
[397515.270000] UsbConfigureHS(): USB Device 0 is running in High Speed
[397515.270000] UsbConfigureHS(): USB Device 1 is running in High Speed
[397515.270000] UsbConfigureHS(): USB Device 2 is running in High Speed
[397515.270000] UsbConfigureLS(): USB Device 3 is running in Low Speed
[397515.390000] HUB port 0 reset
[397515.390000] UsbConfigureHS(): USB Device 0 is running in High Speed
[397515.450000] HUB port 1 reset
[397515.450000] UsbConfigureHS(): USB Device 1 is running in High Speed
[397515.520000] HUB port 2 reset
[397515.520000] UsbConfigureHS(): USB Device 2 is running in High Speed
[397515.590000] HUB port 3 reset
[397515.590000] UsbConfigureLS(): USB Device 3 is running in Low Speed
[397528.460000] **************REMOTE_NDIS_RESET_MSG ???**************
[397528.460000] **************REMOTE_NDIS_HALT_MSG ???**************
[397528.480000] **************REMOTE_NDIS_HALT_MSG ???**************
[397528.510000] **************REMOTE_NDIS_RESET_MSG ???**************
[397528.520000] **************REMOTE_NDIS_HALT_MSG ???**************
[789 : 872 CRITICAL][nwcfg.c:6359]No data while scanning /proc/net/arp 

[789 : 872 CRITICAL][nwcfg.c:6391]No default entry in gateway info.

[397560.000000] **************REMOTE_NDIS_HALT_MSG ???**************
