[789 : 884 INFO]BOOTFW VERSION: 1.05.20210426

[396946.510000] I2C0: Resetting the controller
Init telemetry success
Starting to Read Current PostCode buffer...
No Post Codes ...
Init telemetry success
Stopping Bootlogo Daemon.
Bootlogo: Switch to VGA
[396989.610000] UsbConfigureHS(): USB Device 0 is running in High Speed
[396989.610000] UsbConfigureHS(): USB Device 1 is running in High Speed
[396989.610000] UsbConfigureHS(): USB Device 2 is running in High Speed
[396989.610000] UsbConfigureLS(): USB Device 3 is running in Low Speed
[396989.730000] HUB port 0 reset
[396989.730000] UsbConfigureHS(): USB Device 0 is running in High Speed
[396989.790000] HUB port 1 reset
[396989.790000] UsbConfigureHS(): USB Device 1 is running in High Speed
[396989.860000] HUB port 2 reset
[396989.860000] UsbConfigureHS(): USB Device 2 is running in High Speed
[396989.930000] HUB port 3 reset
[396989.930000] UsbConfigureLS(): USB Device 3 is running in Low Speed
[396992.650000] **************REMOTE_NDIS_RESET_MSG ???**************
[396992.660000] **************REMOTE_NDIS_HALT_MSG ???**************
[396992.680000] **************REMOTE_NDIS_HALT_MSG ???**************
[396992.710000] **************REMOTE_NDIS_RESET_MSG ???**************
[396992.720000] **************REMOTE_NDIS_HALT_MSG ???**************
[789 : 872 CRITICAL][nwcfg.c:6359]No data while scanning /proc/net/arp 

[789 : 872 CRITICAL][nwcfg.c:6391]No default entry in gateway info.

[397025.410000] **************REMOTE_NDIS_HALT_MSG ???**************
PDK LPC Reset is invoked
Restarting Bootlogo Daemon.
Framebuffer information: 800x600 (32)bpp, 8388608
Bootlogo: Show BMC IP Addr 10.38.175.43
[789 : 889 INFO]Signal Sent Successfully to UART Logging application

[3079 : 3079 INFO]INFO: Received Signal 14 from IPMI Stack 

[3079 : 3079 INFO]START mirroring/logging...

[3079 : 3079 INFO]INFO: Setting the Attributes for the UART...

[3079 : 27532 INFO]Recv Thread: Starting the thread to mirror data from /dev/ttyS3 to /dev/ttyS3

[3079 : 27531 INFO]Send Thread: Starting the thread to mirror data from /dev/ttyS3 to /dev/ttyS3

Closing Serial SOL Port
[789 : 892 INFO]Signal Sent Successfully to UART Logging application

[3079 : 3079 INFO]INFO: Received Signal 14 from IPMI Stack 

[3079 : 3079 INFO]START mirroring/logging...

[3079 : 3079 INFO]INFO: Setting the Attributes for the UART...

Closing Serial SOL Port
[3079 : 3079 INFO]INFO: Received Signal 14 from IPMI Stack 

[3079 : 3079 INFO]START mirroring/logging...

[3079 : 3079 INFO]INFO: Setting the Attributes for the UART...

[789 : 896 INFO]Signal Sent Successfully to UART Logging application

Closing Serial SOL Port
[789 : 889 INFO]Signal USR1 Sent Successfully to UART Logging application

[3079 : 3079 INFO]INFO: Received Signal 10 from IPMI Stack 

[3079 : 3079 INFO]STOP mirroring/logging...

[789 : 892 INFO]Signal USR1 Sent Successfully to UART Logging application

Killed
logout
Connection to 10.38.175.31 closed.
