[3079 : 3079 INFO]INFO: Received Signal 10 from IPMI Stack 

[3079 : 3079 INFO]STOP mirroring/logging...

[789 : 896 INFO]Signal USR1 Sent Successfully to UART Logging application

[3079 : 3079 INFO]INFO: Received Signal 10 from IPMI Stack 

[3079 : 3079 INFO]STOP mirroring/logging...

[789 : 884 INFO]BOOTFW VERSION: 1.05.20210426

[397094.610000] I2C0: Resetting the controller
Starting to Read Current PostCode buffer...
No Post Codes ...
Init telemetry success
Init telemetry success
Stopping Bootlogo Daemon.
Bootlogo: Switch to VGA
[397136.450000] UsbConfigureHS(): USB Device 0 is running in High Speed
[397136.450000] UsbConfigureHS(): USB Device 1 is running in High Speed
[397136.450000] UsbConfigureHS(): USB Device 2 is running in High Speed
[397136.450000] UsbConfigureLS(): USB Device 3 is running in Low Speed
[397136.570000] HUB port 0 reset
[397136.570000] UsbConfigureHS(): USB Device 0 is running in High Speed
[397136.640000] HUB port 1 reset
[397136.640000] UsbConfigureHS(): USB Device 1 is running in High Speed
[397136.710000] HUB port 2 reset
[397136.710000] UsbConfigureHS(): USB Device 2 is running in High Speed
[397136.770000] HUB port 3 reset
[397136.770000] UsbConfigureLS(): USB Device 3 is running in Low Speed
[397139.450000] **************REMOTE_NDIS_RESET_MSG ???**************
[397139.460000] **************REMOTE_NDIS_HALT_MSG ???**************
[397139.480000] **************REMOTE_NDIS_HALT_MSG ???**************
[397139.510000] **************REMOTE_NDIS_RESET_MSG ???**************
[397139.520000] **************REMOTE_NDIS_HALT_MSG ???**************
[789 : 872 CRITICAL][nwcfg.c:6359]No data while scanning /proc/net/arp 

[789 : 872 CRITICAL][nwcfg.c:6391]No default entry in gateway info.

[397174.140000] **************REMOTE_NDIS_HALT_MSG ???**************
[397191.650000] UsbConfigureHS(): USB Device 0 is running in High Speed
[397191.650000] UsbConfigureHS(): USB Device 1 is running in High Speed
[397191.650000] UsbConfigureHS(): USB Device 2 is running in High Speed
[397191.650000] UsbConfigureLS(): USB Device 3 is running in Low Speed
[397191.950000] HUB port 0 reset
[397191.950000] UsbConfigureHS(): USB Device 0 is running in High Speed
[397192.070000] HUB port 0 reset
[397192.070000] UsbConfigureHS(): USB Device 0 is running in High Speed
[397192.270000] HUB port 1 reset
[397192.270000] UsbConfigureHS(): USB Device 1 is running in High Speed
[397192.380000] HUB port 1 reset
[397192.380000] UsbConfigureHS(): USB Device 1 is running in High Speed
[397192.570000] HUB port 2 reset
[397192.570000] UsbConfigureHS(): USB Device 2 is running in High Speed
[397192.680000] HUB port 2 reset
[397192.680000] UsbConfigureHS(): USB Device 2 is running in High Speed
[397192.860000] HUB port 3 reset
[397192.860000] UsbConfigureLS(): USB Device 3 is running in Low Speed
[397192.980000] HUB port 3 reset
[397192.980000] UsbConfigureLS(): USB Device 3 is running in Low Speed
[397200.820000] ProcessStandardRequest(): WARNING : Unsupported Request. EP Stalled
[397200.820000] ProcessStandardRequest(): WARNING : bmRequestType: 0x1 bmRequest: 0xb
PDK LPC Reset is invoked
Restarting Bootlogo Daemon.
Framebuffer information: 800x600 (32)bpp, 8388608
Bootlogo: Show BMC IP Addr 10.38.175.43
[789 : 889 INFO]Signal Sent Successfully to UART Logging application

[3079 : 3079 INFO]INFO: Received Signal 14 from IPMI Stack 

[3079 : 3079 INFO]START mirroring/logging...

[3079 : 3079 INFO]INFO: Setting the Attributes for the UART...

[3079 : 28971 INFO]Recv Thread: Starting the thread to mirror data from /dev/ttyS3 to /dev/ttyS3

[3079 : 28970 INFO]Send Thread: Starting the thread to mirror data from /dev/ttyS3 to /dev/ttyS3

Closing Serial SOL Port
[789 : 896 INFO]Signal Sent Successfully to UART Logging application

[3079 : 3079 INFO]INFO: Received Signal 14 from IPMI Stack 

[3079 : 3079 INFO]START mirroring/logging...

[3079 : 3079 INFO]INFO: Setting the Attributes for the UART...

Closing Serial SOL Port
[3079 : 3079 INFO]INFO: Received Signal 14 from IPMI Stack 

[3079 : 3079 INFO]START mirroring/logging...

[3079 : 3079 INFO]INFO: Setting the Attributes for the UART...

[789 : 892 INFO]Signal Sent Successfully to UART Logging application

Closing Serial SOL Port
[789 : 859 WARNING][LANIfc.c:1892]LANIfc: ProcessBridgeMsg - No Session with the LAN

[789 : 889 INFO]Signal USR1 Sent Successfully to UART Logging application

[3079 : 3079 INFO]INFO: Received Signal 10 from IPMI Stack 

[3079 : 3079 INFO]STOP mirroring/logging...

[789 : 896 INFO]Signal USR1 Sent Successfully to UART Logging application

[3079 : 3079 INFO]INFO: Received Signal 10 from IPMI Stack 

[3079 : 3079 INFO]STOP mirroring/logging...

[789 : 892 INFO]Signal USR1 Sent Successfully to UART Logging application

[3079 : 3079 INFO]INFO: Received Signal 10 from IPMI Stack 

[3079 : 3079 INFO]STOP mirroring/logging...

Killed
logout
Connection to 10.38.175.31 closed.
