Host 10.38.175.43 not found in /home/amcclab/.ssh/known_hosts
search_board_type Mt.Jade
./sshpass -p amcc1234 ssh -o StrictHostKeyChecking=no -t amcclab@10.38.175.31 'ipmitool -H 10.38.175.43 -U ADMIN -P ADMIN  sel list'
Pseudo-terminal will not be allocated because stdin is not a terminal.
   1 | 04/26/2021 | 07:13:21 | System ACPI Power State #0x7a | S5/G2: soft-off | Asserted
   2 | 04/26/2021 | 07:13:21 | System ACPI Power State #0x8a | S5/G2: soft-off | Asserted
   3 | 04/26/2021 | 07:16:01 | System ACPI Power State #0x7a | S0/G0: working | Asserted
   4 | 04/26/2021 | 07:16:01 | System ACPI Power State #0x8a | S0/G0: working | Asserted
   5 | 04/26/2021 | 07:16:02 | OEM record c0 | 00cd3a | 0feb70020000
   6 | 04/26/2021 | 07:16:03 | OEM record c0 | 00cd3a | 0feb70120000
   7 | 04/26/2021 | 07:16:21 | OEM record c0 | 00cd3a | 0feb70220000
   8 | 04/26/2021 | 07:16:21 | OEM record c0 | 00cd3a | 0feb70320000
   9 | 04/26/2021 | 07:16:23 | OEM record c0 | 00cd3a | 0feb70520000
   a | 04/26/2021 | 07:16:24 | OEM record c0 | 00cd3a | 0feb70620000
   b | 04/26/2021 | 07:16:49 | OEM record c0 | 00cd3a | 0feb70820000
   c | 04/26/2021 | 07:16:49 | System Firmwares #0xe4 | System boot initiated | Asserted
   d | 04/26/2021 | 07:25:00 | System Boot Initiated #0xdc | System Restart | Asserted
   e | 04/26/2021 | 07:25:01 | OEM record c0 | 00cd3a | 0feb70020000
   f | 04/26/2021 | 07:25:01 | OEM record c0 | 00cd3a | 0feb70120000
  10 | 04/26/2021 | 07:25:20 | OEM record c0 | 00cd3a | 0feb70220000
  11 | 04/26/2021 | 07:25:20 | OEM record c0 | 00cd3a | 0feb70320000
  12 | 04/26/2021 | 07:25:22 | OEM record c0 | 00cd3a | 0feb70520000
  13 | 04/26/2021 | 07:25:23 | OEM record c0 | 00cd3a | 0feb70620000
  14 | 04/26/2021 | 07:25:49 | OEM record c0 | 00cd3a | 0feb70820000
  15 | 04/26/2021 | 07:25:49 | System Firmwares #0xe4 | System boot initiated | Asserted
  16 | 04/26/2021 | 07:31:25 | System Boot Initiated #0xdc | System Restart | Asserted
  17 | 04/26/2021 | 07:31:25 | OEM record c0 | 00cd3a | 0feb70020000
  18 | 04/26/2021 | 07:31:26 | OEM record c0 | 00cd3a | 0feb70120000
  19 | 04/26/2021 | 07:31:45 | OEM record c0 | 00cd3a | 0feb70220000
  1a | 04/26/2021 | 07:31:46 | OEM record c0 | 00cd3a | 0feb70320000
  1b | 04/26/2021 | 07:31:48 | OEM record c0 | 00cd3a | 0feb70520000
  1c | 04/26/2021 | 07:31:49 | OEM record c0 | 00cd3a | 0feb70620000
  1d | 04/26/2021 | 07:32:15 | OEM record c0 | 00cd3a | 0feb70820000
  1e | 04/26/2021 | 07:32:15 | System Firmwares #0xe4 | System boot initiated | Asserted
  1f | 04/26/2021 | 23:38:31 | System ACPI Power State #0x7a | S5/G2: soft-off | Asserted
  20 | 04/26/2021 | 23:38:31 | System ACPI Power State #0x8a | S5/G2: soft-off | Asserted
  21 | 04/26/2021 | 23:46:19 | System ACPI Power State #0x7a | S0/G0: working | Asserted
  22 | 04/26/2021 | 23:46:19 | System ACPI Power State #0x8a | S0/G0: working | Asserted
  23 | 04/26/2021 | 23:46:20 | OEM record c0 | 00cd3a | 0feb70020000
  24 | 04/26/2021 | 23:46:20 | OEM record c0 | 00cd3a | 0feb70120000
  25 | 04/26/2021 | 23:46:38 | OEM record c0 | 00cd3a | 0feb70220000
  26 | 04/26/2021 | 23:46:40 | OEM record c0 | 00cd3a | 0feb70320000
  27 | 04/26/2021 | 23:46:41 | OEM record c0 | 00cd3a | 0feb70520000
  28 | 04/26/2021 | 23:46:42 | OEM record c0 | 00cd3a | 0feb70620000
  29 | 04/26/2021 | 23:47:08 | OEM record c0 | 00cd3a | 0feb70820000
  2a | 04/26/2021 | 23:47:08 | System Firmwares #0xe4 | System boot initiated | Asserted
  2b | 04/26/2021 | 23:48:07 | System ACPI Power State #0x7a | S5/G2: soft-off | Asserted
  2c | 04/26/2021 | 23:48:07 | System ACPI Power State #0x8a | S5/G2: soft-off | Asserted
  2d | 04/26/2021 | 23:48:40 | System ACPI Power State #0x7a | S0/G0: working | Asserted
  2e | 04/26/2021 | 23:48:40 | System ACPI Power State #0x8a | S0/G0: working | Asserted
  2f | 04/26/2021 | 23:48:40 | OEM record c0 | 00cd3a | 0feb70020000
  30 | 04/26/2021 | 23:48:41 | OEM record c0 | 00cd3a | 0feb70120000
  31 | 04/26/2021 | 23:48:43 | Voltage #0x75 | Lower Non-recoverable going low  | Asserted
  32 | 04/26/2021 | 23:48:43 | Voltage #0x76 | Lower Non-recoverable going low  | Asserted
  33 | 04/26/2021 | 23:48:43 | Voltage #0x85 | Lower Non-recoverable going low  | Asserted
  34 | 04/26/2021 | 23:48:43 | Voltage #0x86 | Lower Non-recoverable going low  | Asserted
  35 | 04/26/2021 | 23:48:45 | System ACPI Power State #0x7a | S5/G2: soft-off | Asserted
  36 | 04/26/2021 | 23:48:45 | System ACPI Power State #0x8a | S5/G2: soft-off | Asserted
  37 | 04/26/2021 | 23:49:39 | OEM record c0 | 00cd3a | 0feb70020000
  38 | 04/26/2021 | 23:49:39 | System ACPI Power State #0x7a | S0/G0: working | Asserted
  39 | 04/26/2021 | 23:49:39 | System ACPI Power State #0x8a | S0/G0: working | Asserted
  3a | 04/26/2021 | 23:49:40 | OEM record c0 | 00cd3a | 0feb70120000
  3b | 04/26/2021 | 23:52:21 | System Firmwares #0xe4 | Unspecified | Asserted
  3c | 04/26/2021 | 23:52:21 | OEM record c0 | 00cd3a | 0feb70230000
  3d | 04/26/2021 | 23:52:29 | System ACPI Power State #0x7a | S5/G2: soft-off | Asserted
  3e | 04/26/2021 | 23:52:29 | System ACPI Power State #0x8a | S5/G2: soft-off | Asserted
  3f | 04/26/2021 | 23:53:14 | System ACPI Power State #0x7a | S0/G0: working | Asserted
  40 | 04/26/2021 | 23:53:14 | System ACPI Power State #0x8a | S0/G0: working | Asserted
  41 | 04/26/2021 | 23:53:15 | OEM record c0 | 00cd3a | 0feb70020000
  42 | 04/26/2021 | 23:53:16 | OEM record c0 | 00cd3a | 0feb70120000
  43 | 04/26/2021 | 23:55:57 | System Firmwares #0xe4 | Unspecified | Asserted
  44 | 04/26/2021 | 23:55:57 | OEM record c0 | 00cd3a | 0feb70230000
  45 | 04/26/2021 | 23:56:05 | System ACPI Power State #0x7a | S5/G2: soft-off | Asserted
  46 | 04/26/2021 | 23:56:05 | System ACPI Power State #0x8a | S5/G2: soft-off | Asserted
  47 | 04/26/2021 | 23:56:52 | System ACPI Power State #0x7a | S0/G0: working | Asserted
  48 | 04/26/2021 | 23:56:52 | System ACPI Power State #0x8a | S0/G0: working | Asserted
  49 | 04/26/2021 | 23:56:52 | OEM record c0 | 00cd3a | 0feb70020000
  4a | 04/26/2021 | 23:56:53 | OEM record c0 | 00cd3a | 0feb70120000
  4b | 04/26/2021 | 23:59:35 | System Firmwares #0xe4 | Unspecified | Asserted
  4c | 04/26/2021 | 23:59:35 | OEM record c0 | 00cd3a | 0feb70230000
  4d | 04/27/2021 | 00:02:37 | System ACPI Power State #0x7a | S5/G2: soft-off | Asserted
  4e | 04/27/2021 | 00:02:37 | System ACPI Power State #0x8a | S5/G2: soft-off | Asserted
  4f | 04/27/2021 | 00:03:52 | System ACPI Power State #0x7a | S0/G0: working | Asserted
  50 | 04/27/2021 | 00:03:52 | System ACPI Power State #0x8a | S0/G0: working | Asserted
  51 | 04/27/2021 | 00:03:52 | OEM record c0 | 00cd3a | 0feb70020000
  52 | 04/27/2021 | 00:03:53 | OEM record c0 | 00cd3a | 0feb70120000
  53 | 04/27/2021 | 00:14:10 | System ACPI Power State #0x7a | S5/G2: soft-off | Asserted
  54 | 04/27/2021 | 00:14:10 | System ACPI Power State #0x8a | S5/G2: soft-off | Asserted
  55 | 04/27/2021 | 00:14:56 | System ACPI Power State #0x7a | S0/G0: working | Asserted
  56 | 04/27/2021 | 00:14:56 | System ACPI Power State #0x8a | S0/G0: working | Asserted
  57 | 04/27/2021 | 00:14:56 | OEM record c0 | 00cd3a | 0feb70020000
  58 | 04/27/2021 | 00:14:57 | OEM record c0 | 00cd3a | 0feb70120000
  59 | 04/27/2021 | 00:26:35 | System ACPI Power State #0x7a | S5/G2: soft-off | Asserted
  5a | 04/27/2021 | 00:26:35 | System ACPI Power State #0x8a | S5/G2: soft-off | Asserted
  5b | 04/27/2021 | 00:27:20 | System ACPI Power State #0x7a | S0/G0: working | Asserted
  5c | 04/27/2021 | 00:27:20 | System ACPI Power State #0x8a | S0/G0: working | Asserted
  5d | 04/27/2021 | 00:27:21 | OEM record c0 | 00cd3a | 0feb70020000
  5e | 04/27/2021 | 00:27:21 | OEM record c0 | 00cd3a | 0feb70120000
  5f | 04/28/2021 | 10:15:50 | System ACPI Power State #0x7a | S5/G2: soft-off | Asserted
  60 | 04/28/2021 | 10:15:50 | System ACPI Power State #0x8a | S5/G2: soft-off | Asserted
  61 | 04/28/2021 | 10:18:40 | OEM record c0 | 00cd3a | ca907112ffff
  62 | 04/28/2021 | 10:18:41 | OEM record c0 | 00cd3a | ca90f112ffff
  63 | 04/28/2021 | 10:18:48 | OEM record c0 | 040061 | cae26f00ffff
  64 | 04/28/2021 | 10:20:28 | System ACPI Power State #0x7a | S5/G2: soft-off | Asserted
  65 | 04/28/2021 | 10:20:28 | System ACPI Power State #0x8a | S5/G2: soft-off | Asserted
  66 | 04/28/2021 | 10:21:17 | OEM record c0 | 00cd3a | ca907112ffff
  67 | 04/28/2021 | 10:21:18 | OEM record c0 | 00cd3a | ca90f112ffff
  68 | 04/28/2021 | 10:21:25 | OEM record c0 | 040061 | cae26f00ffff
  69 | 04/28/2021 | 10:23:04 | System ACPI Power State #0x7a | S5/G2: soft-off | Asserted
  6a | 04/28/2021 | 10:23:04 | System ACPI Power State #0x8a | S5/G2: soft-off | Asserted
  6b | 04/28/2021 | 10:23:54 | OEM record c0 | 00cd3a | ca907112ffff
  6c | 04/28/2021 | 10:23:55 | OEM record c0 | 00cd3a | ca90f112ffff
  6d | 04/28/2021 | 10:24:02 | OEM record c0 | 040061 | cae26f00ffff
  6e | 04/28/2021 | 22:41:57 | OEM record c0 | 00cd3a | ca907112ffff
  6f | 04/28/2021 | 22:41:58 | OEM record c0 | 00cd3a | ca90f112ffff
  70 | 04/28/2021 | 22:42:03 | OEM record c0 | 040061 | cae26f00ffff
  71 | 04/28/2021 | 22:42:05 | System ACPI Power State #0x7a | S5/G2: soft-off | Asserted
  72 | 04/28/2021 | 22:42:05 | System ACPI Power State #0x8a | S5/G2: soft-off | Asserted
  73 | 04/28/2021 | 22:42:31 | OEM record c0 | 00cd3a | ca907112ffff
  74 | 04/28/2021 | 22:42:32 | OEM record c0 | 00cd3a | ca90f112ffff
  75 | 04/28/2021 | 22:42:38 | OEM record c0 | 040061 | cae26f00ffff
  76 | 04/28/2021 | 22:56:31 | System ACPI Power State #0x7a | S5/G2: soft-off | Asserted
  77 | 04/28/2021 | 22:56:31 | System ACPI Power State #0x8a | S5/G2: soft-off | Asserted
  78 | 04/28/2021 | 22:59:19 | System ACPI Power State #0x7a | S0/G0: working | Asserted
  79 | 04/28/2021 | 22:59:19 | System ACPI Power State #0x8a | S0/G0: working | Asserted
  7a | 04/28/2021 | 22:59:19 | OEM record c0 | 00cd3a | 0feb70020000
  7b | 04/28/2021 | 22:59:20 | OEM record c0 | 00cd3a | 0feb70120000
  7c | 04/28/2021 | 23:02:01 | System Firmwares #0xe4 | Unspecified | Asserted
  7d | 04/28/2021 | 23:02:01 | OEM record c0 | 00cd3a | 0feb70230000
  7e | 04/28/2021 | 23:02:12 | System ACPI Power State #0x7a | S5/G2: soft-off | Asserted
  7f | 04/28/2021 | 23:02:12 | System ACPI Power State #0x8a | S5/G2: soft-off | Asserted
  80 | 04/28/2021 | 23:02:58 | System ACPI Power State #0x7a | S0/G0: working | Asserted
  81 | 04/28/2021 | 23:02:58 | System ACPI Power State #0x8a | S0/G0: working | Asserted
  82 | 04/28/2021 | 23:02:59 | OEM record c0 | 00cd3a | 0feb70020000
  83 | 04/28/2021 | 23:03:00 | OEM record c0 | 00cd3a | 0feb70120000
  84 | 04/28/2021 | 23:05:40 | System Firmwares #0xe4 | Unspecified | Asserted
  85 | 04/28/2021 | 23:05:40 | OEM record c0 | 00cd3a | 0feb70230000
  86 | 04/28/2021 | 23:07:50 | System ACPI Power State #0x7a | S5/G2: soft-off | Asserted
  87 | 04/28/2021 | 23:07:50 | System ACPI Power State #0x8a | S5/G2: soft-off | Asserted
  88 | 04/28/2021 | 23:11:27 | System ACPI Power State #0x7a | S0/G0: working | Asserted
  89 | 04/28/2021 | 23:11:27 | System ACPI Power State #0x8a | S0/G0: working | Asserted
  8a | 04/28/2021 | 23:11:27 | OEM record c0 | 00cd3a | 0feb70020000
  8b | 04/28/2021 | 23:11:28 | OEM record c0 | 00cd3a | 0feb70120000
  8c | 04/28/2021 | 23:11:29 | Voltage #0x75 | Lower Non-recoverable going low  | Deasserted
  8d | 04/28/2021 | 23:11:29 | Voltage #0x76 | Lower Non-recoverable going low  | Deasserted
  8e | 04/28/2021 | 23:11:30 | Voltage #0x85 | Lower Non-recoverable going low  | Deasserted
  8f | 04/28/2021 | 23:11:30 | Voltage #0x86 | Lower Non-recoverable going low  | Deasserted
  90 | 04/28/2021 | 23:14:09 | System Firmwares #0xe4 | Unspecified | Asserted
  91 | 04/28/2021 | 23:14:09 | OEM record c0 | 00cd3a | 0feb70230000
  92 | 04/28/2021 | 23:14:20 | System ACPI Power State #0x7a | S5/G2: soft-off | Asserted
  93 | 04/28/2021 | 23:14:20 | System ACPI Power State #0x8a | S5/G2: soft-off | Asserted
  94 | 04/28/2021 | 23:15:08 | System ACPI Power State #0x7a | S0/G0: working | Asserted
  95 | 04/28/2021 | 23:15:08 | System ACPI Power State #0x8a | S0/G0: working | Asserted
  96 | 04/28/2021 | 23:15:09 | OEM record c0 | 00cd3a | 0feb70020000
  97 | 04/28/2021 | 23:15:09 | OEM record c0 | 00cd3a | 0feb70120000
  98 | 04/28/2021 | 23:17:51 | System Firmwares #0xe4 | Unspecified | Asserted
  99 | 04/28/2021 | 23:17:51 | OEM record c0 | 00cd3a | 0feb70230000
  9a | 04/28/2021 | 23:18:02 | System ACPI Power State #0x7a | S5/G2: soft-off | Asserted
  9b | 04/28/2021 | 23:18:02 | System ACPI Power State #0x8a | S5/G2: soft-off | Asserted
  9c | 04/28/2021 | 23:18:53 | System ACPI Power State #0x7a | S0/G0: working | Asserted
  9d | 04/28/2021 | 23:18:53 | System ACPI Power State #0x8a | S0/G0: working | Asserted
  9e | 04/28/2021 | 23:18:54 | OEM record c0 | 00cd3a | 0feb70020000
  9f | 04/28/2021 | 23:18:55 | OEM record c0 | 00cd3a | 0feb70120000
  a0 | 04/28/2021 | 23:19:26 | System ACPI Power State #0x7a | S5/G2: soft-off | Asserted
  a1 | 04/28/2021 | 23:19:26 | System ACPI Power State #0x8a | S5/G2: soft-off | Asserted
  a2 | 04/28/2021 | 23:21:38 | System ACPI Power State #0x7a | S0/G0: working | Asserted
  a3 | 04/28/2021 | 23:21:38 | System ACPI Power State #0x8a | S0/G0: working | Asserted
  a4 | 04/28/2021 | 23:21:39 | OEM record c0 | 00cd3a | 0feb70020000
  a5 | 04/28/2021 | 23:21:39 | OEM record c0 | 00cd3a | 0feb70120000
  a6 | 04/28/2021 | 23:24:22 | System Firmwares #0xe4 | Unspecified | Asserted
  a7 | 04/28/2021 | 23:24:22 | OEM record c0 | 00cd3a | 0feb70230000
  a8 | 04/28/2021 | 23:24:32 | System ACPI Power State #0x7a | S5/G2: soft-off | Asserted
  a9 | 04/28/2021 | 23:24:32 | System ACPI Power State #0x8a | S5/G2: soft-off | Asserted
  aa | 04/28/2021 | 23:25:23 | System ACPI Power State #0x7a | S0/G0: working | Asserted
  ab | 04/28/2021 | 23:25:23 | System ACPI Power State #0x8a | S0/G0: working | Asserted
  ac | 04/28/2021 | 23:25:23 | OEM record c0 | 00cd3a | 0feb70020000
  ad | 04/28/2021 | 23:25:24 | OEM record c0 | 00cd3a | 0feb70120000
  ae | 04/28/2021 | 23:28:06 | System Firmwares #0xe4 | Unspecified | Asserted
  af | 04/28/2021 | 23:28:06 | OEM record c0 | 00cd3a | 0feb70230000
  b0 | 04/28/2021 | 23:28:17 | System ACPI Power State #0x7a | S5/G2: soft-off | Asserted
  b1 | 04/28/2021 | 23:28:17 | System ACPI Power State #0x8a | S5/G2: soft-off | Asserted
  b2 | 04/28/2021 | 23:29:06 | System ACPI Power State #0x7a | S0/G0: working | Asserted
  b3 | 04/28/2021 | 23:29:06 | System ACPI Power State #0x8a | S0/G0: working | Asserted
  b4 | 04/28/2021 | 23:29:06 | OEM record c0 | 00cd3a | 0feb70020000
  b5 | 04/28/2021 | 23:29:07 | OEM record c0 | 00cd3a | 0feb70120000
  b6 | 04/28/2021 | 23:31:48 | System Firmwares #0xe4 | Unspecified | Asserted
  b7 | 04/28/2021 | 23:31:48 | OEM record c0 | 00cd3a | 0feb70230000
  b8 | 04/29/2021 | 00:01:58 | System ACPI Power State #0x7a | S5/G2: soft-off | Asserted
  b9 | 04/29/2021 | 00:01:58 | System ACPI Power State #0x8a | S5/G2: soft-off | Asserted
  ba | 04/29/2021 | 00:03:57 | System ACPI Power State #0x7a | S0/G0: working | Asserted
  bb | 04/29/2021 | 00:03:57 | System ACPI Power State #0x8a | S0/G0: working | Asserted
  bc | 04/29/2021 | 00:03:57 | OEM record c0 | 00cd3a | 0feb70020000
  bd | 04/29/2021 | 00:03:58 | OEM record c0 | 00cd3a | 0feb70120000
  be | 04/29/2021 | 00:06:41 | System Firmwares #0xe4 | Unspecified | Asserted
  bf | 04/29/2021 | 00:06:41 | OEM record c0 | 00cd3a | 0feb70230000
  c0 | 04/29/2021 | 00:15:02 | System ACPI Power State #0x7a | S5/G2: soft-off | Asserted
  c1 | 04/29/2021 | 00:15:02 | System ACPI Power State #0x8a | S5/G2: soft-off | Asserted
  c2 | 04/29/2021 | 00:17:00 | System ACPI Power State #0x7a | S0/G0: working | Asserted
  c3 | 04/29/2021 | 00:17:00 | System ACPI Power State #0x8a | S0/G0: working | Asserted
  c4 | 04/29/2021 | 00:17:01 | OEM record c0 | 00cd3a | 0feb70020000
  c5 | 04/29/2021 | 00:17:01 | OEM record c0 | 00cd3a | 0feb70120000
  c6 | 04/29/2021 | 00:17:19 | OEM record c0 | 00cd3a | 0feb70220000
  c7 | 04/29/2021 | 00:17:20 | OEM record c0 | 00cd3a | 0feb70320000
  c8 | 04/29/2021 | 00:17:22 | OEM record c0 | 00cd3a | 0feb70520000
  c9 | 04/29/2021 | 00:17:23 | OEM record c0 | 00cd3a | 0feb70620000
  ca | 04/29/2021 | 00:17:31 | OEM record c0 | 00cd3a | ca8f7101ffff
  cb | 04/29/2021 | 00:17:32 | OEM record c0 | 00cd3a | ca8ff101ffff
  cc | 04/29/2021 | 00:17:50 | System Boot Initiated #0xdc | OS initiated hard reset | Asserted
  cd | 04/29/2021 | 00:17:50 | OEM record c0 | 00cd3a | 0feb70020000
  ce | 04/29/2021 | 00:17:52 | OEM record c0 | 00cd3a | 0feb70120000
  cf | 04/29/2021 | 00:18:10 | OEM record c0 | 00cd3a | 0feb70220000
  d0 | 04/29/2021 | 00:18:11 | OEM record c0 | 00cd3a | 0feb70320000
  d1 | 04/29/2021 | 00:18:13 | OEM record c0 | 00cd3a | 0feb70520000
  d2 | 04/29/2021 | 00:18:14 | OEM record c0 | 00cd3a | 0feb70620000
  d3 | 04/29/2021 | 00:18:51 | OEM record c0 | 00cd3a | 0feb70820000
  d4 | 04/29/2021 | 00:18:51 | System Firmwares #0xe4 | System boot initiated | Asserted
  d5 | 04/29/2021 | 00:59:27 | System Boot Initiated #0xdc | System Restart | Asserted
  d6 | 04/29/2021 | 00:59:28 | OEM record c0 | 00cd3a | 0feb70020000
  d7 | 04/29/2021 | 00:59:29 | OEM record c0 | 00cd3a | 0feb70120000
  d8 | 04/29/2021 | 00:59:47 | OEM record c0 | 00cd3a | 0feb70220000
  d9 | 04/29/2021 | 00:59:48 | OEM record c0 | 00cd3a | 0feb70320000
  da | 04/29/2021 | 00:59:50 | OEM record c0 | 00cd3a | 0feb70520000
  db | 04/29/2021 | 00:59:51 | OEM record c0 | 00cd3a | 0feb70620000
  dc | 04/29/2021 | 01:00:24 | OEM record c0 | 00cd3a | 0feb70820000
  dd | 04/29/2021 | 01:00:24 | System Firmwares #0xe4 | System boot initiated | Asserted
  de | 04/29/2021 | 03:35:16 | System ACPI Power State #0x7a | S5/G2: soft-off | Asserted
  df | 04/29/2021 | 03:35:16 | System ACPI Power State #0x8a | S5/G2: soft-off | Asserted
  e0 | 04/29/2021 | 03:37:55 | OEM record c0 | 00cd3a | ca8f7102ffff
  e1 | 04/29/2021 | 03:37:55 | OEM record c0 | 00cd3a | ca8f7114ffff
  e2 | 04/29/2021 | 03:37:56 | OEM record c0 | 00cd3a | ca8ff102ffff
  e3 | 04/29/2021 | 03:37:56 | OEM record c0 | 00cd3a | ca8ff114ffff
  e4 | 04/29/2021 | 03:38:00 | OEM record c0 | 040061 | cae36f00ffff
  e5 | 04/29/2021 | 03:38:00 | System ACPI Power State #0x7a | S0/G0: working | Asserted
  e6 | 04/29/2021 | 03:38:25 | OEM record c0 | 00cd3a | ca8f7102ffff
  e7 | 04/29/2021 | 03:38:25 | OEM record c0 | 00cd3a | ca8f7114ffff
  e8 | 04/29/2021 | 03:38:26 | OEM record c0 | 00cd3a | ca8ff102ffff
  e9 | 04/29/2021 | 03:38:26 | OEM record c0 | 00cd3a | ca8ff114ffff
  ea | 04/29/2021 | 03:38:31 | OEM record c0 | 040061 | cae36f00ffff
  eb | 04/29/2021 | 03:38:31 | System Boot Initiated #0xdc | OS initiated hard reset | Asserted
  ec | 04/29/2021 | 03:38:31 | OEM record c0 | 00cd3a | 0feb70020000
  ed | 04/29/2021 | 03:38:32 | OEM record c0 | 00cd3a | 0feb70120000
  ee | 04/29/2021 | 03:38:35 | Voltage #0x58 | Lower Non-recoverable going low  | Asserted
  ef | 04/29/2021 | 03:38:35 | Voltage #0x63 | Lower Non-recoverable going low  | Asserted
  f0 | 04/29/2021 | 03:38:44 | OEM record c0 | 00cd3a | 0feb70220000
  f1 | 04/29/2021 | 03:38:44 | OEM record c0 | 00cd3a | 0feb70320000
  f2 | 04/29/2021 | 03:38:46 | OEM record c0 | 00cd3a | 0feb70520000
  f3 | 04/29/2021 | 03:38:47 | OEM record c0 | 00cd3a | 0feb70620000
  f4 | 04/29/2021 | 03:39:27 | OEM record c0 | 00cd3a | 0feb70820000
  f5 | 04/29/2021 | 03:39:27 | System Firmwares #0xe4 | System boot initiated | Asserted
  f6 | 04/29/2021 | 03:40:38 | OEM record c0 | 00cd3a | ca8f7102ffff
  f7 | 04/29/2021 | 03:40:38 | OEM record c0 | 00cd3a | ca8f7114ffff
  f8 | 04/29/2021 | 03:40:39 | OEM record c0 | 00cd3a | ca8ff102ffff
  f9 | 04/29/2021 | 03:40:39 | OEM record c0 | 00cd3a | ca8ff114ffff
  fa | 04/29/2021 | 03:40:43 | OEM record c0 | 040061 | cae36f00ffff
  fb | 04/29/2021 | 03:40:43 | System Boot Initiated #0xdc | System Restart | Asserted
  fc | 04/29/2021 | 03:40:44 | OEM record c0 | 00cd3a | 0feb70020000
  fd | 04/29/2021 | 03:40:44 | OEM record c0 | 00cd3a | 0feb70120000
  fe | 04/29/2021 | 03:40:57 | OEM record c0 | 00cd3a | 0feb70220000
  ff | 04/29/2021 | 03:40:58 | OEM record c0 | 00cd3a | 0feb70320000
 100 | 04/29/2021 | 03:40:59 | OEM record c0 | 00cd3a | 0feb70520000
 101 | 04/29/2021 | 03:41:00 | OEM record c0 | 00cd3a | 0feb70620000
 102 | 04/29/2021 | 03:41:40 | OEM record c0 | 00cd3a | 0feb70820000
 103 | 04/29/2021 | 03:41:40 | System Firmwares #0xe4 | System boot initiated | Asserted
 104 | 04/29/2021 | 04:05:25 | System ACPI Power State #0x7a | S5/G2: soft-off | Asserted
 105 | 04/29/2021 | 04:05:25 | System ACPI Power State #0x8a | S5/G2: soft-off | Asserted
 106 | 04/29/2021 | 23:27:42 | System ACPI Power State #0x7a | S0/G0: working | Asserted
 107 | 04/29/2021 | 23:27:42 | System ACPI Power State #0x8a | S0/G0: working | Asserted
 108 | 04/29/2021 | 23:27:43 | OEM record c0 | 00cd3a | 0feb70020000
 109 | 04/29/2021 | 23:27:43 | OEM record c0 | 00cd3a | 0feb70120000
 10a | 04/29/2021 | 23:28:02 | OEM record c0 | 00cd3a | 0feb70220000
 10b | 04/29/2021 | 23:28:03 | OEM record c0 | 00cd3a | 0feb70320000
 10c | 04/29/2021 | 23:28:05 | OEM record c0 | 00cd3a | 0feb70520000
 10d | 04/29/2021 | 23:28:06 | OEM record c0 | 00cd3a | 0feb70620000
 10e | 04/29/2021 | 23:28:50 | OEM record c0 | 00cd3a | 0feb70820000
 10f | 04/29/2021 | 23:28:50 | System Firmwares #0xe4 | System boot initiated | Asserted
 110 | 04/29/2021 | 23:29:29 | Voltage #0x58 | Lower Non-recoverable going low  | Deasserted
 111 | 04/29/2021 | 23:29:29 | Voltage #0x63 | Lower Non-recoverable going low  | Deasserted
 112 | 04/29/2021 | 23:49:34 | System Boot Initiated #0xdc | System Restart | Asserted
 113 | 04/29/2021 | 23:49:35 | OEM record c0 | 00cd3a | 0feb70020000
 114 | 04/29/2021 | 23:49:36 | OEM record c0 | 00cd3a | 0feb70120000
 115 | 04/29/2021 | 23:49:55 | OEM record c0 | 00cd3a | 0feb70220000
 116 | 04/29/2021 | 23:49:56 | OEM record c0 | 00cd3a | 0feb70320000
 117 | 04/29/2021 | 23:49:58 | OEM record c0 | 00cd3a | 0feb70520000
 118 | 04/29/2021 | 23:49:59 | OEM record c0 | 00cd3a | 0feb70620000
 119 | 04/29/2021 | 23:50:31 | OEM record c0 | 00cd3a | 0feb70820000
 11a | 04/29/2021 | 23:50:31 | System Firmwares #0xe4 | System boot initiated | Asserted
 11b | 04/30/2021 | 00:19:05 | System Boot Initiated #0xdc | OS initiated hard reset | Asserted
 11c | 04/30/2021 | 00:19:06 | OEM record c0 | 00cd3a | 0feb70020000
 11d | 04/30/2021 | 00:19:07 | OEM record c0 | 00cd3a | 0feb70120000
 11e | 04/30/2021 | 00:19:25 | OEM record c0 | 00cd3a | 0feb70220000
 11f | 04/30/2021 | 00:19:26 | OEM record c0 | 00cd3a | 0feb70320000
 120 | 04/30/2021 | 00:19:28 | OEM record c0 | 00cd3a | 0feb70520000
 121 | 04/30/2021 | 00:19:29 | OEM record c0 | 00cd3a | 0feb70620000
 122 | 04/30/2021 | 00:20:12 | OEM record c0 | 00cd3a | 0feb70820000
 123 | 04/30/2021 | 00:20:12 | System Firmwares #0xe4 | System boot initiated | Asserted
 124 | 04/30/2021 | 00:22:45 | System ACPI Power State #0x7a | S5/G2: soft-off | Asserted
 125 | 04/30/2021 | 00:22:45 | System ACPI Power State #0x8a | S5/G2: soft-off | Asserted
 126 | 04/30/2021 | 00:23:37 | System ACPI Power State #0x7a | S0/G0: working | Asserted
 127 | 04/30/2021 | 00:23:37 | System ACPI Power State #0x8a | S0/G0: working | Asserted
 128 | 04/30/2021 | 00:23:38 | OEM record c0 | 00cd3a | 0feb70020000
 129 | 04/30/2021 | 00:23:39 | OEM record c0 | 00cd3a | 0feb70120000
 12a | 04/30/2021 | 00:23:57 | OEM record c0 | 00cd3a | 0feb70220000
 12b | 04/30/2021 | 00:23:58 | OEM record c0 | 00cd3a | 0feb70320000
 12c | 04/30/2021 | 00:24:00 | OEM record c0 | 00cd3a | 0feb70520000
 12d | 04/30/2021 | 00:24:01 | OEM record c0 | 00cd3a | 0feb70620000
 12e | 04/30/2021 | 00:24:52 | OEM record c0 | 00cd3a | 0feb70820000
 12f | 04/30/2021 | 00:24:52 | System Firmwares #0xe4 | System boot initiated | Asserted
 130 | 04/30/2021 | 00:33:42 | System ACPI Power State #0x7a | S5/G2: soft-off | Asserted
 131 | 04/30/2021 | 00:33:42 | System ACPI Power State #0x8a | S5/G2: soft-off | Asserted
 132 | 04/30/2021 | 00:34:34 | System ACPI Power State #0x7a | S0/G0: working | Asserted
 133 | 04/30/2021 | 00:34:34 | System ACPI Power State #0x8a | S0/G0: working | Asserted
 134 | 04/30/2021 | 00:34:35 | OEM record c0 | 00cd3a | 0feb70020000
 135 | 04/30/2021 | 00:34:36 | OEM record c0 | 00cd3a | 0feb70120000
 136 | 04/30/2021 | 00:34:53 | OEM record c0 | 00cd3a | 0feb70220000
 137 | 04/30/2021 | 00:34:54 | OEM record c0 | 00cd3a | 0feb70320000
 138 | 04/30/2021 | 00:34:56 | OEM record c0 | 00cd3a | 0feb70520000
 139 | 04/30/2021 | 00:34:57 | OEM record c0 | 00cd3a | 0feb70620000
 13a | 04/30/2021 | 00:36:09 | OEM record c0 | 00cd3a | 0feb70820000
 13b | 04/30/2021 | 00:36:09 | System Firmwares #0xe4 | System boot initiated | Asserted
 13c | 04/30/2021 | 00:39:52 | System ACPI Power State #0x7a | S5/G2: soft-off | Asserted
 13d | 04/30/2021 | 00:39:52 | System ACPI Power State #0x8a | S5/G2: soft-off | Asserted
 13e | 04/30/2021 | 00:40:44 | System ACPI Power State #0x7a | S0/G0: working | Asserted
 13f | 04/30/2021 | 00:40:44 | System ACPI Power State #0x8a | S0/G0: working | Asserted
 140 | 04/30/2021 | 00:40:45 | OEM record c0 | 00cd3a | 0feb70020000
 141 | 04/30/2021 | 00:40:46 | OEM record c0 | 00cd3a | 0feb70120000
 142 | 04/30/2021 | 00:41:05 | OEM record c0 | 00cd3a | 0feb70220000
 143 | 04/30/2021 | 00:41:05 | OEM record c0 | 00cd3a | 0feb70320000
 144 | 04/30/2021 | 00:41:07 | OEM record c0 | 00cd3a | 0feb70520000
 145 | 04/30/2021 | 00:41:08 | OEM record c0 | 00cd3a | 0feb70620000
 146 | 04/30/2021 | 00:41:56 | OEM record c0 | 00cd3a | 0feb70820000
 147 | 04/30/2021 | 00:41:56 | System Firmwares #0xe4 | System boot initiated | Asserted
 148 | 04/30/2021 | 00:59:36 | System ACPI Power State #0x7a | S5/G2: soft-off | Asserted
 149 | 04/30/2021 | 00:59:36 | System ACPI Power State #0x8a | S5/G2: soft-off | Asserted
 14a | 04/30/2021 | 01:00:29 | System ACPI Power State #0x7a | S0/G0: working | Asserted
 14b | 04/30/2021 | 01:00:29 | System ACPI Power State #0x8a | S0/G0: working | Asserted
 14c | 04/30/2021 | 01:00:30 | OEM record c0 | 00cd3a | 0feb70020000
 14d | 04/30/2021 | 01:00:30 | OEM record c0 | 00cd3a | 0feb70120000
 14e | 04/30/2021 | 01:00:48 | OEM record c0 | 00cd3a | 0feb70220000
 14f | 04/30/2021 | 01:00:49 | OEM record c0 | 00cd3a | 0feb70320000
 150 | 04/30/2021 | 01:00:51 | OEM record c0 | 00cd3a | 0feb70520000
 151 | 04/30/2021 | 01:00:52 | OEM record c0 | 00cd3a | 0feb70620000
 152 | 04/30/2021 | 01:02:06 | OEM record c0 | 00cd3a | 0feb70820000
 153 | 04/30/2021 | 01:02:06 | System Firmwares #0xe4 | System boot initiated | Asserted
 154 | 04/30/2021 | 01:12:06 | System ACPI Power State #0x7a | S5/G2: soft-off | Asserted
 155 | 04/30/2021 | 01:12:06 | System ACPI Power State #0x8a | S5/G2: soft-off | Asserted
 156 | 04/30/2021 | 01:12:58 | System ACPI Power State #0x7a | S0/G0: working | Asserted
 157 | 04/30/2021 | 01:12:58 | System ACPI Power State #0x8a | S0/G0: working | Asserted
 158 | 04/30/2021 | 01:12:58 | OEM record c0 | 00cd3a | 0feb70020000
 159 | 04/30/2021 | 01:12:59 | OEM record c0 | 00cd3a | 0feb70120000
 15a | 04/30/2021 | 01:13:18 | OEM record c0 | 00cd3a | 0feb70220000
 15b | 04/30/2021 | 01:13:19 | OEM record c0 | 00cd3a | 0feb70320000
 15c | 04/30/2021 | 01:13:21 | OEM record c0 | 00cd3a | 0feb70520000
 15d | 04/30/2021 | 01:13:22 | OEM record c0 | 00cd3a | 0feb70620000
 15e | 04/30/2021 | 01:14:13 | OEM record c0 | 00cd3a | 0feb70820000
 15f | 04/30/2021 | 01:14:13 | System Firmwares #0xe4 | System boot initiated | Asserted
 160 | 04/30/2021 | 01:29:06 | System ACPI Power State #0x7a | S5/G2: soft-off | Asserted
 161 | 04/30/2021 | 01:29:06 | System ACPI Power State #0x8a | S5/G2: soft-off | Asserted
 162 | 04/30/2021 | 01:29:57 | System ACPI Power State #0x7a | S0/G0: working | Asserted
 163 | 04/30/2021 | 01:29:59 | OEM record c0 | 00cd3a | 0feb70020000
 164 | 04/30/2021 | 01:29:59 | OEM record c0 | 00cd3a | 0feb70120000
 165 | 04/30/2021 | 01:29:59 | System ACPI Power State #0x8a | S0/G0: working | Asserted
 166 | 04/30/2021 | 01:30:17 | OEM record c0 | 00cd3a | 0feb70220000
 167 | 04/30/2021 | 01:30:18 | OEM record c0 | 00cd3a | 0feb70320000
 168 | 04/30/2021 | 01:30:20 | OEM record c0 | 00cd3a | 0feb70520000
 169 | 04/30/2021 | 01:30:21 | OEM record c0 | 00cd3a | 0feb70620000
 16a | 04/30/2021 | 01:31:34 | OEM record c0 | 00cd3a | 0feb70820000
 16b | 04/30/2021 | 01:31:34 | System Firmwares #0xe4 | System boot initiated | Asserted
 16c | 04/30/2021 | 01:32:11 | System ACPI Power State #0x7a | S5/G2: soft-off | Asserted
 16d | 04/30/2021 | 01:32:11 | System ACPI Power State #0x8a | S5/G2: soft-off | Asserted
 16e | 04/30/2021 | 01:33:03 | System ACPI Power State #0x7a | S0/G0: working | Asserted
 16f | 04/30/2021 | 01:33:03 | System ACPI Power State #0x8a | S0/G0: working | Asserted
 170 | 04/30/2021 | 01:33:03 | OEM record c0 | 00cd3a | 0feb70020000
 171 | 04/30/2021 | 01:33:04 | OEM record c0 | 00cd3a | 0feb70120000
 172 | 04/30/2021 | 01:33:23 | OEM record c0 | 00cd3a | 0feb70220000
 173 | 04/30/2021 | 01:33:24 | OEM record c0 | 00cd3a | 0feb70320000
 174 | 04/30/2021 | 01:33:26 | OEM record c0 | 00cd3a | 0feb70520000
 175 | 04/30/2021 | 01:33:27 | OEM record c0 | 00cd3a | 0feb70620000
 176 | 04/30/2021 | 01:34:18 | OEM record c0 | 00cd3a | 0feb70820000
 177 | 04/30/2021 | 01:34:18 | System Firmwares #0xe4 | System boot initiated | Asserted
 178 | 04/30/2021 | 01:46:18 | System ACPI Power State #0x7a | S5/G2: soft-off | Asserted
 179 | 04/30/2021 | 01:46:18 | System ACPI Power State #0x8a | S5/G2: soft-off | Asserted
 17a | 04/30/2021 | 01:47:10 | System ACPI Power State #0x7a | S0/G0: working | Asserted
 17b | 04/30/2021 | 01:47:10 | System ACPI Power State #0x8a | S0/G0: working | Asserted
 17c | 04/30/2021 | 01:47:11 | OEM record c0 | 00cd3a | 0feb70020000
 17d | 04/30/2021 | 01:47:12 | OEM record c0 | 00cd3a | 0feb70120000
 17e | 04/30/2021 | 01:47:30 | OEM record c0 | 00cd3a | 0feb70220000
 17f | 04/30/2021 | 01:47:31 | OEM record c0 | 00cd3a | 0feb70320000
 180 | 04/30/2021 | 01:47:33 | OEM record c0 | 00cd3a | 0feb70520000
 181 | 04/30/2021 | 01:47:34 | OEM record c0 | 00cd3a | 0feb70620000
 182 | 04/30/2021 | 01:48:26 | OEM record c0 | 00cd3a | 0feb70820000
 183 | 04/30/2021 | 01:48:26 | System Firmwares #0xe4 | System boot initiated | Asserted
 184 | 04/30/2021 | 01:49:59 | Temperature #0x6b | Upper Critical going high | Asserted
 185 | 04/30/2021 | 01:54:40 | Temperature #0x6b | Upper Critical going high | Deasserted
 186 | 04/30/2021 | 01:55:22 | Temperature #0x6b | Upper Critical going high | Asserted
 187 | 04/30/2021 | 01:59:52 | System ACPI Power State #0x7a | S5/G2: soft-off | Asserted
 188 | 04/30/2021 | 01:59:52 | System ACPI Power State #0x8a | S5/G2: soft-off | Asserted
 189 | 04/30/2021 | 02:00:44 | System ACPI Power State #0x7a | S0/G0: working | Asserted
 18a | 04/30/2021 | 02:00:44 | System ACPI Power State #0x8a | S0/G0: working | Asserted
 18b | 04/30/2021 | 02:00:45 | OEM record c0 | 00cd3a | 0feb70020000
 18c | 04/30/2021 | 02:00:46 | OEM record c0 | 00cd3a | 0feb70120000
 18d | 04/30/2021 | 02:00:47 | Temperature #0x6b | Upper Critical going high | Deasserted
 18e | 04/30/2021 | 02:01:04 | OEM record c0 | 00cd3a | 0feb70220000
 18f | 04/30/2021 | 02:01:05 | OEM record c0 | 00cd3a | 0feb70320000
 190 | 04/30/2021 | 02:01:07 | OEM record c0 | 00cd3a | 0feb70520000
 191 | 04/30/2021 | 02:01:08 | OEM record c0 | 00cd3a | 0feb70620000
 192 | 04/30/2021 | 02:01:49 | OEM record c0 | 00cd3a | 0feb70820000
 193 | 04/30/2021 | 02:01:49 | System Firmwares #0xe4 | System boot initiated | Asserted
 194 | 04/30/2021 | 02:03:09 | Temperature #0x6b | Upper Critical going high | Asserted
 195 | 04/30/2021 | 02:08:04 | Temperature #0x6b | Upper Critical going high | Deasserted
 196 | 04/30/2021 | 02:08:42 | Temperature #0x6b | Upper Critical going high | Asserted
 197 | 04/30/2021 | 02:13:14 | System ACPI Power State #0x7a | S5/G2: soft-off | Asserted
 198 | 04/30/2021 | 02:13:14 | System ACPI Power State #0x8a | S5/G2: soft-off | Asserted
 199 | 04/30/2021 | 02:14:06 | System ACPI Power State #0x7a | S0/G0: working | Asserted
 19a | 04/30/2021 | 02:14:06 | System ACPI Power State #0x8a | S0/G0: working | Asserted
 19b | 04/30/2021 | 02:14:07 | OEM record c0 | 00cd3a | 0feb70020000
 19c | 04/30/2021 | 02:14:08 | OEM record c0 | 00cd3a | 0feb70120000
 19d | 04/30/2021 | 02:14:10 | Temperature #0x6b | Upper Critical going high | Deasserted
 19e | 04/30/2021 | 02:14:26 | OEM record c0 | 00cd3a | 0feb70220000
 19f | 04/30/2021 | 02:14:27 | OEM record c0 | 00cd3a | 0feb70320000
 1a0 | 04/30/2021 | 02:14:29 | OEM record c0 | 00cd3a | 0feb70520000
 1a1 | 04/30/2021 | 02:14:30 | OEM record c0 | 00cd3a | 0feb70620000
 1a2 | 04/30/2021 | 02:15:12 | OEM record c0 | 00cd3a | 0feb70820000
 1a3 | 04/30/2021 | 02:15:12 | System Firmwares #0xe4 | System boot initiated | Asserted
 1a4 | 04/30/2021 | 02:16:30 | Temperature #0x6b | Upper Critical going high | Asserted
 1a5 | 04/30/2021 | 02:21:26 | Temperature #0x6b | Upper Critical going high | Deasserted
 1a6 | 04/30/2021 | 02:22:05 | Temperature #0x6b | Upper Critical going high | Asserted
 1a7 | 04/30/2021 | 02:26:55 | Temperature #0x06 | Upper Critical going high | Asserted
 1a8 | 04/30/2021 | 02:27:02 | Temperature #0x6b | Upper Critical going high | Deasserted
 1a9 | 04/30/2021 | 02:27:17 | Temperature #0x7b | Upper Critical going high | Asserted
 1aa | 04/30/2021 | 02:27:22 | Temperature #0x7b | Upper Critical going high | Deasserted
 1ab | 04/30/2021 | 02:27:31 | Temperature #0x06 | Upper Critical going high | Deasserted
 1ac | 04/30/2021 | 02:27:49 | Temperature #0x6b | Upper Critical going high | Asserted
 1ad | 04/30/2021 | 02:28:21 | Temperature #0x7b | Upper Critical going high | Asserted
 1ae | 04/30/2021 | 02:28:23 | Temperature #0x06 | Upper Critical going high | Asserted
 1af | 04/30/2021 | 02:28:39 | System ACPI Power State #0x7a | S5/G2: soft-off | Asserted
 1b0 | 04/30/2021 | 02:28:39 | System ACPI Power State #0x8a | S5/G2: soft-off | Asserted
 1b1 | 04/30/2021 | 02:28:46 | Temperature #0x06 | Upper Critical going high | Deasserted
 1b2 | 04/30/2021 | 02:32:11 | OEM record c0 | 00cd3a | cbe57001ffff
 1b3 | 04/30/2021 | 02:32:11 | System ACPI Power State #0x7a | S0/G0: working | Asserted
 1b4 | 04/30/2021 | 02:32:11 | System ACPI Power State #0x8a | S0/G0: working | Asserted
 1b5 | 04/30/2021 | 02:32:12 | OEM record c0 | 00cd3a | 0feb70020000
 1b6 | 04/30/2021 | 02:32:12 | OEM record c0 | 00cd3a | ca8f7101ffff
 1b7 | 04/30/2021 | 02:32:12 | OEM record c0 | 00cd3a | ca907101ffff
 1b8 | 04/30/2021 | 02:32:13 | OEM record c0 | 00cd3a | 0feb70120000
 1b9 | 04/30/2021 | 02:32:13 | OEM record c0 | 00cd3a | ca8ff101ffff
 1ba | 04/30/2021 | 02:32:13 | OEM record c0 | 00cd3a | ca90f101ffff
 1bb | 04/30/2021 | 02:32:16 | Temperature #0x6b | Upper Critical going high | Deasserted
 1bc | 04/30/2021 | 02:32:16 | Temperature #0x7b | Upper Critical going high | Deasserted
 1bd | 04/30/2021 | 02:39:17 | System ACPI Power State #0x7a | S5/G2: soft-off | Asserted
 1be | 04/30/2021 | 02:39:17 | System ACPI Power State #0x8a | S5/G2: soft-off | Asserted
 1bf | 04/30/2021 | 02:40:08 | OEM record c0 | 00cd3a | cbe57001ffff
 1c0 | 04/30/2021 | 02:40:08 | System ACPI Power State #0x7a | S0/G0: working | Asserted
 1c1 | 04/30/2021 | 02:40:08 | System ACPI Power State #0x8a | S0/G0: working | Asserted
 1c2 | 04/30/2021 | 02:40:09 | OEM record c0 | 00cd3a | 0feb70020000
 1c3 | 04/30/2021 | 02:40:09 | OEM record c0 | 00cd3a | ca8f7101ffff
 1c4 | 04/30/2021 | 02:40:09 | OEM record c0 | 00cd3a | ca907101ffff
 1c5 | 04/30/2021 | 02:40:10 | OEM record c0 | 00cd3a | 0feb70120000
 1c6 | 04/30/2021 | 02:40:10 | OEM record c0 | 00cd3a | ca8ff101ffff
 1c7 | 04/30/2021 | 02:40:10 | OEM record c0 | 00cd3a | ca90f101ffff
 1c8 | 04/30/2021 | 02:47:31 | System ACPI Power State #0x7a | S5/G2: soft-off | Asserted
 1c9 | 04/30/2021 | 02:47:31 | System ACPI Power State #0x8a | S5/G2: soft-off | Asserted
 1ca | 04/30/2021 | 02:48:22 | OEM record c0 | 00cd3a | cbe57001ffff
 1cb | 04/30/2021 | 02:48:22 | System ACPI Power State #0x7a | S0/G0: working | Asserted
 1cc | 04/30/2021 | 02:48:22 | System ACPI Power State #0x8a | S0/G0: working | Asserted
 1cd | 04/30/2021 | 02:48:23 | OEM record c0 | 00cd3a | 0feb70020000
 1ce | 04/30/2021 | 02:48:23 | OEM record c0 | 00cd3a | ca8f7101ffff
 1cf | 04/30/2021 | 02:48:23 | OEM record c0 | 00cd3a | ca907101ffff
 1d0 | 04/30/2021 | 02:48:24 | OEM record c0 | 00cd3a | 0feb70120000
 1d1 | 04/30/2021 | 02:48:24 | OEM record c0 | 00cd3a | ca8ff101ffff
 1d2 | 04/30/2021 | 02:48:24 | OEM record c0 | 00cd3a | ca90f101ffff
 1d3 | 04/30/2021 | 02:55:25 | System ACPI Power State #0x7a | S5/G2: soft-off | Asserted
 1d4 | 04/30/2021 | 02:55:25 | System ACPI Power State #0x8a | S5/G2: soft-off | Asserted
 1d5 | 04/30/2021 | 02:56:17 | OEM record c0 | 00cd3a | ca907101ffff
 1d6 | 04/30/2021 | 02:56:17 | OEM record c0 | 00cd3a | cbe57001ffff
 1d7 | 04/30/2021 | 02:56:18 | OEM record c0 | 00cd3a | ca8f7101ffff
 1d8 | 04/30/2021 | 02:56:18 | OEM record c0 | 00cd3a | ca90f101ffff
 1d9 | 04/30/2021 | 02:56:18 | System ACPI Power State #0x7a | S0/G0: working | Asserted
 1da | 04/30/2021 | 02:56:18 | System ACPI Power State #0x8a | S0/G0: working | Asserted
 1db | 04/30/2021 | 02:56:19 | OEM record c0 | 00cd3a | 0feb70020000
 1dc | 04/30/2021 | 02:56:19 | OEM record c0 | 00cd3a | ca8ff101ffff
 1dd | 04/30/2021 | 02:56:20 | OEM record c0 | 00cd3a | 0feb70120000
 1de | 04/30/2021 | 10:08:08 | System ACPI Power State #0x7a | S5/G2: soft-off | Asserted
 1df | 04/30/2021 | 10:08:08 | System ACPI Power State #0x8a | S5/G2: soft-off | Asserted
 1e0 | 04/30/2021 | 10:15:48 | System ACPI Power State #0x7a | S0/G0: working | Asserted
 1e1 | 04/30/2021 | 10:15:48 | System ACPI Power State #0x8a | S0/G0: working | Asserted
 1e2 | 04/30/2021 | 10:15:48 | OEM record c0 | 00cd3a | 0feb70020000
 1e3 | 04/30/2021 | 10:15:49 | OEM record c0 | 00cd3a | 0feb70120000
 1e4 | 04/30/2021 | 10:16:08 | OEM record c0 | 00cd3a | 0feb70220000
 1e5 | 04/30/2021 | 10:16:09 | OEM record c0 | 00cd3a | 0feb70320000
 1e6 | 04/30/2021 | 10:16:11 | OEM record c0 | 00cd3a | 0feb70520000
 1e7 | 04/30/2021 | 10:16:12 | OEM record c0 | 00cd3a | 0feb70620000
 1e8 | 04/30/2021 | 10:17:25 | OEM record c0 | 00cd3a | 0feb70820000
 1e9 | 04/30/2021 | 10:17:25 | System Firmwares #0xe4 | System boot initiated | Asserted
 1ea | 04/30/2021 | 10:24:22 | System ACPI Power State #0x7a | S5/G2: soft-off | Asserted
 1eb | 04/30/2021 | 10:24:22 | System ACPI Power State #0x8a | S5/G2: soft-off | Asserted
 1ec | 04/30/2021 | 10:25:14 | System ACPI Power State #0x7a | S0/G0: working | Asserted
 1ed | 04/30/2021 | 10:25:14 | System ACPI Power State #0x8a | S0/G0: working | Asserted
 1ee | 04/30/2021 | 10:25:15 | OEM record c0 | 00cd3a | 0feb70020000
 1ef | 04/30/2021 | 10:25:16 | OEM record c0 | 00cd3a | 0feb70120000
 1f0 | 04/30/2021 | 10:25:34 | OEM record c0 | 00cd3a | 0feb70220000
 1f1 | 04/30/2021 | 10:25:35 | OEM record c0 | 00cd3a | 0feb70320000
 1f2 | 04/30/2021 | 10:25:37 | OEM record c0 | 00cd3a | 0feb70520000
 1f3 | 04/30/2021 | 10:25:38 | OEM record c0 | 00cd3a | 0feb70620000
 1f4 | 04/30/2021 | 10:26:25 | OEM record c0 | 00cd3a | 0feb70820000
 1f5 | 04/30/2021 | 10:26:25 | System Firmwares #0xe4 | System boot initiated | Asserted
 1f6 | 04/30/2021 | 10:53:50 | System ACPI Power State #0x7a | S5/G2: soft-off | Asserted
 1f7 | 04/30/2021 | 10:53:50 | System ACPI Power State #0x8a | S5/G2: soft-off | Asserted
 1f8 | 04/30/2021 | 11:02:04 | OEM record c0 | 00cd3a | cbe57001ffff
 1f9 | 04/30/2021 | 11:02:04 | System ACPI Power State #0x7a | S0/G0: working | Asserted
 1fa | 04/30/2021 | 11:02:04 | System ACPI Power State #0x8a | S0/G0: working | Asserted
 1fb | 04/30/2021 | 11:02:04 | OEM record c0 | 00cd3a | 0feb70020000
 1fc | 04/30/2021 | 11:02:04 | OEM record c0 | 00cd3a | ca8f7101ffff
 1fd | 04/30/2021 | 11:02:04 | OEM record c0 | 00cd3a | ca907101ffff
 1fe | 04/30/2021 | 11:02:05 | OEM record c0 | 00cd3a | 0feb70120000
 1ff | 04/30/2021 | 11:02:05 | OEM record c0 | 00cd3a | ca8ff101ffff
 200 | 04/30/2021 | 11:02:05 | OEM record c0 | 00cd3a | ca90f101ffff
 201 | 04/30/2021 | 11:09:10 | System ACPI Power State #0x7a | S5/G2: soft-off | Asserted
 202 | 04/30/2021 | 11:09:10 | System ACPI Power State #0x8a | S5/G2: soft-off | Asserted
 203 | 04/30/2021 | 11:10:01 | System ACPI Power State #0x7a | S0/G0: working | Asserted
 204 | 04/30/2021 | 11:10:01 | System ACPI Power State #0x8a | S0/G0: working | Asserted
 205 | 04/30/2021 | 11:10:01 | OEM record c0 | 00cd3a | cbe57001ffff
 206 | 04/30/2021 | 11:10:02 | OEM record c0 | 00cd3a | 0feb70020000
 207 | 04/30/2021 | 11:10:02 | OEM record c0 | 00cd3a | ca8f7101ffff
 208 | 04/30/2021 | 11:10:02 | OEM record c0 | 00cd3a | ca907101ffff
 209 | 04/30/2021 | 11:10:03 | OEM record c0 | 00cd3a | 0feb70120000
 20a | 04/30/2021 | 11:10:03 | OEM record c0 | 00cd3a | ca8ff101ffff
 20b | 04/30/2021 | 11:10:03 | OEM record c0 | 00cd3a | ca90f101ffff
 20c | 04/30/2021 | 11:17:07 | System ACPI Power State #0x7a | S5/G2: soft-off | Asserted
 20d | 04/30/2021 | 11:17:07 | System ACPI Power State #0x8a | S5/G2: soft-off | Asserted
 20e | 04/30/2021 | 11:17:58 | OEM record c0 | 00cd3a | ca907101ffff
 20f | 04/30/2021 | 11:17:58 | OEM record c0 | 00cd3a | cbe57001ffff
 210 | 04/30/2021 | 11:17:58 | System ACPI Power State #0x7a | S0/G0: working | Asserted
 211 | 04/30/2021 | 11:17:58 | System ACPI Power State #0x8a | S0/G0: working | Asserted
 212 | 04/30/2021 | 11:17:59 | OEM record c0 | 00cd3a | 0feb70020000
 213 | 04/30/2021 | 11:17:59 | OEM record c0 | 00cd3a | ca8f7101ffff
 214 | 04/30/2021 | 11:17:59 | OEM record c0 | 00cd3a | ca90f101ffff
 215 | 04/30/2021 | 11:18:00 | OEM record c0 | 00cd3a | 0feb70120000
 216 | 04/30/2021 | 11:18:00 | OEM record c0 | 00cd3a | ca8ff101ffff
 217 | 04/30/2021 | 11:25:00 | System ACPI Power State #0x7a | S5/G2: soft-off | Asserted
 218 | 04/30/2021 | 11:25:00 | System ACPI Power State #0x8a | S5/G2: soft-off | Asserted
 219 | 04/30/2021 | 11:25:51 | System ACPI Power State #0x7a | S0/G0: working | Asserted
 21a | 04/30/2021 | 11:25:51 | OEM record c0 | 00cd3a | cbe57001ffff
 21b | 04/30/2021 | 11:25:51 | System ACPI Power State #0x8a | S0/G0: working | Asserted
 21c | 04/30/2021 | 11:25:52 | OEM record c0 | 00cd3a | 0feb70020000
 21d | 04/30/2021 | 11:25:52 | OEM record c0 | 00cd3a | ca8f7101ffff
 21e | 04/30/2021 | 11:25:52 | OEM record c0 | 00cd3a | ca907101ffff
 21f | 04/30/2021 | 11:25:53 | OEM record c0 | 00cd3a | 0feb70120000
 220 | 04/30/2021 | 11:25:53 | OEM record c0 | 00cd3a | ca8ff101ffff
 221 | 04/30/2021 | 11:25:53 | OEM record c0 | 00cd3a | ca90f101ffff
 222 | 04/30/2021 | 11:27:32 | System ACPI Power State #0x7a | S5/G2: soft-off | Asserted
 223 | 04/30/2021 | 11:27:32 | System ACPI Power State #0x8a | S5/G2: soft-off | Asserted
 224 | 04/30/2021 | 11:31:09 | OEM record c0 | 00cd3a | cbe57001ffff
 225 | 04/30/2021 | 11:31:09 | System ACPI Power State #0x7a | S0/G0: working | Asserted
 226 | 04/30/2021 | 11:31:09 | System ACPI Power State #0x8a | S0/G0: working | Asserted
 227 | 04/30/2021 | 11:31:10 | OEM record c0 | 00cd3a | 0feb70020000
 228 | 04/30/2021 | 11:31:10 | OEM record c0 | 00cd3a | ca8f7101ffff
 229 | 04/30/2021 | 11:31:10 | OEM record c0 | 00cd3a | ca907101ffff
 22a | 04/30/2021 | 11:31:11 | OEM record c0 | 00cd3a | 0feb70120000
 22b | 04/30/2021 | 11:31:11 | OEM record c0 | 00cd3a | ca8ff101ffff
 22c | 04/30/2021 | 11:31:11 | OEM record c0 | 00cd3a | ca90f101ffff
 22d | 04/30/2021 | 11:37:05 | OEM record c0 | 00cd3a | cbe57001ffff
 22e | 04/30/2021 | 11:37:05 | System Boot Initiated #0xdc | System Restart | Asserted
 22f | 04/30/2021 | 11:37:05 | OEM record c0 | 00cd3a | 0feb70020000
 230 | 04/30/2021 | 11:37:05 | OEM record c0 | 00cd3a | ca8f7101ffff
 231 | 04/30/2021 | 11:37:05 | OEM record c0 | 00cd3a | ca907101ffff
 232 | 04/30/2021 | 11:37:06 | OEM record c0 | 00cd3a | 0feb70120000
 233 | 04/30/2021 | 11:37:06 | OEM record c0 | 00cd3a | ca8ff101ffff
 234 | 04/30/2021 | 11:37:06 | OEM record c0 | 00cd3a | ca90f101ffff
 235 | 04/30/2021 | 11:37:07 | System ACPI Power State #0x7a | S5/G2: soft-off | Asserted
 236 | 04/30/2021 | 11:37:07 | System ACPI Power State #0x8a | S5/G2: soft-off | Asserted
 237 | 04/30/2021 | 11:37:08 | Power Unit #0xe8 | Soft-power control failure | Asserted
 238 | 04/30/2021 | 11:37:18 | Voltage #0x58 | Lower Non-recoverable going low  | Asserted
 239 | 04/30/2021 | 11:37:20 | Voltage #0x63 | Lower Non-recoverable going low  | Asserted
 23a | 04/30/2021 | 11:37:24 | Voltage #0x58 | Lower Non-recoverable going low  | Deasserted
 23b | 04/30/2021 | 11:37:24 | Voltage #0x63 | Lower Non-recoverable going low  | Deasserted
 23c | 04/30/2021 | 11:37:24 | OEM record c0 | 00cd3a | cbe57001ffff
 23d | 04/30/2021 | 11:37:25 | OEM record c0 | 00cd3a | 0feb70020000
 23e | 04/30/2021 | 11:37:25 | OEM record c0 | 00cd3a | ca8f7101ffff
 23f | 04/30/2021 | 11:37:25 | OEM record c0 | 00cd3a | ca907101ffff
 240 | 04/30/2021 | 11:37:26 | OEM record c0 | 00cd3a | 0feb70120000
 241 | 04/30/2021 | 11:37:26 | OEM record c0 | 00cd3a | ca8ff101ffff
 242 | 04/30/2021 | 11:37:26 | OEM record c0 | 00cd3a | ca90f101ffff
 243 | 04/30/2021 | 11:38:07 | System ACPI Power State #0x7a | S5/G2: soft-off | Asserted
 244 | 04/30/2021 | 11:38:07 | System ACPI Power State #0x8a | S5/G2: soft-off | Asserted
 245 | 04/30/2021 | 11:44:22 | System ACPI Power State #0x7a | S0/G0: working | Asserted
 246 | 04/30/2021 | 11:44:22 | System ACPI Power State #0x8a | S0/G0: working | Asserted
 247 | 04/30/2021 | 11:44:22 | OEM record c0 | 00cd3a | 0feb70020000
 248 | 04/30/2021 | 11:44:23 | OEM record c0 | 00cd3a | 0feb70120000
 249 | 04/30/2021 | 11:44:42 | OEM record c0 | 00cd3a | 0feb70220000
 24a | 04/30/2021 | 11:44:43 | OEM record c0 | 00cd3a | 0feb70320000
 24b | 04/30/2021 | 11:44:45 | OEM record c0 | 00cd3a | 0feb70520000
 24c | 04/30/2021 | 11:44:46 | OEM record c0 | 00cd3a | 0feb70620000
 24d | 04/30/2021 | 11:44:53 | OEM record c0 | 00cd3a | ca8f7101ffff
 24e | 04/30/2021 | 11:44:54 | OEM record c0 | 00cd3a | ca8ff101ffff
 24f | 04/30/2021 | 11:45:12 | System Boot Initiated #0xdc | OS initiated hard reset | Asserted
 250 | 04/30/2021 | 11:45:13 | OEM record c0 | 00cd3a | 0feb70020000
 251 | 04/30/2021 | 11:45:14 | OEM record c0 | 00cd3a | 0feb70120000
 252 | 04/30/2021 | 11:45:23 | System ACPI Power State #0x7a | S5/G2: soft-off | Asserted
 253 | 04/30/2021 | 11:45:23 | System ACPI Power State #0x8a | S5/G2: soft-off | Asserted
 254 | 04/30/2021 | 11:52:32 | System ACPI Power State #0x7a | S0/G0: working | Asserted
 255 | 04/30/2021 | 11:52:32 | System ACPI Power State #0x8a | S0/G0: working | Asserted
 256 | 04/30/2021 | 11:52:32 | OEM record c0 | 00cd3a | 0feb70020000
 257 | 04/30/2021 | 11:52:34 | OEM record c0 | 00cd3a | 0feb70120000
 258 | 04/30/2021 | 11:52:51 | OEM record c0 | 00cd3a | 0feb70220000
 259 | 04/30/2021 | 11:52:52 | OEM record c0 | 00cd3a | 0feb70320000
 25a | 04/30/2021 | 11:52:54 | OEM record c0 | 00cd3a | 0feb70520000
 25b | 04/30/2021 | 11:52:55 | OEM record c0 | 00cd3a | 0feb70620000
 25c | 04/30/2021 | 11:53:38 | OEM record c0 | 00cd3a | 0feb70820000
 25d | 04/30/2021 | 11:53:38 | System Firmwares #0xe4 | System boot initiated | Asserted
 25e | 04/30/2021 | 11:59:58 | System ACPI Power State #0x7a | S5/G2: soft-off | Asserted
 25f | 04/30/2021 | 11:59:58 | System ACPI Power State #0x8a | S5/G2: soft-off | Asserted
 260 | 05/02/2021 | 21:52:21 | System ACPI Power State #0x7a | S0/G0: working | Asserted
 261 | 05/02/2021 | 21:52:21 | System ACPI Power State #0x8a | S0/G0: working | Asserted
 262 | 05/02/2021 | 21:52:21 | OEM record c0 | 00cd3a | 0feb70020000
 263 | 05/02/2021 | 21:52:22 | OEM record c0 | 00cd3a | 0feb70120000
 264 | 05/02/2021 | 21:52:40 | OEM record c0 | 00cd3a | 0feb70220000
 265 | 05/02/2021 | 21:52:41 | OEM record c0 | 00cd3a | 0feb70320000
 266 | 05/02/2021 | 21:52:43 | OEM record c0 | 00cd3a | 0feb70520000
 267 | 05/02/2021 | 21:52:44 | OEM record c0 | 00cd3a | 0feb70620000
 268 | 05/02/2021 | 21:53:41 | OEM record c0 | 00cd3a | 0feb70820000
 269 | 05/02/2021 | 21:53:41 | System Firmwares #0xe4 | System boot initiated | Asserted
 26a | 05/02/2021 | 22:18:18 | System ACPI Power State #0x7a | S5/G2: soft-off | Asserted
 26b | 05/02/2021 | 22:18:18 | System ACPI Power State #0x8a | S5/G2: soft-off | Asserted
 26c | 05/02/2021 | 22:19:10 | System ACPI Power State #0x7a | S0/G0: working | Asserted
 26d | 05/02/2021 | 22:19:10 | System ACPI Power State #0x8a | S0/G0: working | Asserted
 26e | 05/02/2021 | 22:19:10 | OEM record c0 | 00cd3a | 0feb70020000
 26f | 05/02/2021 | 22:19:11 | OEM record c0 | 00cd3a | 0feb70120000
 270 | 05/02/2021 | 22:19:29 | OEM record c0 | 00cd3a | 0feb70220000
 271 | 05/02/2021 | 22:19:30 | OEM record c0 | 00cd3a | 0feb70320000
 272 | 05/02/2021 | 22:19:32 | OEM record c0 | 00cd3a | 0feb70520000
 273 | 05/02/2021 | 22:19:33 | OEM record c0 | 00cd3a | 0feb70620000
 274 | 05/02/2021 | 22:20:20 | OEM record c0 | 00cd3a | 0feb70820000
 275 | 05/02/2021 | 22:20:20 | System Firmwares #0xe4 | System boot initiated | Asserted
 276 | 05/02/2021 | 22:31:39 | System ACPI Power State #0x7a | S5/G2: soft-off | Asserted
 277 | 05/02/2021 | 22:31:39 | System ACPI Power State #0x8a | S5/G2: soft-off | Asserted
 278 | 05/02/2021 | 22:32:31 | System ACPI Power State #0x7a | S0/G0: working | Asserted
 279 | 05/02/2021 | 22:32:31 | System ACPI Power State #0x8a | S0/G0: working | Asserted
 27a | 05/02/2021 | 22:32:32 | OEM record c0 | 00cd3a | 0feb70020000
 27b | 05/02/2021 | 22:32:32 | OEM record c0 | 00cd3a | 0feb70120000
 27c | 05/02/2021 | 22:32:50 | OEM record c0 | 00cd3a | 0feb70220000
 27d | 05/02/2021 | 22:32:51 | OEM record c0 | 00cd3a | 0feb70320000
 27e | 05/02/2021 | 22:32:53 | OEM record c0 | 00cd3a | 0feb70520000
 27f | 05/02/2021 | 22:32:54 | OEM record c0 | 00cd3a | 0feb70620000
 280 | 05/02/2021 | 22:33:39 | OEM record c0 | 00cd3a | 0feb70820000
 281 | 05/02/2021 | 22:33:39 | System Firmwares #0xe4 | System boot initiated | Asserted
 282 | 05/02/2021 | 22:36:34 | Temperature #0x6b | Upper Critical going high | Asserted
 283 | 05/02/2021 | 22:36:50 | Temperature #0x7b | Upper Critical going high | Asserted
 284 | 05/02/2021 | 22:37:17 | Processor #0x79 | Thermal Trip | Asserted
 285 | 05/02/2021 | 22:37:18 | System ACPI Power State #0x7a | S5/G2: soft-off | Asserted
 286 | 05/02/2021 | 22:37:18 | System ACPI Power State #0x8a | S5/G2: soft-off | Asserted
 287 | 05/03/2021 | 01:15:09 | System ACPI Power State #0x7a | S0/G0: working | Asserted
 288 | 05/03/2021 | 01:15:09 | System ACPI Power State #0x8a | S0/G0: working | Asserted
 289 | 05/03/2021 | 01:15:09 | OEM record c0 | 00cd3a | 0feb70020000
 28a | 05/03/2021 | 01:15:10 | OEM record c0 | 00cd3a | 0feb70120000
 28b | 05/03/2021 | 01:15:12 | Temperature #0x6b | Upper Critical going high | Deasserted
 28c | 05/03/2021 | 01:15:12 | Temperature #0x7b | Upper Critical going high | Deasserted
 28d | 05/03/2021 | 01:15:30 | OEM record c0 | 00cd3a | 0feb70220000
 28e | 05/03/2021 | 01:15:30 | OEM record c0 | 00cd3a | 0feb70320000
 28f | 05/03/2021 | 01:15:32 | OEM record c0 | 00cd3a | 0feb70520000
 290 | 05/03/2021 | 01:15:33 | OEM record c0 | 00cd3a | 0feb70620000
 291 | 05/03/2021 | 01:16:24 | OEM record c0 | 00cd3a | 0feb70820000
 292 | 05/03/2021 | 01:16:24 | System Firmwares #0xe4 | System boot initiated | Asserted
 293 | 05/03/2021 | 01:23:50 | System ACPI Power State #0x7a | S5/G2: soft-off | Asserted
 294 | 05/03/2021 | 01:23:50 | System ACPI Power State #0x8a | S5/G2: soft-off | Asserted
 295 | 05/03/2021 | 01:24:42 | System ACPI Power State #0x7a | S0/G0: working | Asserted
 296 | 05/03/2021 | 01:24:42 | System ACPI Power State #0x8a | S0/G0: working | Asserted
 297 | 05/03/2021 | 01:24:42 | OEM record c0 | 00cd3a | 0feb70020000
 298 | 05/03/2021 | 01:24:43 | OEM record c0 | 00cd3a | 0feb70120000
 299 | 05/03/2021 | 01:25:01 | OEM record c0 | 00cd3a | 0feb70220000
 29a | 05/03/2021 | 01:25:02 | OEM record c0 | 00cd3a | 0feb70320000
 29b | 05/03/2021 | 01:25:04 | OEM record c0 | 00cd3a | 0feb70520000
 29c | 05/03/2021 | 01:25:05 | OEM record c0 | 00cd3a | 0feb70620000
 29d | 05/03/2021 | 01:25:58 | OEM record c0 | 00cd3a | 0feb70820000
 29e | 05/03/2021 | 01:25:58 | System Firmwares #0xe4 | System boot initiated | Asserted
 29f | 05/03/2021 | 01:34:06 | System ACPI Power State #0x7a | S5/G2: soft-off | Asserted
 2a0 | 05/03/2021 | 01:34:06 | System ACPI Power State #0x8a | S5/G2: soft-off | Asserted
 2a1 | 05/03/2021 | 01:34:58 | System ACPI Power State #0x7a | S0/G0: working | Asserted
 2a2 | 05/03/2021 | 01:34:58 | System ACPI Power State #0x8a | S0/G0: working | Asserted
 2a3 | 05/03/2021 | 01:34:59 | OEM record c0 | 00cd3a | 0feb70020000
 2a4 | 05/03/2021 | 01:34:59 | OEM record c0 | 00cd3a | 0feb70120000
 2a5 | 05/03/2021 | 01:35:17 | OEM record c0 | 00cd3a | 0feb70220000
 2a6 | 05/03/2021 | 01:35:18 | OEM record c0 | 00cd3a | 0feb70320000
 2a7 | 05/03/2021 | 01:35:20 | OEM record c0 | 00cd3a | 0feb70520000
 2a8 | 05/03/2021 | 01:35:21 | OEM record c0 | 00cd3a | 0feb70620000
 2a9 | 05/03/2021 | 01:36:13 | OEM record c0 | 00cd3a | 0feb70820000
 2aa | 05/03/2021 | 01:36:13 | System Firmwares #0xe4 | System boot initiated | Asserted
 2ab | 05/03/2021 | 02:33:09 | System ACPI Power State #0x7a | S5/G2: soft-off | Asserted
 2ac | 05/03/2021 | 02:33:09 | System ACPI Power State #0x8a | S5/G2: soft-off | Asserted
 2ad | 05/03/2021 | 02:34:01 | System ACPI Power State #0x7a | S0/G0: working | Asserted
 2ae | 05/03/2021 | 02:34:01 | System ACPI Power State #0x8a | S0/G0: working | Asserted
 2af | 05/03/2021 | 02:34:01 | OEM record c0 | 00cd3a | 0feb70020000
 2b0 | 05/03/2021 | 02:34:02 | OEM record c0 | 00cd3a | 0feb70120000
 2b1 | 05/03/2021 | 02:34:20 | OEM record c0 | 00cd3a | 0feb70220000
 2b2 | 05/03/2021 | 02:34:21 | OEM record c0 | 00cd3a | 0feb70320000
 2b3 | 05/03/2021 | 02:34:23 | OEM record c0 | 00cd3a | 0feb70520000
 2b4 | 05/03/2021 | 02:34:24 | OEM record c0 | 00cd3a | 0feb70620000
 2b5 | 05/03/2021 | 02:35:26 | OEM record c0 | 00cd3a | 0feb70820000
 2b6 | 05/03/2021 | 02:35:26 | System Firmwares #0xe4 | System boot initiated | Asserted
 2b7 | 05/03/2021 | 02:38:18 | System ACPI Power State #0x7a | S5/G2: soft-off | Asserted
 2b8 | 05/03/2021 | 02:38:18 | System ACPI Power State #0x8a | S5/G2: soft-off | Asserted
 2b9 | 05/03/2021 | 02:39:10 | System ACPI Power State #0x7a | S0/G0: working | Asserted
 2ba | 05/03/2021 | 02:39:10 | System ACPI Power State #0x8a | S0/G0: working | Asserted
 2bb | 05/03/2021 | 02:39:11 | OEM record c0 | 00cd3a | 0feb70020000
 2bc | 05/03/2021 | 02:39:12 | OEM record c0 | 00cd3a | 0feb70120000
 2bd | 05/03/2021 | 02:39:30 | OEM record c0 | 00cd3a | 0feb70220000
 2be | 05/03/2021 | 02:39:31 | OEM record c0 | 00cd3a | 0feb70320000
 2bf | 05/03/2021 | 02:39:33 | OEM record c0 | 00cd3a | 0feb70520000
 2c0 | 05/03/2021 | 02:39:34 | OEM record c0 | 00cd3a | 0feb70620000
 2c1 | 05/03/2021 | 02:40:14 | OEM record c0 | 00cd3a | 0feb70820000
 2c2 | 05/03/2021 | 02:40:14 | System Firmwares #0xe4 | System boot initiated | Asserted
 2c3 | 05/03/2021 | 03:01:35 | System ACPI Power State #0x7a | S5/G2: soft-off | Asserted
 2c4 | 05/03/2021 | 03:01:35 | System ACPI Power State #0x8a | S5/G2: soft-off | Asserted
 2c5 | 05/03/2021 | 03:02:27 | System ACPI Power State #0x7a | S0/G0: working | Asserted
 2c6 | 05/03/2021 | 03:02:27 | System ACPI Power State #0x8a | S0/G0: working | Asserted
 2c7 | 05/03/2021 | 03:02:27 | OEM record c0 | 00cd3a | 0feb70020000
 2c8 | 05/03/2021 | 03:02:28 | OEM record c0 | 00cd3a | 0feb70120000
 2c9 | 05/03/2021 | 03:02:46 | OEM record c0 | 00cd3a | 0feb70220000
 2ca | 05/03/2021 | 03:02:47 | OEM record c0 | 00cd3a | 0feb70320000
 2cb | 05/03/2021 | 03:02:49 | OEM record c0 | 00cd3a | 0feb70520000
 2cc | 05/03/2021 | 03:02:50 | OEM record c0 | 00cd3a | 0feb70620000
 2cd | 05/03/2021 | 03:03:34 | OEM record c0 | 00cd3a | 0feb70820000
 2ce | 05/03/2021 | 03:03:34 | System Firmwares #0xe4 | System boot initiated | Asserted
 2cf | 05/03/2021 | 03:18:51 | System ACPI Power State #0x7a | S5/G2: soft-off | Asserted
 2d0 | 05/03/2021 | 03:18:51 | System ACPI Power State #0x8a | S5/G2: soft-off | Asserted
 2d1 | 05/03/2021 | 03:19:43 | System ACPI Power State #0x7a | S0/G0: working | Asserted
 2d2 | 05/03/2021 | 03:19:43 | System ACPI Power State #0x8a | S0/G0: working | Asserted
 2d3 | 05/03/2021 | 03:19:43 | OEM record c0 | 00cd3a | 0feb70020000
 2d4 | 05/03/2021 | 03:19:44 | OEM record c0 | 00cd3a | 0feb70120000
 2d5 | 05/03/2021 | 03:20:03 | OEM record c0 | 00cd3a | 0feb70220000
 2d6 | 05/03/2021 | 03:20:04 | OEM record c0 | 00cd3a | 0feb70320000
 2d7 | 05/03/2021 | 03:20:06 | OEM record c0 | 00cd3a | 0feb70520000
 2d8 | 05/03/2021 | 03:20:07 | OEM record c0 | 00cd3a | 0feb70620000
 2d9 | 05/03/2021 | 03:20:49 | OEM record c0 | 00cd3a | 0feb70820000
 2da | 05/03/2021 | 03:20:49 | System Firmwares #0xe4 | System boot initiated | Asserted
 2db | 05/03/2021 | 03:22:39 | System ACPI Power State #0x7a | S5/G2: soft-off | Asserted
 2dc | 05/03/2021 | 03:22:39 | System ACPI Power State #0x8a | S5/G2: soft-off | Asserted
 2dd | 05/03/2021 | 03:23:30 | System ACPI Power State #0x7a | S0/G0: working | Asserted
 2de | 05/03/2021 | 03:23:30 | System ACPI Power State #0x8a | S0/G0: working | Asserted
 2df | 05/03/2021 | 03:23:31 | OEM record c0 | 00cd3a | 0feb70020000
 2e0 | 05/03/2021 | 03:23:32 | OEM record c0 | 00cd3a | 0feb70120000
 2e1 | 05/03/2021 | 03:23:50 | OEM record c0 | 00cd3a | 0feb70220000
 2e2 | 05/03/2021 | 03:23:51 | OEM record c0 | 00cd3a | 0feb70320000
 2e3 | 05/03/2021 | 03:23:53 | OEM record c0 | 00cd3a | 0feb70520000
 2e4 | 05/03/2021 | 03:23:54 | OEM record c0 | 00cd3a | 0feb70620000
 2e5 | 05/03/2021 | 03:24:38 | OEM record c0 | 00cd3a | 0feb70820000
 2e6 | 05/03/2021 | 03:24:38 | System Firmwares #0xe4 | System boot initiated | Asserted
 2e7 | 05/03/2021 | 09:31:38 | System ACPI Power State #0x7a | S5/G2: soft-off | Asserted
 2e8 | 05/03/2021 | 09:31:38 | System ACPI Power State #0x8a | S5/G2: soft-off | Asserted
 2e9 | 05/03/2021 | 09:32:31 | System ACPI Power State #0x7a | S0/G0: working | Asserted
 2ea | 05/03/2021 | 09:32:31 | System ACPI Power State #0x8a | S0/G0: working | Asserted
 2eb | 05/03/2021 | 09:32:31 | OEM record c0 | 00cd3a | 0feb70020000
 2ec | 05/03/2021 | 09:32:32 | OEM record c0 | 00cd3a | 0feb70120000
 2ed | 05/03/2021 | 09:32:50 | OEM record c0 | 00cd3a | 0feb70220000
 2ee | 05/03/2021 | 09:32:51 | OEM record c0 | 00cd3a | 0feb70320000
 2ef | 05/03/2021 | 09:32:53 | OEM record c0 | 00cd3a | 0feb70520000
 2f0 | 05/03/2021 | 09:32:54 | OEM record c0 | 00cd3a | 0feb70620000
 2f1 | 05/03/2021 | 09:33:38 | OEM record c0 | 00cd3a | 0feb70820000
 2f2 | 05/03/2021 | 09:33:38 | System Firmwares #0xe4 | System boot initiated | Asserted
 2f3 | 05/04/2021 | 00:35:37 | System ACPI Power State #0x7a | S5/G2: soft-off | Asserted
 2f4 | 05/04/2021 | 00:35:37 | System ACPI Power State #0x8a | S5/G2: soft-off | Asserted
 2f5 | 05/04/2021 | 00:36:29 | System ACPI Power State #0x7a | S0/G0: working | Asserted
 2f6 | 05/04/2021 | 00:36:30 | OEM record c0 | 00cd3a | 0feb70020000
 2f7 | 05/04/2021 | 00:36:30 | System ACPI Power State #0x8a | S0/G0: working | Asserted
 2f8 | 05/04/2021 | 00:36:30 | OEM record c0 | 00cd3a | 0feb70120000
 2f9 | 05/04/2021 | 00:36:49 | OEM record c0 | 00cd3a | 0feb70220000
 2fa | 05/04/2021 | 00:36:50 | OEM record c0 | 00cd3a | 0feb70320000
 2fb | 05/04/2021 | 00:36:52 | OEM record c0 | 00cd3a | 0feb70520000
 2fc | 05/04/2021 | 00:36:53 | OEM record c0 | 00cd3a | 0feb70620000
 2fd | 05/04/2021 | 00:37:35 | OEM record c0 | 00cd3a | 0feb70820000
 2fe | 05/04/2021 | 00:37:35 | System Firmwares #0xe4 | System boot initiated | Asserted
 2ff | 05/04/2021 | 00:38:48 | System ACPI Power State #0x7a | S5/G2: soft-off | Asserted
 300 | 05/04/2021 | 00:38:48 | System ACPI Power State #0x8a | S5/G2: soft-off | Asserted
 301 | 05/04/2021 | 00:39:40 | System ACPI Power State #0x7a | S0/G0: working | Asserted
 302 | 05/04/2021 | 00:39:42 | OEM record c0 | 00cd3a | 0feb70020000
 303 | 05/04/2021 | 00:39:42 | System ACPI Power State #0x8a | S0/G0: working | Asserted
 304 | 05/04/2021 | 00:39:42 | OEM record c0 | 00cd3a | 0feb70120000
 305 | 05/04/2021 | 00:40:00 | OEM record c0 | 00cd3a | 0feb70220000
 306 | 05/04/2021 | 00:40:01 | OEM record c0 | 00cd3a | 0feb70320000
 307 | 05/04/2021 | 00:40:03 | OEM record c0 | 00cd3a | 0feb70520000
 308 | 05/04/2021 | 00:40:04 | OEM record c0 | 00cd3a | 0feb70620000
 309 | 05/04/2021 | 00:40:46 | OEM record c0 | 00cd3a | 0feb70820000
 30a | 05/04/2021 | 00:40:46 | System Firmwares #0xe4 | System boot initiated | Asserted
 30b | 05/04/2021 | 04:11:47 | System Boot Initiated #0xdc | System Restart | Asserted
 30c | 05/04/2021 | 04:11:48 | OEM record c0 | 00cd3a | 0feb70020000
 30d | 05/04/2021 | 04:11:49 | OEM record c0 | 00cd3a | 0feb70120000
 30e | 05/04/2021 | 04:12:07 | OEM record c0 | 00cd3a | 0feb70220000
 30f | 05/04/2021 | 04:12:08 | OEM record c0 | 00cd3a | 0feb70320000
 310 | 05/04/2021 | 04:12:10 | OEM record c0 | 00cd3a | 0feb70520000
 311 | 05/04/2021 | 04:12:11 | OEM record c0 | 00cd3a | 0feb70620000
 312 | 05/04/2021 | 04:15:18 | System ACPI Power State #0x7a | S5/G2: soft-off | Asserted
 313 | 05/04/2021 | 04:15:18 | System ACPI Power State #0x8a | S5/G2: soft-off | Asserted
 314 | 05/04/2021 | 04:15:50 | System ACPI Power State #0x7a | S0/G0: working | Asserted
 315 | 05/04/2021 | 04:15:50 | System ACPI Power State #0x8a | S0/G0: working | Asserted
 316 | 05/04/2021 | 04:15:51 | OEM record c0 | 00cd3a | 0feb70020000
 317 | 05/04/2021 | 04:15:52 | OEM record c0 | 00cd3a | 0feb70120000
 318 | 05/04/2021 | 04:16:10 | OEM record c0 | 00cd3a | 0feb70220000
 319 | 05/04/2021 | 04:16:11 | OEM record c0 | 00cd3a | 0feb70320000
 31a | 05/04/2021 | 04:16:13 | OEM record c0 | 00cd3a | 0feb70520000
 31b | 05/04/2021 | 04:16:14 | OEM record c0 | 00cd3a | 0feb70620000
 31c | 05/04/2021 | 04:17:05 | OEM record c0 | 00cd3a | 0feb70820000
 31d | 05/04/2021 | 04:17:05 | System Firmwares #0xe4 | System boot initiated | Asserted
 31e | 05/04/2021 | 04:33:56 | System ACPI Power State #0x7a | S5/G2: soft-off | Asserted
 31f | 05/04/2021 | 04:33:56 | System ACPI Power State #0x8a | S5/G2: soft-off | Asserted
 320 | 05/04/2021 | 05:03:16 | System ACPI Power State #0x7a | S0/G0: working | Asserted
 321 | 05/04/2021 | 05:03:16 | System ACPI Power State #0x8a | S0/G0: working | Asserted
 322 | 05/04/2021 | 05:03:16 | OEM record c0 | 00cd3a | 0feb70020000
 323 | 05/04/2021 | 05:03:17 | OEM record c0 | 00cd3a | 0feb70120000
 324 | 05/04/2021 | 05:03:35 | OEM record c0 | 00cd3a | 0feb70220000
 325 | 05/04/2021 | 05:03:36 | OEM record c0 | 00cd3a | 0feb70320000
 326 | 05/04/2021 | 05:03:38 | OEM record c0 | 00cd3a | 0feb70520000
 327 | 05/04/2021 | 05:03:39 | OEM record c0 | 00cd3a | 0feb70620000
 328 | 05/04/2021 | 05:04:22 | OEM record c0 | 00cd3a | 0feb70820000
 329 | 05/04/2021 | 05:04:22 | System Firmwares #0xe4 | System boot initiated | Asserted
 32a | 05/04/2021 | 06:08:49 | System ACPI Power State #0x7a | S5/G2: soft-off | Asserted
 32b | 05/04/2021 | 06:08:49 | System ACPI Power State #0x8a | S5/G2: soft-off | Asserted
 32c | 05/04/2021 | 06:09:29 | System ACPI Power State #0x7a | S0/G0: working | Asserted
 32d | 05/04/2021 | 06:09:29 | System ACPI Power State #0x8a | S0/G0: working | Asserted
 32e | 05/04/2021 | 06:09:30 | OEM record c0 | 00cd3a | 0feb70020000
 32f | 05/04/2021 | 06:09:31 | OEM record c0 | 00cd3a | 0feb70120000
 330 | 05/04/2021 | 06:09:49 | OEM record c0 | 00cd3a | 0feb70220000
 331 | 05/04/2021 | 06:09:50 | OEM record c0 | 00cd3a | 0feb70320000
 332 | 05/04/2021 | 06:09:52 | OEM record c0 | 00cd3a | 0feb70520000
 333 | 05/04/2021 | 06:09:53 | OEM record c0 | 00cd3a | 0feb70620000
 334 | 05/04/2021 | 06:10:35 | OEM record c0 | 00cd3a | 0feb70820000
 335 | 05/04/2021 | 06:10:35 | System Firmwares #0xe4 | System boot initiated | Asserted
 336 | 05/04/2021 | 06:27:46 | System ACPI Power State #0x7a | S5/G2: soft-off | Asserted
 337 | 05/04/2021 | 06:27:46 | System ACPI Power State #0x8a | S5/G2: soft-off | Asserted
 338 | 05/04/2021 | 06:28:27 | System ACPI Power State #0x7a | S0/G0: working | Asserted
 339 | 05/04/2021 | 06:28:27 | System ACPI Power State #0x8a | S0/G0: working | Asserted
 33a | 05/04/2021 | 06:28:28 | OEM record c0 | 00cd3a | 0feb70020000
 33b | 05/04/2021 | 06:28:29 | OEM record c0 | 00cd3a | 0feb70120000
 33c | 05/04/2021 | 06:28:30 | Voltage #0x75 | Lower Non-recoverable going low  | Asserted
 33d | 05/04/2021 | 06:28:30 | Voltage #0x76 | Lower Non-recoverable going low  | Asserted
 33e | 05/04/2021 | 06:28:30 | Voltage #0x85 | Lower Non-recoverable going low  | Asserted
 33f | 05/04/2021 | 06:28:30 | Voltage #0x86 | Lower Non-recoverable going low  | Asserted
 340 | 05/04/2021 | 06:28:47 | OEM record c0 | 00cd3a | 0feb70220000
 341 | 05/04/2021 | 06:28:48 | OEM record c0 | 00cd3a | 0feb70320000
 342 | 05/04/2021 | 06:28:50 | OEM record c0 | 00cd3a | 0feb70520000
 343 | 05/04/2021 | 06:28:51 | OEM record c0 | 00cd3a | 0feb70620000
 344 | 05/04/2021 | 06:29:34 | OEM record c0 | 00cd3a | 0feb70820000
 345 | 05/04/2021 | 06:29:34 | System Firmwares #0xe4 | System boot initiated | Asserted
 346 | 05/04/2021 | 06:46:39 | System ACPI Power State #0x7a | S5/G2: soft-off | Asserted
 347 | 05/04/2021 | 06:46:39 | System ACPI Power State #0x8a | S5/G2: soft-off | Asserted
 348 | 05/04/2021 | 06:47:19 | System ACPI Power State #0x7a | S0/G0: working | Asserted
 349 | 05/04/2021 | 06:47:19 | System ACPI Power State #0x8a | S0/G0: working | Asserted
 34a | 05/04/2021 | 06:47:20 | OEM record c0 | 00cd3a | 0feb70020000
 34b | 05/04/2021 | 06:47:21 | Voltage #0x75 | Lower Non-recoverable going low  | Deasserted
 34c | 05/04/2021 | 06:47:21 | OEM record c0 | 00cd3a | 0feb70120000
 34d | 05/04/2021 | 06:47:21 | Voltage #0x75 | Upper Critical going high | Asserted
 34e | 05/04/2021 | 06:47:21 | Voltage #0x76 | Lower Non-recoverable going low  | Deasserted
 34f | 05/04/2021 | 06:47:21 | Voltage #0x76 | Upper Critical going high | Asserted
 350 | 05/04/2021 | 06:47:22 | Voltage #0x85 | Lower Non-recoverable going low  | Deasserted
 351 | 05/04/2021 | 06:47:22 | Voltage #0x85 | Upper Critical going high | Asserted
 352 | 05/04/2021 | 06:47:22 | Voltage #0x86 | Lower Non-recoverable going low  | Deasserted
 353 | 05/04/2021 | 06:47:22 | Voltage #0x86 | Upper Critical going high | Asserted
 354 | 05/04/2021 | 06:47:39 | OEM record c0 | 00cd3a | 0feb70220000
 355 | 05/04/2021 | 06:47:40 | OEM record c0 | 00cd3a | 0feb70320000
 356 | 05/04/2021 | 06:47:42 | OEM record c0 | 00cd3a | 0feb70520000
 357 | 05/04/2021 | 06:47:43 | OEM record c0 | 00cd3a | 0feb70620000
 358 | 05/04/2021 | 06:48:30 | OEM record c0 | 00cd3a | 0feb70820000
 359 | 05/04/2021 | 06:48:30 | System Firmwares #0xe4 | System boot initiated | Asserted
 35a | 05/04/2021 | 07:06:05 | System ACPI Power State #0x7a | S5/G2: soft-off | Asserted
 35b | 05/04/2021 | 07:06:05 | System ACPI Power State #0x8a | S5/G2: soft-off | Asserted
 35c | 05/04/2021 | 07:06:47 | System ACPI Power State #0x7a | S0/G0: working | Asserted
 35d | 05/04/2021 | 07:06:47 | System ACPI Power State #0x8a | S0/G0: working | Asserted
 35e | 05/04/2021 | 07:06:47 | OEM record c0 | 00cd3a | 0feb70020000
 35f | 05/04/2021 | 07:06:48 | OEM record c0 | 00cd3a | 0feb70120000
 360 | 05/04/2021 | 07:06:49 | Voltage #0x75 | Upper Critical going high | Deasserted
 361 | 05/04/2021 | 07:06:49 | Voltage #0x76 | Upper Critical going high | Deasserted
 362 | 05/04/2021 | 07:06:49 | Voltage #0x85 | Upper Critical going high | Deasserted
 363 | 05/04/2021 | 07:06:49 | Voltage #0x86 | Upper Critical going high | Deasserted
 364 | 05/04/2021 | 07:07:06 | OEM record c0 | 00cd3a | 0feb70220000
 365 | 05/04/2021 | 07:07:08 | OEM record c0 | 00cd3a | 0feb70320000
 366 | 05/04/2021 | 07:07:09 | OEM record c0 | 00cd3a | 0feb70520000
 367 | 05/04/2021 | 07:07:10 | OEM record c0 | 00cd3a | 0feb70620000
 368 | 05/04/2021 | 07:08:02 | OEM record c0 | 00cd3a | 0feb70820000
 369 | 05/04/2021 | 07:08:02 | System Firmwares #0xe4 | System boot initiated | Asserted
 36a | 05/04/2021 | 07:25:06 | System ACPI Power State #0x7a | S5/G2: soft-off | Asserted
 36b | 05/04/2021 | 07:25:06 | System ACPI Power State #0x8a | S5/G2: soft-off | Asserted
 36c | 05/04/2021 | 07:25:49 | System ACPI Power State #0x7a | S0/G0: working | Asserted
 36d | 05/04/2021 | 07:25:49 | System ACPI Power State #0x8a | S0/G0: working | Asserted
 36e | 05/04/2021 | 07:25:49 | OEM record c0 | 00cd3a | 0feb70020000
 36f | 05/04/2021 | 07:25:50 | OEM record c0 | 00cd3a | 0feb70120000
 370 | 05/04/2021 | 07:25:51 | Voltage #0x75 | Lower Non-recoverable going low  | Asserted
 371 | 05/04/2021 | 07:25:51 | Voltage #0x76 | Lower Non-recoverable going low  | Asserted
 372 | 05/04/2021 | 07:25:51 | Voltage #0x85 | Lower Non-recoverable going low  | Asserted
 373 | 05/04/2021 | 07:25:51 | Voltage #0x86 | Lower Non-recoverable going low  | Asserted
 374 | 05/04/2021 | 07:26:08 | OEM record c0 | 00cd3a | 0feb70220000
 375 | 05/04/2021 | 07:26:09 | OEM record c0 | 00cd3a | 0feb70320000
 376 | 05/04/2021 | 07:26:11 | OEM record c0 | 00cd3a | 0feb70520000
 377 | 05/04/2021 | 07:26:12 | OEM record c0 | 00cd3a | 0feb70620000
 378 | 05/04/2021 | 07:27:06 | OEM record c0 | 00cd3a | 0feb70820000
 379 | 05/04/2021 | 07:27:06 | System Firmwares #0xe4 | System boot initiated | Asserted
 37a | 05/04/2021 | 07:43:56 | System ACPI Power State #0x7a | S5/G2: soft-off | Asserted
 37b | 05/04/2021 | 07:43:56 | System ACPI Power State #0x8a | S5/G2: soft-off | Asserted
 37c | 05/04/2021 | 07:44:36 | System ACPI Power State #0x7a | S0/G0: working | Asserted
 37d | 05/04/2021 | 07:44:36 | System ACPI Power State #0x8a | S0/G0: working | Asserted
 37e | 05/04/2021 | 07:44:36 | OEM record c0 | 00cd3a | 0feb70020000
 37f | 05/04/2021 | 07:44:37 | OEM record c0 | 00cd3a | 0feb70120000
 380 | 05/04/2021 | 07:44:42 | Voltage #0x75 | Lower Non-recoverable going low  | Deasserted
 381 | 05/04/2021 | 07:44:42 | Voltage #0x75 | Upper Critical going high | Asserted
 382 | 05/04/2021 | 07:44:42 | Voltage #0x76 | Lower Non-recoverable going low  | Deasserted
 383 | 05/04/2021 | 07:44:42 | Voltage #0x76 | Upper Critical going high | Asserted
 384 | 05/04/2021 | 07:44:42 | Voltage #0x85 | Lower Non-recoverable going low  | Deasserted
 385 | 05/04/2021 | 07:44:42 | Voltage #0x85 | Upper Critical going high | Asserted
 386 | 05/04/2021 | 07:44:42 | Voltage #0x86 | Lower Non-recoverable going low  | Deasserted
 387 | 05/04/2021 | 07:44:42 | Voltage #0x86 | Upper Critical going high | Asserted
 388 | 05/04/2021 | 07:44:56 | OEM record c0 | 00cd3a | 0feb70220000
 389 | 05/04/2021 | 07:44:57 | OEM record c0 | 00cd3a | 0feb70320000
 38a | 05/04/2021 | 07:44:59 | OEM record c0 | 00cd3a | 0feb70520000
 38b | 05/04/2021 | 07:45:00 | OEM record c0 | 00cd3a | 0feb70620000
 38c | 05/04/2021 | 07:45:55 | OEM record c0 | 00cd3a | 0feb70820000
 38d | 05/04/2021 | 07:45:55 | System Firmwares #0xe4 | System boot initiated | Asserted
 38e | 05/04/2021 | 08:03:27 | System ACPI Power State #0x7a | S5/G2: soft-off | Asserted
 38f | 05/04/2021 | 08:03:27 | System ACPI Power State #0x8a | S5/G2: soft-off | Asserted
 390 | 05/04/2021 | 08:04:08 | System ACPI Power State #0x7a | S0/G0: working | Asserted
 391 | 05/04/2021 | 08:04:08 | System ACPI Power State #0x8a | S0/G0: working | Asserted
 392 | 05/04/2021 | 08:04:08 | OEM record c0 | 00cd3a | 0feb70020000
 393 | 05/04/2021 | 08:04:09 | OEM record c0 | 00cd3a | 0feb70120000
 394 | 05/04/2021 | 08:04:14 | Voltage #0x75 | Upper Critical going high | Deasserted
 395 | 05/04/2021 | 08:04:14 | Voltage #0x76 | Upper Critical going high | Deasserted
 396 | 05/04/2021 | 08:04:14 | Voltage #0x85 | Upper Critical going high | Deasserted
 397 | 05/04/2021 | 08:04:14 | Voltage #0x86 | Upper Critical going high | Deasserted
 398 | 05/04/2021 | 08:04:27 | OEM record c0 | 00cd3a | 0feb70220000
 399 | 05/04/2021 | 08:04:28 | OEM record c0 | 00cd3a | 0feb70320000
 39a | 05/04/2021 | 08:04:32 | OEM record c0 | 00cd3a | 0feb70520000
 39b | 05/04/2021 | 08:04:32 | OEM record c0 | 00cd3a | 0feb70620000
 39c | 05/04/2021 | 08:05:18 | OEM record c0 | 00cd3a | 0feb70820000
 39d | 05/04/2021 | 08:05:18 | System Firmwares #0xe4 | System boot initiated | Asserted
 39e | 05/04/2021 | 08:22:00 | System ACPI Power State #0x7a | S5/G2: soft-off | Asserted
 39f | 05/04/2021 | 08:22:00 | System ACPI Power State #0x8a | S5/G2: soft-off | Asserted
 3a0 | 05/04/2021 | 08:22:45 | System ACPI Power State #0x7a | S0/G0: working | Asserted
 3a1 | 05/04/2021 | 08:22:45 | System ACPI Power State #0x8a | S0/G0: working | Asserted
 3a2 | 05/04/2021 | 08:22:45 | OEM record c0 | 00cd3a | 0feb70020000
 3a3 | 05/04/2021 | 08:22:46 | OEM record c0 | 00cd3a | 0feb70120000
 3a4 | 05/04/2021 | 08:22:50 | Voltage #0x75 | Lower Non-recoverable going low  | Asserted
 3a5 | 05/04/2021 | 08:22:50 | Voltage #0x76 | Lower Non-recoverable going low  | Asserted
 3a6 | 05/04/2021 | 08:22:50 | Voltage #0x85 | Lower Non-recoverable going low  | Asserted
 3a7 | 05/04/2021 | 08:22:50 | Voltage #0x86 | Lower Non-recoverable going low  | Asserted
 3a8 | 05/04/2021 | 08:23:03 | OEM record c0 | 00cd3a | 0feb70220000
 3a9 | 05/04/2021 | 08:23:04 | OEM record c0 | 00cd3a | 0feb70320000
 3aa | 05/04/2021 | 08:23:06 | OEM record c0 | 00cd3a | 0feb70520000
 3ab | 05/04/2021 | 08:23:07 | OEM record c0 | 00cd3a | 0feb70620000
 3ac | 05/04/2021 | 08:24:01 | OEM record c0 | 00cd3a | 0feb70820000
 3ad | 05/04/2021 | 08:24:01 | System Firmwares #0xe4 | System boot initiated | Asserted
 3ae | 05/04/2021 | 08:41:10 | System ACPI Power State #0x7a | S5/G2: soft-off | Asserted
 3af | 05/04/2021 | 08:41:10 | System ACPI Power State #0x8a | S5/G2: soft-off | Asserted
 3b0 | 05/04/2021 | 08:41:53 | System ACPI Power State #0x7a | S0/G0: working | Asserted
 3b1 | 05/04/2021 | 08:41:54 | System ACPI Power State #0x8a | S0/G0: working | Asserted
 3b2 | 05/04/2021 | 08:41:55 | OEM record c0 | 00cd3a | 0feb70020000
 3b3 | 05/04/2021 | 08:41:55 | Voltage #0x75 | Lower Non-recoverable going low  | Deasserted
 3b4 | 05/04/2021 | 08:41:55 | Voltage #0x75 | Upper Critical going high | Asserted
 3b5 | 05/04/2021 | 08:41:55 | Voltage #0x76 | Lower Non-recoverable going low  | Deasserted
 3b6 | 05/04/2021 | 08:41:55 | Voltage #0x76 | Upper Critical going high | Asserted
 3b7 | 05/04/2021 | 08:41:55 | OEM record c0 | 00cd3a | 0feb70120000
 3b8 | 05/04/2021 | 08:41:56 | Voltage #0x85 | Lower Non-recoverable going low  | Deasserted
 3b9 | 05/04/2021 | 08:41:56 | Voltage #0x85 | Upper Critical going high | Asserted
 3ba | 05/04/2021 | 08:41:56 | Voltage #0x86 | Lower Non-recoverable going low  | Deasserted
 3bb | 05/04/2021 | 08:41:56 | Voltage #0x86 | Upper Critical going high | Asserted
 3bc | 05/04/2021 | 08:42:13 | OEM record c0 | 00cd3a | 0feb70220000
 3bd | 05/04/2021 | 08:42:14 | OEM record c0 | 00cd3a | 0feb70320000
 3be | 05/04/2021 | 08:42:16 | OEM record c0 | 00cd3a | 0feb70520000
 3bf | 05/04/2021 | 08:42:17 | OEM record c0 | 00cd3a | 0feb70620000
 3c0 | 05/04/2021 | 08:43:14 | OEM record c0 | 00cd3a | 0feb70820000
 3c1 | 05/04/2021 | 08:43:14 | System Firmwares #0xe4 | System boot initiated | Asserted
 3c2 | 05/05/2021 | 01:24:57 | System ACPI Power State #0x7a | S5/G2: soft-off | Asserted
 3c3 | 05/05/2021 | 01:24:57 | System ACPI Power State #0x8a | S5/G2: soft-off | Asserted
 3c4 | 05/05/2021 | 01:26:29 | System ACPI Power State #0x7a | S0/G0: working | Asserted
 3c5 | 05/05/2021 | 01:26:29 | System ACPI Power State #0x8a | S0/G0: working | Asserted
 3c6 | 05/05/2021 | 01:26:30 | OEM record c0 | 00cd3a | 0feb70020000
 3c7 | 05/05/2021 | 01:26:31 | OEM record c0 | 00cd3a | 0feb70120000
 3c8 | 05/05/2021 | 01:26:49 | OEM record c0 | 00cd3a | 0feb70220000
 3c9 | 05/05/2021 | 01:26:50 | OEM record c0 | 00cd3a | 0feb70320000
 3ca | 05/05/2021 | 01:26:52 | OEM record c0 | 00cd3a | 0feb70520000
 3cb | 05/05/2021 | 01:26:53 | OEM record c0 | 00cd3a | 0feb70620000
 3cc | 05/05/2021 | 01:27:49 | OEM record c0 | 00cd3a | 0feb70820000
 3cd | 05/05/2021 | 01:27:49 | System Firmwares #0xe4 | System boot initiated | Asserted
 3ce | 05/05/2021 | 01:46:56 | System ACPI Power State #0x7a | S5/G2: soft-off | Asserted
 3cf | 05/05/2021 | 01:46:56 | System ACPI Power State #0x8a | S5/G2: soft-off | Asserted
 3d0 | 05/05/2021 | 01:47:53 | System ACPI Power State #0x7a | S0/G0: working | Asserted
 3d1 | 05/05/2021 | 01:47:53 | System ACPI Power State #0x8a | S0/G0: working | Asserted
 3d2 | 05/05/2021 | 01:47:54 | OEM record c0 | 00cd3a | 0feb70020000
 3d3 | 05/05/2021 | 01:47:55 | OEM record c0 | 00cd3a | 0feb70120000
 3d4 | 05/05/2021 | 01:48:13 | OEM record c0 | 00cd3a | 0feb70220000
 3d5 | 05/05/2021 | 01:48:14 | OEM record c0 | 00cd3a | 0feb70320000
 3d6 | 05/05/2021 | 01:48:16 | OEM record c0 | 00cd3a | 0feb70520000
 3d7 | 05/05/2021 | 01:48:17 | OEM record c0 | 00cd3a | 0feb70620000
 3d8 | 05/05/2021 | 01:49:01 | OEM record c0 | 00cd3a | 0feb70820000
 3d9 | 05/05/2021 | 01:49:01 | System Firmwares #0xe4 | System boot initiated | Asserted
 3da | 05/05/2021 | 01:49:23 | System ACPI Power State #0x7a | S5/G2: soft-off | Asserted
 3db | 05/05/2021 | 01:49:23 | System ACPI Power State #0x8a | S5/G2: soft-off | Asserted
 3dc | 05/05/2021 | 01:50:21 | System ACPI Power State #0x7a | S0/G0: working | Asserted
 3dd | 05/05/2021 | 01:50:21 | System ACPI Power State #0x8a | S0/G0: working | Asserted
 3de | 05/05/2021 | 01:50:22 | OEM record c0 | 00cd3a | 0feb70020000
 3df | 05/05/2021 | 01:50:23 | OEM record c0 | 00cd3a | 0feb70120000
 3e0 | 05/05/2021 | 01:50:41 | OEM record c0 | 00cd3a | 0feb70220000
 3e1 | 05/05/2021 | 01:50:42 | OEM record c0 | 00cd3a | 0feb70320000
 3e2 | 05/05/2021 | 01:50:44 | OEM record c0 | 00cd3a | 0feb70520000
 3e3 | 05/05/2021 | 01:50:45 | OEM record c0 | 00cd3a | 0feb70620000
 3e4 | 05/05/2021 | 01:51:30 | OEM record c0 | 00cd3a | 0feb70820000
 3e5 | 05/05/2021 | 01:51:30 | System Firmwares #0xe4 | System boot initiated | Asserted
 3e6 | 05/05/2021 | 01:52:22 | System ACPI Power State #0x7a | S5/G2: soft-off | Asserted
 3e7 | 05/05/2021 | 01:52:22 | System ACPI Power State #0x8a | S5/G2: soft-off | Asserted
[1039315.803791] ttyUSB4' AD0JU57O
[804974.374740] ttyUSB12' FTBZ7CEX
[796927.482771] ttyUSB13' AD0JUNRA
[783273.747501] ttyUSB10' AH072U9K
[783269.079716] ttyUSB1' AB0JI8KO
[783264.595438] ttyUSB0' AB0KUEM7
[435055.522872] ttyUSB6' AD0K9J3A
[280929.159767] ttyUSB14' FTEZFHVX
[   16.121466] ttyUSB11' AC019YQ9
[   16.118965] ttyUSB9' FTEZFKX8
[   16.117715] ttyUSB8' AC01X49Y
[   16.116480] ttyUSB7' AC01X41Z
[   16.113971] ttyUSB5' AB0JI8KK
[   16.111359] ttyUSB3' AM00F4ES
[   16.110036] ttyUSB2' AC019YQK