Bootlogo: Show BMC IP Addr 10.38.15.14
Init telemetry success
[496 : 548 INFO]BOOTFW VERSION: 2.02.20210401

[ 6026.384715] I2C0: Resetting the controller
Init telemetry success
Starting to Read Current PostCode buffer...
No Post Codes ...
Stopping Bootlogo Daemon.
Bootlogo: Switch to VGA
[ 6073.119788] UsbConfigureHS(): USB Device 0 is running in High Speed
[ 6073.126104] UsbConfigureHS(): USB Device 1 is running in High Speed
[ 6073.132377] UsbConfigureHS(): USB Device 2 is running in High Speed
[ 6073.138662] UsbConfigureLS(): USB Device 3 is running in Low Speed
[ 6073.249798] HUB port 0 reset
[ 6073.252768] UsbConfigureHS(): USB Device 0 is running in High Speed
[ 6073.318303] HUB port 1 reset
[ 6073.321270] UsbConfigureHS(): USB Device 1 is running in High Speed
[ 6073.386931] HUB port 2 reset
[ 6073.389924] UsbConfigureHS(): USB Device 2 is running in High Speed
[ 6073.456438] HUB port 3 reset
[ 6073.459449] UsbConfigureLS(): USB Device 3 is running in Low Speed
[ 6086.138942] **************REMOTE_NDIS_RESET_MSG ???**************
[ 6086.147318] **************REMOTE_NDIS_HALT_MSG ???**************
[ 6086.166699] **************REMOTE_NDIS_HALT_MSG ???**************
[ 6086.193820] **************REMOTE_NDIS_RESET_MSG ???**************
[ 6086.202198] **************REMOTE_NDIS_HALT_MSG ???**************
[496 : 536 CRITICAL][nwcfg.c:6370]No data while scanning /proc/net/arp 

[496 : 536 CRITICAL][nwcfg.c:6402]No default entry in gateway info.

[ 6110.015181] **************REMOTE_NDIS_HALT_MSG ???**************
[ 6153.435191] UsbConfigureHS(): USB Device 0 is running in High Speed
[ 6153.441500] UsbConfigureHS(): USB Device 1 is running in High Speed
[ 6153.447773] UsbConfigureHS(): USB Device 2 is running in High Speed
[ 6153.454058] UsbConfigureLS(): USB Device 3 is running in Low Speed
[ 6153.764847] HUB port 0 reset
[ 6153.767818] UsbConfigureHS(): USB Device 0 is running in High Speed
[ 6153.885468] HUB port 0 reset
[ 6153.888433] UsbConfigureHS(): USB Device 0 is running in High Speed
[ 6154.069489] HUB port 1 reset
[ 6154.072463] UsbConfigureHS(): USB Device 1 is running in High Speed
[ 6154.182992] HUB port 1 reset
[ 6154.185958] UsbConfigureHS(): USB Device 1 is running in High Speed
[ 6154.373004] HUB port 2 reset
[ 6154.375996] UsbConfigureHS(): USB Device 2 is running in High Speed
[ 6154.487484] HUB port 2 reset
[ 6154.490475] UsbConfigureHS(): USB Device 2 is running in High Speed
[ 6154.679773] HUB port 3 reset
[ 6154.682785] UsbConfigureLS(): USB Device 3 is running in Low Speed
[ 6154.804032] HUB port 3 reset
[ 6154.807048] UsbConfigureLS(): USB Device 3 is running in Low Speed
[ 6165.051366] ProcessStandardRequest(): WARNING : Unsupported Request. EP Stalled
[ 6165.058719] ProcessStandardRequest(): WARNING : bmRequestType: 0x1 bmRequest: 0xb
PDK LPC Reset is invoked
Restarting Bootlogo Daemon.
