search_board_type Mt.Jade
./sshpass -p amcc1234 ssh -o StrictHostKeyChecking=no -t amcclab@10.38.15.173 'ipmitool -H 10.38.15.14 -U ADMIN -P ADMIN  sel list'
Pseudo-terminal will not be allocated because stdin is not a terminal.
   1 | 04/29/2021 | 04:34:26 | Event Logging Disabled #0xdd | Log area reset/cleared | Asserted
   2 | 04/29/2021 | 05:09:37 | System ACPI Power State #0x7a | S5/G2: soft-off | Asserted
   3 | 04/29/2021 | 05:09:37 | System ACPI Power State #0x8a | S5/G2: soft-off | Asserted
   4 | 04/29/2021 | 05:10:11 | OEM record c0 | 00cd3a | ca907101ffff
   5 | 04/29/2021 | 05:10:11 | OEM record c0 | 00cd3a | cbe57001ffff
   6 | 04/29/2021 | 05:10:11 | System ACPI Power State #0x7a | S0/G0: working | Asserted
   7 | 04/29/2021 | 05:10:11 | System ACPI Power State #0x8a | S0/G0: working | Asserted
   8 | 04/29/2021 | 05:10:12 | OEM record c0 | 00cd3a | 0feb70020000
   9 | 04/29/2021 | 05:10:12 | OEM record c0 | 00cd3a | ca8f7101ffff
   a | 04/29/2021 | 05:10:12 | OEM record c0 | 00cd3a | ca90f101ffff
   b | 04/29/2021 | 05:10:13 | OEM record c0 | 00cd3a | 0feb70120000
   c | 04/29/2021 | 05:10:13 | OEM record c0 | 00cd3a | ca8ff101ffff
   d | 04/29/2021 | 05:10:46 | OEM record c0 | 00cd3a | 0feb70220000
   e | 04/29/2021 | 05:10:47 | OEM record c0 | 00cd3a | 0feb70320000
   f | 04/29/2021 | 05:10:49 | OEM record c0 | 00cd3a | 0feb70520000
  10 | 04/29/2021 | 05:10:50 | OEM record c0 | 00cd3a | 0feb70620000
  11 | 04/29/2021 | 05:11:26 | OEM record c0 | 00cd3a | 0feb70820000
  12 | 04/29/2021 | 05:11:26 | System Firmwares #0xe4 | System boot initiated | Asserted
  13 | 04/29/2021 | 05:14:36 | System ACPI Power State #0x7a | S5/G2: soft-off | Asserted
  14 | 04/29/2021 | 05:14:36 | System ACPI Power State #0x8a | S5/G2: soft-off | Asserted
  15 | 04/29/2021 | 05:15:11 | OEM record c0 | 00cd3a | cbe57001ffff
  16 | 04/29/2021 | 05:15:11 | OEM record c0 | 00cd3a | ca8f7101ffff
  17 | 04/29/2021 | 05:15:11 | System ACPI Power State #0x7a | S0/G0: working | Asserted
  18 | 04/29/2021 | 05:15:11 | System ACPI Power State #0x8a | S0/G0: working | Asserted
  19 | 04/29/2021 | 05:15:11 | OEM record c0 | 00cd3a | ca907101ffff
  1a | 04/29/2021 | 05:15:12 | OEM record c0 | 00cd3a | 0feb70020000
  1b | 04/29/2021 | 05:15:12 | OEM record c0 | 00cd3a | ca8ff101ffff
  1c | 04/29/2021 | 05:15:12 | OEM record c0 | 00cd3a | ca90f101ffff
  1d | 04/29/2021 | 05:15:13 | OEM record c0 | 00cd3a | 0feb70120000
  1e | 04/29/2021 | 05:15:45 | OEM record c0 | 00cd3a | 0feb70220000
  1f | 04/29/2021 | 05:15:46 | OEM record c0 | 00cd3a | 0feb70320000
  20 | 04/29/2021 | 05:15:48 | OEM record c0 | 00cd3a | 0feb70520000
  21 | 04/29/2021 | 05:15:49 | OEM record c0 | 00cd3a | 0feb70620000
  22 | 04/29/2021 | 05:16:25 | OEM record c0 | 00cd3a | 0feb70820000
  23 | 04/29/2021 | 05:16:25 | System Firmwares #0xe4 | System boot initiated | Asserted
  24 | 04/29/2021 | 05:16:58 | System ACPI Power State #0x7a | S5/G2: soft-off | Asserted
  25 | 04/29/2021 | 05:16:58 | System ACPI Power State #0x8a | S5/G2: soft-off | Asserted
  26 | 04/29/2021 | 05:17:32 | OEM record c0 | 00cd3a | ca907101ffff
  27 | 04/29/2021 | 05:17:33 | System ACPI Power State #0x7a | S0/G0: working | Asserted
  28 | 04/29/2021 | 05:17:33 | OEM record c0 | 00cd3a | cbe57001ffff
  29 | 04/29/2021 | 05:17:33 | System ACPI Power State #0x8a | S0/G0: working | Asserted
  2a | 04/29/2021 | 05:17:33 | OEM record c0 | 00cd3a | 0feb70020000
  2b | 04/29/2021 | 05:17:33 | OEM record c0 | 00cd3a | ca8f7101ffff
  2c | 04/29/2021 | 05:17:33 | OEM record c0 | 00cd3a | ca90f101ffff
  2d | 04/29/2021 | 05:17:34 | OEM record c0 | 00cd3a | 0feb70120000
  2e | 04/29/2021 | 05:17:34 | OEM record c0 | 00cd3a | ca8ff101ffff
  2f | 04/29/2021 | 05:18:07 | OEM record c0 | 00cd3a | 0feb70220000
  30 | 04/29/2021 | 05:18:08 | OEM record c0 | 00cd3a | 0feb70320000
  31 | 04/29/2021 | 05:18:10 | OEM record c0 | 00cd3a | 0feb70520000
  32 | 04/29/2021 | 05:18:11 | OEM record c0 | 00cd3a | 0feb70620000
  33 | 04/29/2021 | 05:18:47 | OEM record c0 | 00cd3a | 0feb70820000
  34 | 04/29/2021 | 05:18:47 | System Firmwares #0xe4 | System boot initiated | Asserted
  35 | 04/29/2021 | 05:52:32 | System ACPI Power State #0x7a | S5/G2: soft-off | Asserted
  36 | 04/29/2021 | 05:52:32 | System ACPI Power State #0x8a | S5/G2: soft-off | Asserted
  37 | 04/29/2021 | 05:53:08 | OEM record c0 | 00cd3a | ca907101ffff
  38 | 04/29/2021 | 05:53:08 | OEM record c0 | 00cd3a | cbe57001ffff
  39 | 04/29/2021 | 05:53:08 | System ACPI Power State #0x7a | S0/G0: working | Asserted
  3a | 04/29/2021 | 05:53:08 | System ACPI Power State #0x8a | S0/G0: working | Asserted
  3b | 04/29/2021 | 05:53:09 | OEM record c0 | 00cd3a | 0feb70020000
  3c | 04/29/2021 | 05:53:09 | OEM record c0 | 00cd3a | ca8f7101ffff
  3d | 04/29/2021 | 05:53:09 | OEM record c0 | 00cd3a | ca90f101ffff
  3e | 04/29/2021 | 05:53:10 | OEM record c0 | 00cd3a | 0feb70120000
  3f | 04/29/2021 | 05:53:10 | OEM record c0 | 00cd3a | ca8ff101ffff
  40 | 04/29/2021 | 05:53:43 | OEM record c0 | 00cd3a | 0feb70220000
  41 | 04/29/2021 | 05:53:44 | OEM record c0 | 00cd3a | 0feb70320000
  42 | 04/29/2021 | 05:53:46 | OEM record c0 | 00cd3a | 0feb70520000
  43 | 04/29/2021 | 05:53:47 | OEM record c0 | 00cd3a | 0feb70620000
  44 | 04/29/2021 | 05:54:13 | OEM record c0 | 00cd3a | 0feb70820000
  45 | 04/29/2021 | 05:54:13 | System Firmwares #0xe4 | System boot initiated | Asserted
  46 | 04/29/2021 | 06:27:49 | System ACPI Power State #0x7a | S5/G2: soft-off | Asserted
  47 | 04/29/2021 | 06:27:49 | System ACPI Power State #0x8a | S5/G2: soft-off | Asserted