hostuser root
hostpass root
search_board_type Mt.Snow
Pseudo-terminal will not be allocated because stdin is not a terminal.
   1 | 04/01/2021 | 20:19:29 | Event Logging Disabled #0xe1 | Log area reset/cleared | Asserted
   2 | 04/01/2021 | 20:20:04 | System Event | OEM System boot event | Asserted
   3 | 04/01/2021 | 20:20:13 | OS Boot #0x22 | boot completed - device not specified | Asserted
   4 | 04/01/2021 | 20:41:48 | Power Unit #0xff | Power off/down | Asserted
   5 | 04/01/2021 | 20:47:36 | OEM record c1 | 000000 | 06980a260d66
   6 | 04/01/2021 | 20:47:42 | OEM record c1 | 000000 | 06980a260d66
   7 | 04/01/2021 | 20:47:48 | OEM record c1 | 000000 | 06980a260d66
   8 | 04/01/2021 | 20:48:09 | OEM record c1 | 000000 | 06980a260d66
   9 | 04/01/2021 | 20:49:21 | System Event | Timestamp Clock Sync | Asserted
   a | 04/01/2021 | 20:49:21 | System Event #0xff | Timestamp Clock Sync | Asserted
   b | 04/26/2021 | 07:50:15 | System Event #0xff | Timestamp Clock Sync | Asserted
   c | 04/26/2021 | 07:50:16 | System Event | Timestamp Clock Sync | Asserted
   d | 04/26/2021 | 07:51:04 | System Event | OEM System boot event | Asserted
   e | 04/26/2021 | 07:51:13 | OS Boot #0x22 | boot completed - device not specified | Asserted
   f | 04/26/2021 | 07:52:18 | Power Unit #0xff | Power off/down | Asserted
  10 | 04/26/2021 | 07:52:40 | OEM record c1 | 000000 | 06980a260d66
  11 | 04/26/2021 | 07:52:46 | OEM record c1 | 000000 | 06980a260d66
  12 | 04/26/2021 | 07:52:53 | OEM record c1 | 000000 | 06980a260d66
  13 | 04/26/2021 | 07:53:13 | OEM record c1 | 000000 | 06980a260d66
  14 | 04/26/2021 | 07:54:24 | System Event | OEM System boot event | Asserted
  15 | 04/26/2021 | 07:54:34 | OS Boot #0x22 | boot completed - device not specified | Asserted
  16 | 04/26/2021 | 07:55:39 | Power Unit #0xff | Power off/down | Asserted
  17 | 04/26/2021 | 07:57:18 | OEM record c1 | 000000 | 06980a260d66
  18 | 04/26/2021 | 07:57:24 | OEM record c1 | 000000 | 06980a260d66
  19 | 04/26/2021 | 07:57:29 | OEM record c1 | 000000 | 06980a260d66
  1a | 04/26/2021 | 07:57:46 | OEM record c1 | 000000 | 06980a260d66
  1b | 04/26/2021 | 07:58:56 | System Event | OEM System boot event | Asserted
  1c | 04/26/2021 | 07:59:06 | OS Boot #0x22 | boot completed - device not specified | Asserted
  1d | 04/26/2021 | 08:00:07 | Power Unit #0xff | Power off/down | Asserted
  1e | 04/26/2021 | 08:00:25 | OEM record c1 | 000000 | 06980a260d66
  1f | 04/26/2021 | 08:00:33 | OEM record c1 | 000000 | 06980a260d66
  20 | 04/26/2021 | 08:00:40 | OEM record c1 | 000000 | 06980a260d66
  21 | 04/26/2021 | 08:00:58 | OEM record c1 | 000000 | 06980a260d66
  22 | 04/26/2021 | 08:02:12 | System Event | OEM System boot event | Asserted
  23 | 04/26/2021 | 08:02:22 | OS Boot #0x22 | boot completed - device not specified | Asserted