Starting to Read Current PostCode buffer...
No Post Codes ...
Init telemetry success
[789 : 884 INFO]BOOTFW VERSION: 1.05.20210426

[397388.860000] I2C0: Resetting the controller
PDK LPC Reset is invoked
Init telemetry success
[789 : 889 INFO]Signal Sent Successfully to UART Logging application

[3079 : 3079 INFO]INFO: Received Signal 14 from IPMI Stack 

[3079 : 3079 INFO]START mirroring/logging...

[3079 : 3079 INFO]INFO: Setting the Attributes for the UART...

[3079 : 31192 INFO]Recv Thread: Starting the thread to mirror data from /dev/ttyS3 to /dev/ttyS3

[3079 : 31191 INFO]Send Thread: Starting the thread to mirror data from /dev/ttyS3 to /dev/ttyS3

Closing Serial SOL Port
[789 : 896 INFO]Signal Sent Successfully to UART Logging application

[3079 : 3079 INFO]INFO: Received Signal 14 from IPMI Stack 

[3079 : 3079 INFO]START mirroring/logging...

[3079 : 3079 INFO]INFO: Setting the Attributes for the UART...

Closing Serial SOL Port
[789 : 892 INFO]Signal Sent Successfully to UART Logging application

[3079 : 3079 INFO]INFO: Received Signal 14 from IPMI Stack 

[3079 : 3079 INFO]START mirroring/logging...

[3079 : 3079 INFO]INFO: Setting the Attributes for the UART...

Closing Serial SOL Port
[789 : 889 INFO]Signal USR1 Sent Successfully to UART Logging application

[3079 : 3079 INFO]INFO: Received Signal 10 from IPMI Stack 

[3079 : 3079 INFO]STOP mirroring/logging...

[789 : 896 INFO]Signal USR1 Sent Successfully to UART Logging application

[3079 : 3079 INFO]INFO: Received Signal 10 from IPMI Stack 

[3079 : 3079 INFO]STOP mirroring/logging...

[789 : 892 INFO]Signal USR1 Sent Successfully to UART Logging application

[3079 : 3079 INFO]INFO: Received Signal 10 from IPMI Stack 

[3079 : 3079 INFO]STOP mirroring/logging...

Killed
logout
Connection to 10.38.175.31 closed.
