NOTICE:  DRAM FW version 210312
CP: 0ff00900
MEMC param:
  mcu_enable_mask = 00000001 [default: 000000ff]
  bg_scrub = 00000000 [default: 000005a0]
MCU param:
  ecc_en = 00000000 [default: 00000001]
CP: 1ff00900
MEMC param:
  mcu_enable_mask = 00000001 [default: 000000ff]
  bg_scrub = 00000000 [default: 000005a0]
DRAM populated DIMMs:
  SK0 MC0 S0: RDIMM[ce:80] 16GB 3200 ECC 1R x4 RCD[32:86] M393A2K40DB3-CWE    
  SK1 MC0 S0: RDIMM[ce:80] 16GB 3200 ECC 1R x4 RCD[32:86] M393A2K40DB3-CWE    
CP: 3ff00100
CP: 3ff00200
CP: 00f01902
CP: 10f01902
CP: 0ff00a00
CP: 0ff00b01
CP: 00f01901
CP: 00f01904
CP: 00f02901
CP: 00f01905
CP: 00f02902
CP: 00f02903
CP: 00f02904
CP: 00f01907
CP: 00f01906
CP: 00f01908
CP: 00f01909
CP: 0ff00b02
CP: 0ff00c00
CP: 1ff00a00
CP: 1ff00b01
CP: 10f01901
CP: 10f01904
CP: 10f02901
CP: 10f01905
CP: 10f02902
CP: 10f02903
CP: 10f02904
CP: 10f01907
CP: 10f01906
CP: 10f01908
CP: 10f01909
CP: 1ff00b02
CP: 1ff00c00
CP: 3ff00300
CP: 00001a02
CP: 00001a03
CP: 00001a04
CP: 00001a05
CP: 10001a02
CP: 10001a03
CP: 10001a04
CP: 10001a05
CP: 00f01a07
CP: 00001a09
CP: 10f01a07
CP: 10001a09
CP: 00001a0a
CP: 10001a0a
CP: 00001a0b
CP: 00001a0c
CP: 10001a0b
CP: 00001a0c
CP: 10001a0c
CP: 10001a0c
CP: 3ff00400
CP: 0ff01000
CP: 1ff01000
CP: 0ff01101
CP: 1ff01101
CP: 0ff01200
CP: 1ff01200
CP: 3ff00800
DRAM memory regions:
  Node[0] Region[0]: 0x000080000000 - 0x0000bfffffff 
  Node[0] Region[1]: 0x080000000000 - 0x08007fffffff 
  Node[0] Region[2]: 0x0800c0000000 - 0x0803ffffffff 
  Node[1] Region[3]: 0x0000c0000000 - 0x0000ffffffff 
  Node[1] Region[4]: 0x400000000000 - 0x4000bfffffff 
  Node[1] Region[5]: 0x400100000000 - 0x4003ffffffff 
DRAM: 32GB DDR4 3200 NO ECC
Checkpoint 2F
Checkpoint 2E
Checkpoint 31
Checkpoint 32
UEFI RC version: Master
SCP FW version    : 1.5
SCP FW build date : 20210422
Failsafe status                 : 0
Reset status                    : 3
CPU info
    CPU ID                      : 413FD0C1
    CPU Clock                   : 2800 MHz
    Number of active sockets    : 2
    Number of active cores      : 160
    Inter Socket Connection 0   : Width: x16 / Speed 16 GT/s
    Inter Socket Connection 1   : Width: x16 / Speed 16 GT/s
    Socket[0]: Core voltage     : 960
    Socket[0]: SCU ProductID    : A00001
    Socket[0]: Max cores        : 80
    Socket[0]: Warranty         : 0
    Socket[0]: Subnuma          : 0
    Socket[0]: RC disable mask  : 3
    Socket[0]: AVS enabled      : 1
    Socket[0]: AVS voltage      : 1000
    Socket[1]: Core voltage     : 960
    Socket[1]: SCU ProductID    : A00001
    Socket[1]: Max cores        : 80
    Socket[1]: Warranty         : 0
    Socket[1]: Subnuma          : 0
    Socket[1]: RC disable mask  : 3
    Socket[1]: AVS enabled      : 1
    Socket[1]: AVS voltage      : 1000
SOC info
    DDR Frequency               : 3200 MHz
    Socket[0]: Soc voltage      : 750
    Socket[0]: DIMM1 voltage    : 1200
    Socket[0]: DIMM2 voltage    : 1200
    Socket[1]: Soc voltage      : 750
    Socket[1]: DIMM1 voltage    : 1200
    Socket[1]: DIMM2 voltage    : 1200
    PCP Clock                   : 1350 MHz
    SOC Clock                   : 2000 MHz
    SYS Clock                   : 400 MHz
    AHB Clock                   : 200 MHz
Manufacturer Configuration Setting:
    4000: 0x0 (0)
    4070: 0x1 (1)
    4100: 0x0 (0)
    4108: 0x0 (0)
    4110: 0x1 (1)
    4118: 0x1 (1)
    4120: 0xFF (255)
    4128: 0xFF (255)
    4130: 0x4 (4)
    4138: 0x1 (1)
    4140: 0xFFFFFFB0 (-80)
    4148: 0x50 (80)
    4150: 0x4 (4)
    4158: 0x0 (0)
    4160: 0x1 (1)
    4168: 0x4 (4)
    4170: 0xC0000000 (-1073741824)
    4178: 0x800 (2048)
    4180: 0x4000000 (67108864)
User Configuration Setting:
    8000: 0xFFFFFFFF (-1)
    8008: 0xFFFFFFFF (-1)
    8010: 0xFFFFFFFF (-1)
    8018: 0xFFFFFFFF (-1)
    8038: 0xC80 (3200)
    8040: 0x0 (0)
    8048: 0x0 (0)
    80C8: 0x1 (1)
    8148: 0x0 (0)
    81C8: 0x0 (0)
    81D0: 0x0 (0)
Board Configuration Setting:
    C000: 0xCD3A (52538)
    C008: 0x0 (0)
    C010: 0x0 (0)
    C018: 0x0 (0)
    C020: 0xFFFF (65535)
    C028: 0xFFFF (65535)
    C030: 0x80E8 (33000)
    C038: 0x80E8 (33000)
    C040: 0x2710 (10000)
    C048: 0x2710 (10000)
    C050: 0x0 (0)
    C058: 0x190 (400)
    C060: 0x190 (400)
    C068: 0x190 (400)
    C070: 0x190 (400)
    C078: 0x190 (400)
    C080: 0xFFFFFF01 (-255)
    C088: 0x0 (0)
    C090: 0x0 (0)
    C098: 0x4 (4)
    C0A0: 0x4 (4)
    C0A8: 0x20002 (131074)
    C0B0: 0x20002 (131074)
    C0B8: 0x20002 (131074)
    C0C0: 0x20002 (131074)
    C0C8: 0x20002 (131074)
    C0D0: 0x3 (3)
    C0D8: 0x3 (3)
    C0E0: 0x20002 (131074)
    C0E8: 0x0 (0)
    C0F0: 0x0 (0)
    C0F8: 0x2020202 (33686018)
    C100: 0x30003 (196611)
    C108: 0x3 (3)
    C110: 0x20002 (131074)
    C118: 0x20002 (131074)
    C120: 0x3 (3)
    C128: 0x20002 (131074)
    C130: 0x20002 (131074)
    C138: 0x20002 (131074)
    C140: 0x20002 (131074)
    C148: 0x1 (1)
    C150: 0x2 (2)
    C158: 0x3 (3)
    C160: 0x4 (4)
    C168: 0xFFFFFFFF (-1)
    C170: 0xFFFFFFFE (-2)
    C178: 0xFFFFFFFD (-3)
    C180: 0x0 (0)
    C188: 0x0 (0)
    C190: 0x0 (0)
    C198: 0x0 (0)
    C1A0: 0x0 (0)
    C1A8: 0x0 (0)
    C1B0: 0x2 (2)
    C1B8: 0xC80 (3200)
    C1C0: 0x20000 (131072)
    C1C8: 0x20000 (131072)
    C1D0: 0xFF060177 (-16383625)
    C1D8: 0xFF060177 (-16383625)
    C1E0: 0x60070 (393328)
    C1E8: 0x60070 (393328)
    C1F0: 0x0 (0)
    C1F8: 0x0 (0)
    C200: 0x0 (0)
    C208: 0x0 (0)
    C210: 0xC0CCC (789708)
    C218: 0xC0CCC (789708)
    C220: 0x30333 (197427)
    C228: 0x30333 (197427)
    C230: 0x30333 (197427)
    C238: 0x30333 (197427)
    C240: 0x30333 (197427)
    C248: 0x30333 (197427)
    C250: 0xEDEED (974573)
    C258: 0xDEDDE (912862)
    C260: 0xB7BB7 (752567)
    C268: 0x7B77B (505723)
    C270: 0x5 (5)
    C278: 0x90DD90 (9493904)
    C280: 0x5 (5)
    C288: 0x90DD90 (9493904)
    C290: 0x5 (5)
    C298: 0x90DD90 (9493904)
    C2A0: 0x5 (5)
    C2A8: 0x90DD90 (9493904)
    C2B0: 0x24 (36)
    C2B8: 0x1A (26)
    C2C0: 0x50 (80)
    C2C8: 0x20 (32)
    C2D0: 0x2800280 (41943680)
    C2D8: 0x90909090 (-1869574000)
    C2E0: 0x0 (0)
    C2E8: 0xC000C0 (12583104)
    C2F0: 0x0 (0)
    C2F8: 0x0 (0)
    C300: 0x0 (0)
    C308: 0x0 (0)
    C310: 0x2010201 (33620481)
    C318: 0x0 (0)
    C320: 0x0 (0)
    C328: 0x0 (0)
    C330: 0x1050106 (17105158)
    C338: 0x5F4 (1524)
    C340: 0x0 (0)
    C348: 0x0 (0)
    C350: 0x2020202 (33686018)
    C358: 0x2020202 (33686018)
    C360: 0x2020202 (33686018)
    C368: 0x2020202 (33686018)
    C370: 0x0 (0)
    C378: 0x0 (0)
    C380: 0x0 (0)
    C388: 0x0 (0)
    C390: 0x0 (0)
    C398: 0x0 (0)
    C3A0: 0x0 (0)
    C3A8: 0x0 (0)
    C3B0: 0x0 (0)
    C3B8: 0x0 (0)
    C3C0: 0x0 (0)
    C3C8: 0x0 (0)
    C3D0: 0x0 (0)
    C3D8: 0x0 (0)
    C3E0: 0x0 (0)
    C3E8: 0x0 (0)
    C3F0: 0x57575757 (1465341783)
    C3F8: 0x57575757 (1465341783)
    C400: 0x57575757 (1465341783)
    C408: 0x57575757 (1465341783)
    C410: 0x57575757 (1465341783)
    C418: 0x57575757 (1465341783)
    C420: 0x57575757 (1465341783)
    C428: 0x57575757 (1465341783)
    C430: 0x57575757 (1465341783)
    C438: 0x57575757 (1465341783)
    C440: 0x57575757 (1465341783)
    C448: 0x57575757 (1465341783)
    C450: 0x57575757 (1465341783)
    C458: 0x57575757 (1465341783)
    C460: 0x57575757 (1465341783)
    C468: 0x57575757 (1465341783)
    C470: 0x0 (0)
    C478: 0x2020202 (33686018)
    C480: 0x2020202 (33686018)
    C488: 0x2020202 (33686018)
    C490: 0x2020202 (33686018)
    C498: 0x0 (0)
    C4A0: 0x0 (0)
    C4A8: 0x0 (0)
    C4B0: 0x0 (0)
    C4B8: 0x0 (0)
    C4C0: 0x0 (0)
    C4C8: 0x0 (0)
    C4D0: 0x0 (0)
    C4D8: 0x0 (0)
    C4E0: 0x0 (0)
    C4E8: 0x0 (0)
    C4F0: 0x0 (0)
    C4F8: 0x0 (0)
    C500: 0x0 (0)
    C508: 0x57575757 (1465341783)
    C510: 0x57575757 (1465341783)
    C518: 0x57575757 (1465341783)
    C520: 0x57575757 (1465341783)
    C528: 0x57575757 (1465341783)
    C530: 0x57575757 (1465341783)
    C538: 0x57575757 (1465341783)
    C540: 0x57575757 (1465341783)
    C548: 0x57575757 (1465341783)
    C550: 0x57575757 (1465341783)
    C558: 0x57575757 (1465341783)
    C560: 0x57575757 (1465341783)
    C568: 0x57575757 (1465341783)
    C570: 0x57575757 (1465341783)
    C578: 0x3 (3)
    C580: 0x1A4 (420)
    C588: 0x0 (0)
    C590: 0x18000 (98304)
    C598: 0x80018000 (-2147385344)
    C5A0: 0x0 (0)
    C5A8: 0x0 (0)
    C5B0: 0x0 (0)
    C5B8: 0x0 (0)
    C5C0: 0x0 (0)
    C5C8: 0x0 (0)
    C5D0: 0x0 (0)
    C5D8: 0x0 (0)
    C5E0: 0x550055 (5570645)
    C5E8: 0x64 (100)
    C5F0: 0x5 (5)
    C5F8: 0x1 (1)
    C600: 0x2 (2)
    C608: 0x5 (5)
    C610: 0x0 (0)
    C618: 0x0 (0)
    C620: 0x0 (0)
    C628: 0x0 (0)
    C630: 0x0 (0)
    C638: 0x0 (0)
Checkpoint 4F
Checkpoint 60
Checkpoint 61
Checkpoint 9A
Checkpoint 90
Checkpoint 91
Checkpoint 92
Checkpoint 94
Checkpoint 94
Checkpoint 95
Checkpoint 96
Checkpoint 94
Checkpoint 94
Checkpoint 95
Checkpoint 96
Checkpoint 94
Checkpoint 94
Checkpoint 94
Checkpoint 94
Checkpoint 94
Checkpoint 95
Checkpoint 96
Checkpoint 94
Checkpoint 94
Checkpoint 94
Checkpoint 94
Checkpoint 94
Checkpoint 95
Checkpoint 96
Checkpoint 94
Checkpoint 94
Checkpoint 94
Checkpoint 94
Checkpoint 95
Checkpoint 96
Checkpoint 94
Checkpoint 94
Checkpoint 94
Checkpoint 95
Checkpoint 96
Checkpoint 94
Checkpoint 94
Checkpoint 94
Checkpoint 95
Checkpoint 96
Checkpoint 94
Checkpoint 94
Checkpoint 94
Checkpoint 94
Checkpoint 95
Checkpoint 96
Checkpoint 94
Checkpoint 94
Checkpoint 94
Checkpoint 94
Checkpoint 95
Checkpoint 96
Checkpoint 94
Checkpoint 94
Checkpoint 94
Checkpoint 94
Checkpoint 94
Checkpoint 95
Checkpoint 96
Checkpoint 94
Checkpoint 94
Checkpoint 94
Checkpoint 94
Checkpoint 94
Checkpoint 95
Checkpoint 96
Checkpoint 92
Checkpoint 92
Checkpoint 92
Checkpoint 92
Checkpoint 92
Checkpoint 92
Checkpoint 92
Checkpoint 92
Checkpoint 92
Checkpoint 92
Checkpoint 91
Checkpoint 92
Checkpoint 92
Checkpoint 92
Checkpoint 92
Checkpoint 92
Checkpoint 92
Checkpoint 92
Checkpoint 92
Checkpoint 92
Checkpoint 92
Checkpoint 92
Checkpoint 97
[2J[1;1H[1;1H[25;78H98[1;1HCheckpoint 98
[25;78H92[1;1HCheckpoint 92
[25;78H92[1;1HCheckpoint 92
[25;78HA0[1;1HCheckpoint A0
[25;78H92[1;1HCheckpoint 92
[25;78H92[1;1HCheckpoint 92
[25;78H92[1;1HCheckpoint 92
[25;78H92[1;1HCheckpoint 92
[25;78H92[1;1HCheckpoint 92
[25;78H92[1;1HCheckpoint 92
[25;78H92[1;1HCheckpoint 92
[25;78H92[1;1HCheckpoint 92
[25;78H92[1;1HCheckpoint 92
[0;37;40m[2J[1;1H[1;1H[1;1HVersion 2.21.1280. Copyright (C) 2021 AMI                                       [2;1HBIOS Date: 2021/04/22 17:15:46 Ver: 0ACOI 1.5.20210422                          [3;1H                                                                                [4;1H                                                                                [5;1H                                                                                [6;1H                                                                                [7;1H                                                                                [8;1H                                                                                [9;1H                                                                                [10;1H                                                                                [11;1H                                                                                [12;1H                                                                                [13;1H                                                                                [14;1H                                                                                [15;1H                                                                                [16;1H                                                                                [17;1H                                                                                [18;1H                                                                                [19;1H                                                                                [20;1H                                                                                [21;1H                                                                                [22;1H                                                                                [23;1H                                                                                [24;1H                                                                                [25;1H                                                                               [3;1H[3;1HEVALUATION COPY.[4;1H[4;1HPress <DEL> or <ESC> to enter setup.Checkpoint AD
