Closing Serial SOL Port
[769 : 878 INFO]Signal USR1 Sent Successfully to UART Logging application

[3316 : 3316 INFO]INFO: Received Signal 10 from IPMI Stack 

[3316 : 3316 INFO]STOP mirroring/logging...

[769 : 886 INFO]Signal USR1 Sent Successfully to UART Logging application

[3316 : 3316 INFO]INFO: Received Signal 10 from IPMI Stack 

[3316 : 3316 INFO]STOP mirroring/logging...

[769 : 883 INFO]Signal USR1 Sent Successfully to UART Logging application

[3316 : 3316 INFO]INFO: Received Signal 10 from IPMI Stack 

[3316 : 3316 INFO]STOP mirroring/logging...

[769 : 875 INFO]Signal USR1 Sent Successfully to UART Logging application

[3316 : 3316 INFO]INFO: Received Signal 10 from IPMI Stack 

[3316 : 3316 INFO]STOP mirroring/logging...

Starting to Read Current PostCode buffer...
No Post Codes ...
Init telemetry success
[769 : 873 INFO]BOOTFW VERSION: 1.05.20210422

[ 6083.940000] I2C0: Resetting the controller
Init telemetry success
Couldn't watch /conf/: No such file or directory
cat: read error: Invalid argument
IFACEname : eth0
IFACEname : eth1
Delete the /conf/upnp/desc.tmpl for upnp restart
