<div class='w3-container '><p>./linux_test.py --start_test 0 --hostip 10.38.172.2 --hostuser root --hostpass root --bmcip 10.38.172.51 --board Mt.Jade --scp_fw cfg/scp_fw/altra_scp_signed_1.04.20210326.hpm --atfbios_fw cfg/atfbios_fw/jade_aptiov_atf_signed_1.04.20210326.hpm --test_cfg memtester_300.cfg --wait 0 --sys_log logs/37/Mt.Jade_37_210421_135943.log --test_cfg memtester_300.cfg --nv_scan SI_PLT_EN[0],SI_DDR_ECC_MODE[1],SI_DDR_ZQCS_EN[1],SI_DDR_SCRUB_EN[0x000005a0]  </p></div>
exec_cmd ./xconsole.py --cmd 0 --hostuser root --bmcip 10.38.172.51 --board Mt.Jade --debug 0 --hostpass root --hostip 10.38.172.2


[795060.518308] ttyUSB15' AD0K8YXF
[795055.398535] ttyUSB14' AD0K8YY7
[795048.749962] ttyUSB13' AD0K8YXU
[792950.508806] ttyUSB12' FTDBIMR1
[791698.280043] ttyUSB1' FTBELRP0
[788546.901077] ttyUSB11' AD0K8YY4
[788540.501197] ttyUSB8' AD0K8KF3
[788533.581139] ttyUSB7' AD0K8YYB
[782355.642588] ttyUSB6' AD0K99AT
[777769.620585] ttyUSB10' AD0K9J3K
[777757.940384] ttyUSB5' AB0KUEMT
[777750.679301] ttyUSB4' AD0K8YXP
[760956.946947] ttyUSB3' FTBQZF1O
[698277.608500] ttyUSB2' FTEZFKQR
[676695.120014] ttyUSB0' FTBZED1L
[75470.996882] ttyUSB9' FTEZFHCC
Program cfg/scp_fw/altra_scp_signed_1.04.20210326.hpm ... 
exec_cmd ./xconsole.py --scp_fw cfg/scp_fw/altra_scp_signed_1.04.20210326.hpm --hostip 10.38.172.2 --hostuser root --bmcip 10.38.172.51 --board Mt.Jade --debug 0 --hostpass root


update_fw cfg/scp_fw/altra_scp_signed_1.04.20210326.hpm fw_type scp
check_firmware_upgrade 0
[795060.518308] ttyUSB15' AD0K8YXF
[795055.398535] ttyUSB14' AD0K8YY7
[795048.749962] ttyUSB13' AD0K8YXU
[792950.508806] ttyUSB12' FTDBIMR1
[791698.280043] ttyUSB1' FTBELRP0
[788546.901077] ttyUSB11' AD0K8YY4
[788540.501197] ttyUSB8' AD0K8KF3
[788533.581139] ttyUSB7' AD0K8YYB
[782355.642588] ttyUSB6' AD0K99AT
[777769.620585] ttyUSB10' AD0K9J3K
[777757.940384] ttyUSB5' AB0KUEMT
[777750.679301] ttyUSB4' AD0K8YXP
[760956.946947] ttyUSB3' FTBQZF1O
[698277.608500] ttyUSB2' FTEZFKQR
[676695.120014] ttyUSB0' FTBZED1L
[75470.996882] ttyUSB9' FTEZFHCC
Program cfg/atfbios_fw/jade_aptiov_atf_signed_1.04.20210326.hpm ... 
exec_cmd ./xconsole.py --hostip 10.38.172.2 --atfbios_fw cfg/atfbios_fw/jade_aptiov_atf_signed_1.04.20210326.hpm --hostuser root --bmcip 10.38.172.51 --board Mt.Jade --debug 0 --hostpass root


update_fw cfg/atfbios_fw/jade_aptiov_atf_signed_1.04.20210326.hpm fw_type bios
check_firmware_upgrade 0
[795060.518308] ttyUSB15' AD0K8YXF
[795055.398535] ttyUSB14' AD0K8YY7
[795048.749962] ttyUSB13' AD0K8YXU
[792950.508806] ttyUSB12' FTDBIMR1
[791698.280043] ttyUSB1' FTBELRP0
[788546.901077] ttyUSB11' AD0K8YY4
[788540.501197] ttyUSB8' AD0K8KF3
[788533.581139] ttyUSB7' AD0K8YYB
[782355.642588] ttyUSB6' AD0K99AT
[777769.620585] ttyUSB10' AD0K9J3K
[777757.940384] ttyUSB5' AB0KUEMT
[777750.679301] ttyUSB4' AD0K8YXP
[760956.946947] ttyUSB3' FTBQZF1O
[698277.608500] ttyUSB2' FTEZFKQR
[676695.120014] ttyUSB0' FTBZED1L
[75470.996882] ttyUSB9' FTEZFHCC




exec_cmd ./xconsole.py --hostuser root --bmcip 10.38.172.51 --board Mt.Jade --set_nvparm [SI_DDR_SCRUB_EN:1146944:0x5A0][SI_DDR_ZQCS_EN:1147208:0x1][SI_DDR_ECC_MODE:1146952:0x1][SI_PLT_EN:1130752:0x0] --debug 0 --hostpass root --hostip 10.38.172.2
<div class='w3-container '><p>./linux_test.py --start_test 1 --linux_script ./memtest_launcher_v12.sh --time 1800 --loop 10 --hostip 10.38.172.2 --hostuser root --hostpass root --bmcip 10.38.172.51 --board Mt.Jade --scp_fw cfg/scp_fw/altra_scp_signed_1.04.20210326.hpm --atfbios_fw cfg/atfbios_fw/jade_aptiov_atf_signed_1.04.20210326.hpm --test_cfg memtester_300.cfg --wait 0 --sys_log logs/37/Mt.Jade_37_210421_135943.log --test_cfg memtester_300.cfg   </p></div>
exec_cmd ./xconsole.py --cmd 0 --hostuser root --bmcip 10.38.172.51 --board Mt.Jade --debug 0 --hostpass root --hostip 10.38.172.2


[795060.518308] ttyUSB15' AD0K8YXF
[795055.398535] ttyUSB14' AD0K8YY7
[795048.749962] ttyUSB13' AD0K8YXU
[792950.508806] ttyUSB12' FTDBIMR1
[791698.280043] ttyUSB1' FTBELRP0
[788546.901077] ttyUSB11' AD0K8YY4
[788540.501197] ttyUSB8' AD0K8KF3
[788533.581139] ttyUSB7' AD0K8YYB
[782355.642588] ttyUSB6' AD0K99AT
[777769.620585] ttyUSB10' AD0K9J3K
[777757.940384] ttyUSB5' AB0KUEMT
[777750.679301] ttyUSB4' AD0K8YXP
[760956.946947] ttyUSB3' FTBQZF1O
[698277.608500] ttyUSB2' FTEZFKQR
[676695.120014] ttyUSB0' FTBZED1L
[75470.996882] ttyUSB9' FTEZFHCC
Program cfg/scp_fw/altra_scp_signed_1.04.20210326.hpm ... 
exec_cmd ./xconsole.py --scp_fw cfg/scp_fw/altra_scp_signed_1.04.20210326.hpm --hostip 10.38.172.2 --hostuser root --bmcip 10.38.172.51 --board Mt.Jade --debug 0 --hostpass root


update_fw cfg/scp_fw/altra_scp_signed_1.04.20210326.hpm fw_type scp
check_firmware_upgrade 0
[795060.518308] ttyUSB15' AD0K8YXF
[795055.398535] ttyUSB14' AD0K8YY7
[795048.749962] ttyUSB13' AD0K8YXU
[792950.508806] ttyUSB12' FTDBIMR1
[791698.280043] ttyUSB1' FTBELRP0
[788546.901077] ttyUSB11' AD0K8YY4
[788540.501197] ttyUSB8' AD0K8KF3
[788533.581139] ttyUSB7' AD0K8YYB
[782355.642588] ttyUSB6' AD0K99AT
[777769.620585] ttyUSB10' AD0K9J3K
[777757.940384] ttyUSB5' AB0KUEMT
[777750.679301] ttyUSB4' AD0K8YXP
[760956.946947] ttyUSB3' FTBQZF1O
[698277.608500] ttyUSB2' FTEZFKQR
[676695.120014] ttyUSB0' FTBZED1L
[75470.996882] ttyUSB9' FTEZFHCC
Program cfg/atfbios_fw/jade_aptiov_atf_signed_1.04.20210326.hpm ... 
exec_cmd ./xconsole.py --hostip 10.38.172.2 --atfbios_fw cfg/atfbios_fw/jade_aptiov_atf_signed_1.04.20210326.hpm --hostuser root --bmcip 10.38.172.51 --board Mt.Jade --debug 0 --hostpass root


update_fw cfg/atfbios_fw/jade_aptiov_atf_signed_1.04.20210326.hpm fw_type bios
check_firmware_upgrade 0
[795060.518308] ttyUSB15' AD0K8YXF
[795055.398535] ttyUSB14' AD0K8YY7
[795048.749962] ttyUSB13' AD0K8YXU
[792950.508806] ttyUSB12' FTDBIMR1
[791698.280043] ttyUSB1' FTBELRP0
[788546.901077] ttyUSB11' AD0K8YY4
[788540.501197] ttyUSB8' AD0K8KF3
[788533.581139] ttyUSB7' AD0K8YYB
[782355.642588] ttyUSB6' AD0K99AT
[777769.620585] ttyUSB10' AD0K9J3K
[777757.940384] ttyUSB5' AB0KUEMT
[777750.679301] ttyUSB4' AD0K8YXP
[760956.946947] ttyUSB3' FTBQZF1O
[698277.608500] ttyUSB2' FTEZFKQR
[676695.120014] ttyUSB0' FTBZED1L
[75470.996882] ttyUSB9' FTEZFHCC




CHASSIS POWER OFF
exec_cmd ./xconsole.py --cmd off --hostuser root --bmcip 10.38.172.51 --board Mt.Jade --debug 0 --hostpass root --hostip 10.38.172.2
./xconsole.py --tty 2 --log logs/37/Mt.Jade_37_210421_135943/Mt.Jade_memtester_300.cfg_at_1_210421_140332s0cli.log --hostip 10.38.172.2 --hostuser root --note s0cli --bmcip 10.38.172.51 --board Mt.Jade --debug 0 --hostpass root
./xconsole.py --tty 4 --log logs/37/Mt.Jade_37_210421_135943/Mt.Jade_memtester_300.cfg_at_1_210421_140332s1cli.log --hostip 10.38.172.2 --hostuser root --note s1cli --bmcip 10.38.172.51 --board Mt.Jade --debug 0 --hostpass root
./xconsole.py --tty 3 --log logs/37/Mt.Jade_37_210421_135943/Mt.Jade_memtester_300.cfg_at_1_210421_140332atf.log --hostip 10.38.172.2 --hostuser root --note atf --bmcip 10.38.172.51 --board Mt.Jade --debug 0 --hostpass root
./xconsole.py --tty 1 --log logs/37/Mt.Jade_37_210421_135943/Mt.Jade_memtester_300.cfg_at_1_210421_140332uefi.log --hostip 10.38.172.2 --hostuser root --note uefi --bmcip 10.38.172.51 --board Mt.Jade --debug 0 --hostpass root
<div class='w3-container '><p><a href='/logs/37/Mt.Jade_37_210421_135943/Mt.Jade_memtester_300.cfg_at_1_210421_140332.txt'>CHASSIS POWER ON[210421_140332]</a></p></div>
exec_cmd ./xconsole.py --cmd on --hostuser root --bmcip 10.38.172.51 --board Mt.Jade --debug 0 --hostpass root --hostip 10.38.172.2
<div class='w3-container '><p>__INFO__: dimm_type_16xDIMM_16GB_18ASF2G72PDZ-2G6E1</p></div>
|_send root
|_send root
|_send cd /var/tmp
[210421_140557]Start ./memtest_launcher_v12.sh
|_send ./memtest_launcher_v12.sh 1800
./memtest_launcher_v12.sh break re=[No such file or directory]
[210421_140559]End ./memtest_launcher_v12.sh in 2 sec
<div class='w3-container  w3-text-blue w3-text-red'><p>__STATUS__:  loop[1] TEST_FAIL[No such file or directory] PASS[0/10]CLI[0]</p></div>
CHASSIS POWER OFF
exec_cmd ./xconsole.py --cmd off --hostuser root --bmcip 10.38.172.51 --board Mt.Jade --debug 0 --hostpass root --hostip 10.38.172.2
CHASSIS POWER OFF[210421_140603]
Traceback (most recent call last):
  File "./xconsole.py", line 799, in <module>
    re = BMCoff()
  File "./xconsole.py", line 185, in BMCoff
    re = ipmitool_exec("chassis power off")
  File "./xconsole.py", line 144, in ipmitool_exec
    cmd = "%s %s" %(ipmitool(args.bmcip),cmd)
  File "./xconsole.py", line 135, in ipmitool
    search_board_type()
  File "./xconsole.py", line 602, in search_board_type
    if args.scanip != "" or args.bmcip =="" or args.is_search_board == 1:
AttributeError: 'Namespace' object has no attribute 'is_search_board'
exec_cmd ./xconsole.py --cmd off --hostuser root --bmcip 10.38.172.51 --board Mt.Jade --debug 0 --hostpass root --hostip 10.38.172.2
CHASSIS POWER OFF[210421_140603]
Traceback (most recent call last):
  File "./xconsole.py", line 799, in <module>
    re = BMCoff()
  File "./xconsole.py", line 185, in BMCoff
    re = ipmitool_exec("chassis power off")
  File "./xconsole.py", line 144, in ipmitool_exec
    cmd = "%s %s" %(ipmitool(args.bmcip),cmd)
  File "./xconsole.py", line 135, in ipmitool
    search_board_type()
  File "./xconsole.py", line 602, in search_board_type
    if args.scanip != "" or args.bmcip =="" or args.is_search_board == 1:
AttributeError: 'Namespace' object has no attribute 'is_search_board'
retry 2
__ERROR__: exec_cmd ./xconsole.py --cmd off --hostuser root --bmcip 10.38.172.51 --board Mt.Jade --debug 0 --hostpass root --hostip 10.38.172.2
