search_board_type Mt.Jade
Setting large buffer to 32767
FRU Device Description : Builtin FRU Device (ID 0)
 Chassis Type          : Rack Mount Chassis
 Chassis Part Number   : XXX.XXXXX.XXXX
 Chassis Serial        : XXXXXXXXXXXX
 Board Mfg Date        : Mon Dec 30 02:19:00 2019
 Board Mfg             : WIWYNN
 Board Product         : Mt.Jade Motherboard
 Board Serial          : B8103010002500900023J0LA
 Board Part Number     : B81.03010.0025
 Board Extra           : 70:E2:84:86:76:B8
 Product Manufacturer  : WIWYNN
 Product Name          : Mt.Jade Server System
 Product Part Number   : B81.03001.0005
 Product Version       : EVT2
 Product Serial        : B8103001000501200042N0SA
 Product Extra         : XXXXXXXX-XXXX-XXXX-XXXX-XXXXXXXXXXXX

Connection to 10.38.172.2 closed.
Setting large buffer to 32767
Device ID                 : 32
Device Revision           : 1
Firmware Revision         : 1.04
IPMI Version              : 2.0
Manufacturer ID           : 52538
Manufacturer Name         : Unknown (0xCD3A)
Product ID                : 130 (0x0082)
Product Name              : Unknown (0x82)
Device Available          : yes
Provides Device SDRs      : yes
Additional Device Support :
    Sensor Device
    SDR Repository Device
    SEL Device
    FRU Inventory Device
    IPMB Event Receiver
    IPMB Event Generator
    Chassis Device
Aux Firmware Rev Info     : 
    0xd1
    0x34
    0x03
    0x00
Connection to 10.38.172.2 closed.search_board_type Mt.Jade
Setting large buffer to 32767
FRU Device Description : Builtin FRU Device (ID 0)
 Chassis Type          : Rack Mount Chassis
 Chassis Part Number   : XXX.XXXXX.XXXX
 Chassis Serial        : XXXXXXXXXXXX
 Board Mfg Date        : Mon Dec 30 02:19:00 2019
 Board Mfg             : WIWYNN
 Board Product         : Mt.Jade Motherboard
 Board Serial          : B8103010002500900023J0LA
 Board Part Number     : B81.03010.0025
 Board Extra           : 70:E2:84:86:76:B8
 Product Manufacturer  : WIWYNN
 Product Name          : Mt.Jade Server System
 Product Part Number   : B81.03001.0005
 Product Version       : EVT2
 Product Serial        : B8103001000501200042N0SA
 Product Extra         : XXXXXXXX-XXXX-XXXX-XXXX-XXXXXXXXXXXX

Connection to 10.38.172.2 closed.
Setting large buffer to 32767
Device ID                 : 32
Device Revision           : 1
Firmware Revision         : 1.04
IPMI Version              : 2.0
Manufacturer ID           : 52538
Manufacturer Name         : Unknown (0xCD3A)
Product ID                : 130 (0x0082)
Product Name              : Unknown (0x82)
Device Available          : yes
Provides Device SDRs      : yes
Additional Device Support :
    Sensor Device
    SDR Repository Device
    SEL Device
    FRU Inventory Device
    IPMB Event Receiver
    IPMB Event Generator
    Chassis Device
Aux Firmware Rev Info     : 
    0xd1
    0x34
    0x03
    0x00
Connection to 10.38.172.2 closed.